"","Correct_model_perc_eucledian","Correct_model_perc_mahalanovis","Null_model_perc_eucledian","Null_model_perc_mahalanovis","Percentage_difference_eucledian","Percentage_difference_mahalanovis"
"1",0,0,99,99,99,99
"2",0,0,99,99,99,99
"3",0,1,99,99,99,98
"4",0.5,0,99,99,98.5,99
"5",4,30,99,99,95,69
"6",6.5,1.5,99.5,99.5,93,98
"7",8.5,7.5,98.5,98.5,90,91
"8",5.5,2,98.5,98.5,93,96.5
"9",0,0,98.5,98.5,98.5,98.5
"10",0.5,4,99.5,99.5,99,95.5
"11",0,0.5,99,99,99,98.5
"12",22.5,12,100,100,77.5,88
"13",0.5,4.5,99.5,99.5,99,95
"14",0,3,99.5,99.5,99.5,96.5
"15",0,0,98.5,98.5,98.5,98.5
"16",0,3,98,98,98,95
"17",0,0,99,99,99,99
"18",1,1.5,98.5,98.5,97.5,97
"19",6,2,99.5,99.5,93.5,97.5
"20",0,4.5,99,99,99,94.5
"21",0,0,100,100,100,100
"22",0,0,99,99,99,99
"23",0,1,99,99,99,98
"24",0,0,99,99,99,99
"25",0.5,0,98,98,97.5,98
"26",0,0,98.5,98.5,98.5,98.5
"27",0,8.5,98,98,98,89.5
"28",1.5,3,99,99,97.5,96
"29",0,0,99,99,99,99
"30",1,0.5,98,98,97,97.5
"31",0,1.5,99,99,99,97.5
"32",0.5,1.5,99,99,98.5,97.5
"33",2.5,9.5,98.5,98.5,96,89
"34",0,0,99,99,99,99
"35",0,2,98.5,98.5,98.5,96.5
"36",0,8,99,99,99,91
"37",4,0,98.5,98.5,94.5,98.5
"38",0,1.5,99.5,99.5,99.5,98
"39",1,0,99,99,98,99
"40",0,3,98.5,98.5,98.5,95.5
"41",5.5,3,99.5,99.5,94,96.5
"42",0,0,99,99,99,99
"43",2.5,4.5,97.5,97.5,95,93
"44",19.5,0,99.5,99.5,80,99.5
"45",0,0,97.5,97.5,97.5,97.5
"46",11,0,98.5,98.5,87.5,98.5
"47",0,0,100,100,100,100
"48",12.5,7,99,99,86.5,92
"49",2.5,4,97.5,97.5,95,93.5
"50",0,5.5,98.5,98.5,98.5,93
"51",2.5,5.5,97.5,97.5,95,92
"52",0,0.5,99.5,99.5,99.5,99
"53",10.5,0,100,100,89.5,100
"54",1,0.5,100,100,99,99.5
"55",0,0,99,99,99,99
"56",1.5,9.5,98.5,98.5,97,89
"57",0,6.5,98,98,98,91.5
"58",0.5,0,99,99,98.5,99
"59",0,0,98,98,98,98
"60",1,6,100,100,99,94
"61",0.5,0,98.5,98.5,98,98.5
"62",0,0.5,99.5,99.5,99.5,99
"63",6.5,7,99.5,99.5,93,92.5
"64",0.5,5,100,100,99.5,95
"65",4,2.5,99,99,95,96.5
"66",3.5,0,98.5,98.5,95,98.5
"67",17.5,0.5,99.5,99.5,82,99
"68",0,0,99,99,99,99
"69",0,0.5,97.5,97.5,97.5,97
"70",0.5,2,98,98,97.5,96
"71",12,1,99,99,87,98
"72",0,0,99,99,99,99
"73",0,2,99,99,99,97
"74",2,0.5,100,100,98,99.5
"75",0,0,99.5,99.5,99.5,99.5
"76",0,2.5,98.5,98.5,98.5,96
"77",0,0.5,99,99,99,98.5
"78",22,21,98.5,98.5,76.5,77.5
"79",0,0,99.5,99.5,99.5,99.5
"80",14,0,99,99,85,99
"81",1.5,3.5,99.5,99.5,98,96
"82",0,4.5,96.5,96.5,96.5,92
"83",0,0.5,100,100,100,99.5
"84",14.5,0,99.5,99.5,85,99.5
"85",18,0,99,99,81,99
"86",0,1,99,99,99,98
"87",4.5,0,99.5,99.5,95,99.5
"88",4,2,98.5,98.5,94.5,96.5
"89",0.5,9.5,98,98,97.5,88.5
"90",18.5,5.5,99.5,99.5,81,94
"91",0,1.5,98,98,98,96.5
"92",0,1.5,97.5,98,97.5,96.5
"93",1,7.5,99,99,98,91.5
"94",0,0,99,99,99,99
"95",3,5,100,100,97,95
"96",0,8.5,99,99,99,90.5
"97",8.5,10,98.5,98.5,90,88.5
"98",4.5,4,99,99,94.5,95
"99",13,5,99.5,99.5,86.5,94.5
"100",0,0,100,100,100,100
"101",3,8.5,99.5,99.5,96.5,91
"102",0.5,24.5,100,100,99.5,75.5
"103",1,10.5,99.5,99.5,98.5,89
"104",0.5,0,99,99,98.5,99
"105",1,1,99.5,99.5,98.5,98.5
"106",3.5,0,99,99,95.5,99
"107",0,0,99,99,99,99
"108",0,0,99.5,99.5,99.5,99.5
"109",0,0,99,99,99,99
"110",0,2.5,96.5,97.5,96.5,95
"111",0.5,8.5,96.5,96.5,96,88
"112",0,0,98.5,98.5,98.5,98.5
"113",0,0,100,100,100,100
"114",0,0,98,98,98,98
"115",14,10.5,97.5,97.5,83.5,87
"116",0,0.5,99,99,99,98.5
"117",0,0,99,99,99,99
"118",0,0,99.5,99.5,99.5,99.5
"119",10.5,2.5,99.5,99.5,89,97
"120",3,9.5,99,99,96,89.5
"121",0,0,99,99,99,99
"122",0,0,99,99,99,99
"123",1,0,96.5,96.5,95.5,96.5
"124",0,2.5,99,99,99,96.5
"125",4.5,2.5,99,99,94.5,96.5
"126",1,3.5,98.5,98.5,97.5,95
"127",0,4.5,99,99.5,99,95
"128",0,1,99.5,99.5,99.5,98.5
"129",30.5,7.5,98,98,67.5,90.5
"130",2,1.5,98,98,96,96.5
"131",0,0,98,98,98,98
"132",0,0.5,97.5,97.5,97.5,97
"133",3,12,99.5,99.5,96.5,87.5
"134",6,29.5,98.5,98.5,92.5,69
"135",0,5,98,98,98,93
"136",0,0.5,98.5,98.5,98.5,98
"137",0,0,98,98,98,98
"138",0.5,1,97.5,97.5,97,96.5
"139",9.5,4,99.5,99.5,90,95.5
"140",0,4,98,98,98,94
"141",0,2,99.5,99.5,99.5,97.5
"142",8,10.5,98.5,98.5,90.5,88
"143",1.5,3,98,98,96.5,95
"144",0,0,99.5,99.5,99.5,99.5
"145",0,0,99,99,99,99
"146",0,0,98.5,98.5,98.5,98.5
"147",2.5,1,99,99,96.5,98
"148",1,3,97,97,96,94
"149",1.5,1,98.5,98.5,97,97.5
"150",0,0,99.5,99.5,99.5,99.5
"151",0,0.5,99.5,99.5,99.5,99
"152",11,8,99,99,88,91
"153",0,2.5,98,98,98,95.5
"154",0.5,7,99.5,99.5,99,92.5
"155",0,0.5,97,97,97,96.5
"156",0.5,1.5,99.5,99.5,99,98
"157",7.5,11,99,99,91.5,88
"158",30.5,29.5,99,99,68.5,69.5
"159",4.5,5,99.5,99.5,95,94.5
"160",1,1,97.5,97.5,96.5,96.5
"161",0,3,97,97,97,94
"162",0,0,99.5,99.5,99.5,99.5
"163",0,0.5,100,100,100,99.5
"164",0,1,98.5,98.5,98.5,97.5
"165",5.5,0,99,99,93.5,99
"166",1,3,100,100,99,97
"167",0,0,99.5,99.5,99.5,99.5
"168",0,0,98.5,98.5,98.5,98.5
"169",4.5,4,98.5,98.5,94,94.5
"170",20,0,99,99,79,99
"171",2,24.5,97.5,97,95.5,72.5
"172",0,0,98.5,98.5,98.5,98.5
"173",0,5.5,98.5,98.5,98.5,93
"174",9.5,0.5,99.5,99.5,90,99
"175",1,3.5,99,99,98,95.5
"176",0,1.5,97.5,97.5,97.5,96
"177",2,3,99,99,97,96
"178",0,0,99,99,99,99
"179",13,15,99,99,86,84
"180",1.5,0,99,99,97.5,99
"181",1.5,10,97.5,97.5,96,87.5
"182",0.5,0.5,100,100,99.5,99.5
"183",10.5,3.5,99,99,88.5,95.5
"184",0,2.5,99.5,99.5,99.5,97
"185",5,0.5,99.5,99.5,94.5,99
"186",0,1,98.5,98.5,98.5,97.5
"187",0,1.5,100,100,100,98.5
"188",4.5,0.5,99.5,99.5,95,99
"189",0,3.5,99,99,99,95.5
"190",14.5,21,98,98,83.5,77
"191",0,1.5,98.5,98.5,98.5,97
"192",0,0,99.5,99.5,99.5,99.5
"193",0,0,98,98,98,98
"194",0,0.5,98.5,98.5,98.5,98
"195",7.5,1,99,99,91.5,98
"196",2,0,98,98,96,98
"197",0.5,0,99,99,98.5,99
"198",0,2.5,98,98,98,95.5
"199",4,18.5,99.5,99.5,95.5,81
"200",1.5,0,99,99,97.5,99
"201",1.5,0,98.5,98.5,97,98.5
"202",1,0,99.5,99.5,98.5,99.5
"203",1.5,2.5,99,99,97.5,96.5
"204",3,0.5,98.5,98.5,95.5,98
"205",0,2.5,99.5,99.5,99.5,97
"206",8,0,100,100,92,100
"207",1,11,99,99,98,88
"208",0,0,100,100,100,100
"209",2,11,97,97,95,86
"210",4.5,3.5,99.5,99.5,95,96
"211",0,0,99,99,99,99
"212",11,14,98.5,98.5,87.5,84.5
"213",0.5,11,99.5,99.5,99,88.5
"214",0,0,98.5,98.5,98.5,98.5
"215",0,0,98.5,98.5,98.5,98.5
"216",0,0,100,100,100,100
"217",0,0.5,98,98,98,97.5
"218",0,0,97.5,97.5,97.5,97.5
"219",0,0,99.5,99.5,99.5,99.5
"220",0,3,98,98,98,95
"221",0.5,0,99,99,98.5,99
"222",15,4.5,100,100,85,95.5
"223",2,2,99.5,99.5,97.5,97.5
"224",0,0.5,99.5,99.5,99.5,99
"225",1.5,0.5,99,99,97.5,98.5
"226",0.5,3.5,98.5,98.5,98,95
"227",1,4.5,98.5,98.5,97.5,94
"228",14,4,99,99,85,95
"229",4,2.5,98.5,98.5,94.5,96
"230",0,0,99,99,99,99
"231",0,0,100,100,100,100
"232",1.5,0.5,98,98,96.5,97.5
"233",2,1.5,98,98,96,96.5
"234",0.5,1,98.5,98.5,98,97.5
"235",0.5,2.5,99.5,99.5,99,97
"236",0,0,98.5,98.5,98.5,98.5
"237",13.5,10.5,99,99,85.5,88.5
"238",0,0,99,99,99,99
"239",0.5,0.5,99,99,98.5,98.5
"240",1,2,98.5,98.5,97.5,96.5
"241",0,0,99.5,99.5,99.5,99.5
"242",0.5,0,99,99,98.5,99
"243",0,19,98,98,98,79
"244",5,2,98.5,98.5,93.5,96.5
"245",0,0.5,99.5,99.5,99.5,99
"246",0,7.5,97.5,97.5,97.5,90
"247",0,1,98.5,98.5,98.5,97.5
"248",0.5,0,98.5,98.5,98,98.5
"249",1,3,99,99,98,96
"250",0,0,98.5,98.5,98.5,98.5
"251",0,0,99.5,99.5,99.5,99.5
"252",0,7.5,99,99,99,91.5
"253",0,0,98.5,98.5,98.5,98.5
"254",0,0,99,99,99,99
"255",0.5,7,99,99,98.5,92
"256",0,0,99.5,99.5,99.5,99.5
"257",3,0,99,99,96,99
"258",2,4,99,99,97,95
"259",0,0,98.5,98.5,98.5,98.5
"260",11.5,10.5,99.5,99.5,88,89
"261",0,0,99,99,99,99
"262",2.5,0.5,99.5,99.5,97,99
"263",0,0,99.5,99.5,99.5,99.5
"264",0.5,0,99,99,98.5,99
"265",0,0,99,99,99,99
"266",0,0,97.5,97,97.5,97
"267",0,0,99,99,99,99
"268",0,0,99.5,99.5,99.5,99.5
"269",9,15,100,100,91,85
"270",0,0.5,100,100,100,99.5
"271",0,0,98.5,98.5,98.5,98.5
"272",0,0,98.5,98.5,98.5,98.5
"273",0,0,99.5,99.5,99.5,99.5
"274",0,0,99,99,99,99
"275",0,0,99.5,99.5,99.5,99.5
"276",0,0,98.5,98.5,98.5,98.5
"277",0,0,99.5,99.5,99.5,99.5
"278",0.5,0.5,98.5,98.5,98,98
"279",2.5,0.5,99.5,99.5,97,99
"280",0,0,99,99,99,99
"281",0.5,0,99.5,99.5,99,99.5
"282",0,0.5,99.5,99.5,99.5,99
"283",0,0,99,99,99,99
"284",2.5,0,97.5,97.5,95,97.5
"285",1.5,1.5,99,99,97.5,97.5
"286",0,0,99.5,99.5,99.5,99.5
"287",0,0,100,100,100,100
"288",0.5,0,98.5,98.5,98,98.5
"289",0,0,98.5,98.5,98.5,98.5
"290",0,16,99,99,99,83
"291",0,1,99.5,99.5,99.5,98.5
"292",0.5,0,99,99,98.5,99
"293",0,5.5,99,99,99,93.5
"294",8,0,99.5,99.5,91.5,99.5
"295",4.5,0.5,99,99,94.5,98.5
"296",0,1.5,99,99,99,97.5
"297",0,0,99.5,99.5,99.5,99.5
"298",0,0,99.5,99.5,99.5,99.5
"299",10.5,4,99.5,99.5,89,95.5
"300",3,16.5,99.5,99.5,96.5,83
"301",9,9,99,99,90,90
"302",0,0,99,99,99,99
"303",0,0,98,98,98,98
"304",3.5,0.5,99,99,95.5,98.5
"305",1,0,99.5,99.5,98.5,99.5
"306",0,0,98.5,98.5,98.5,98.5
"307",26,0,99,99,73,99
"308",19,0.5,98,98,79,97.5
"309",0.5,10,99,99,98.5,89
"310",10.5,6,100,100,89.5,94
"311",0,0,97.5,97.5,97.5,97.5
"312",0,0.5,98.5,98.5,98.5,98
"313",0,0,99,99,99,99
"314",0,0,98.5,98.5,98.5,98.5
"315",0,4,99,99,99,95
"316",0,1.5,99,99,99,97.5
"317",0,5.5,99,99,99,93.5
"318",0.5,5,95.5,95.5,95,90.5
"319",14.5,0,99,98.5,84.5,98.5
"320",0,13,98,98,98,85
"321",0,0,98,98,98,98
"322",0,1.5,99,99,99,97.5
"323",27,0,99,99,72,99
"324",1,1.5,98,98,97,96.5
"325",3.5,0,98,98,94.5,98
"326",0,1.5,99.5,99.5,99.5,98
"327",5.5,4.5,99,99,93.5,94.5
"328",0,0.5,99.5,99.5,99.5,99
"329",4,0,98.5,98.5,94.5,98.5
"330",0.5,3,98.5,98.5,98,95.5
"331",0,0,100,100,100,100
"332",0,0,99.5,99.5,99.5,99.5
"333",6.5,0,98.5,98.5,92,98.5
"334",0,0,97,97,97,97
"335",0,1,98,98,98,97
"336",0,3,99.5,99.5,99.5,96.5
"337",3.5,0,100,100,96.5,100
"338",0,0.5,99,99,99,98.5
"339",0,0,99,99,99,99
"340",0,0,99,99,99,99
"341",0,1,100,100,100,99
"342",0,2,97.5,97.5,97.5,95.5
"343",0,0,99.5,99.5,99.5,99.5
"344",0.5,0.5,98,98,97.5,97.5
"345",0,0,99.5,99.5,99.5,99.5
"346",0,0,99.5,99.5,99.5,99.5
"347",0.5,8.5,98,98,97.5,89.5
"348",0,0,99,99,99,99
"349",0,0,97.5,97.5,97.5,97.5
"350",0,0,98,98,98,98
"351",0,0,99.5,99.5,99.5,99.5
"352",0,0.5,99.5,99.5,99.5,99
"353",6,32,99.5,99.5,93.5,67.5
"354",0,0.5,99,99,99,98.5
"355",0,0.5,99.5,99.5,99.5,99
"356",0,0,99,99,99,99
"357",0,6.5,99,99,99,92.5
"358",5.5,0.5,97.5,97.5,92,97
"359",0,0,98.5,98.5,98.5,98.5
"360",6,2.5,99.5,99.5,93.5,97
"361",0,2,98.5,98.5,98.5,96.5
"362",0,0,98,98,98,98
"363",0,0,100,100,100,100
"364",0.5,4,99.5,99.5,99,95.5
"365",0.5,0,99.5,99.5,99,99.5
"366",0,0,99.5,99.5,99.5,99.5
"367",1,0,97.5,97.5,96.5,97.5
"368",1,8.5,98,98,97,89.5
"369",0,4,98,98,98,94
"370",0,2,99.5,99.5,99.5,97.5
"371",0,18,99,99,99,81
"372",13,2.5,98,98,85,95.5
"373",0,0,99.5,99.5,99.5,99.5
"374",2,12,98.5,98.5,96.5,86.5
"375",0,0,98.5,98.5,98.5,98.5
"376",0,0,97.5,97.5,97.5,97.5
"377",2,0,99,99,97,99
"378",28,0.5,98.5,98.5,70.5,98
"379",0,0,99,99,99,99
"380",3,0,99,99,96,99
"381",11,10,97.5,97.5,86.5,87.5
"382",0.5,2.5,100,100,99.5,97.5
"383",0,0,99,99,99,99
"384",1.5,0,100,100,98.5,100
"385",0.5,0,100,100,99.5,100
"386",0,0,99.5,99.5,99.5,99.5
"387",0,18,99.5,99.5,99.5,81.5
"388",0.5,0,98.5,98.5,98,98.5
"389",0.5,2,98.5,98.5,98,96.5
"390",0,16.5,98,98,98,81.5
"391",0,0,99,99,99,99
"392",0,3.5,98.5,98.5,98.5,95
"393",5.5,0,99.5,99.5,94,99.5
"394",0.5,0,99.5,99.5,99,99.5
"395",0,0.5,99,99,99,98.5
"396",0,5,99,99,99,94
"397",5.5,0,96.5,96.5,91,96.5
"398",0,1.5,99,99,99,97.5
"399",0,2,99,99,99,97
"400",0,0.5,99.5,99.5,99.5,99
"401",0,2.5,100,100,100,97.5
"402",0,0.5,99.5,99.5,99.5,99
"403",1.5,3.5,99,99,97.5,95.5
"404",0,0,99,99,99,99
"405",3,7,99,99,96,92
"406",1,0,98.5,98.5,97.5,98.5
"407",0,0,99,99,99,99
"408",7,0,99,99,92,99
"409",0,0,99.5,99.5,99.5,99.5
"410",0,0,96,95.5,96,95.5
"411",1.5,0,98.5,98.5,97,98.5
"412",0,6.5,92,92,92,85.5
"413",0,0,99.5,99.5,99.5,99.5
"414",7.5,0,99,99,91.5,99
"415",0.5,4,98.5,98.5,98,94.5
"416",18,0,99.5,99.5,81.5,99.5
"417",0,2.5,100,100,100,97.5
"418",2,4.5,100,100,98,95.5
"419",0,0,98.5,98.5,98.5,98.5
"420",4,15.5,99,99,95,83.5
"421",0,1,99,99,99,98
"422",14,0,97,97,83,97
"423",0,1,98.5,98.5,98.5,97.5
"424",0,1,97.5,97.5,97.5,96.5
"425",1,0,98.5,98.5,97.5,98.5
"426",6.5,0.5,98.5,98.5,92,98
"427",2.5,0,99.5,99.5,97,99.5
"428",0,8,99.5,99.5,99.5,91.5
"429",0,5,98.5,98.5,98.5,93.5
"430",0,0,98.5,98.5,98.5,98.5
"431",1.5,1,99,99,97.5,98
"432",6.5,1,97,97,90.5,96
"433",0,0,99,99,99,99
"434",0,1,99.5,99.5,99.5,98.5
"435",0,3,99.5,99.5,99.5,96.5
"436",10,3,99,99,89,96
"437",0,0,98,98,98,98
"438",0,2.5,98.5,98.5,98.5,96
"439",0,0.5,99.5,99.5,99.5,99
"440",0,8.5,99,99,99,90.5
"441",0,0,99.5,99.5,99.5,99.5
"442",0,0,99.5,99.5,99.5,99.5
"443",0,0,100,100,100,100
"444",1.5,0.5,99,99,97.5,98.5
"445",2.5,0,99.5,99.5,97,99.5
"446",0,0.5,99.5,99.5,99.5,99
"447",0,0,98.5,98.5,98.5,98.5
"448",6,8.5,99,99,93,90.5
"449",11.5,0,100,100,88.5,100
"450",0.5,2.5,98.5,98.5,98,96
"451",0,3.5,99,99,99,95.5
"452",3.5,4.5,99.5,99.5,96,95
"453",9.5,3,98,98,88.5,95
"454",0,0,99,99,99,99
"455",0,0,99.5,99.5,99.5,99.5
"456",0,0,100,100,100,100
"457",0,0.5,99.5,99.5,99.5,99
"458",0,1,97.5,97.5,97.5,96.5
"459",0,0,99,99,99,99
"460",6.5,4,98.5,98.5,92,94.5
"461",1.5,0,99.5,99.5,98,99.5
"462",0,0,98.5,98.5,98.5,98.5
"463",0,0,98.5,98.5,98.5,98.5
"464",0,1.5,99,99,99,97.5
"465",0,0,99,99,99,99
"466",1.5,2,98.5,98.5,97,96.5
"467",1,2.5,98,98,97,95.5
"468",0,12,97.5,97.5,97.5,85.5
"469",7,0,99.5,99.5,92.5,99.5
"470",0,0,98,98,98,98
"471",18,0,98.5,98.5,80.5,98.5
"472",4,1.5,100,100,96,98.5
"473",0,5,98.5,98.5,98.5,93.5
"474",0,0,100,100,100,100
"475",0,0,98,98,98,98
"476",0.5,2.5,98.5,98.5,98,96
"477",0.5,3,99.5,99.5,99,96.5
"478",0,0,99,99,99,99
"479",0,0,99.5,99.5,99.5,99.5
"480",0,5.5,99.5,99.5,99.5,94
"481",1,0.5,99,99,98,98.5
"482",20.5,18.5,98,98,77.5,79.5
"483",2.5,2.5,100,100,97.5,97.5
"484",0,0.5,100,100,100,99.5
"485",20.5,4,99,99,78.5,95
"486",0,2,99,99,99,97
"487",0,3.5,97.5,97.5,97.5,94
"488",0,0,98.5,98.5,98.5,98.5
"489",0,4,99,99,99,95
"490",0,0,95,95.5,95,95.5
"491",0.5,1.5,99,99,98.5,97.5
"492",0,1.5,99,99,99,97.5
"493",12.5,5,97.5,97.5,85,92.5
"494",0.5,1,99,99,98.5,98
"495",0,0,98,98,98,98
"496",0,0,99.5,99.5,99.5,99.5
"497",2.5,3.5,99,99,96.5,95.5
"498",6.5,0,98.5,98.5,92,98.5
"499",2.5,3.5,98,98,95.5,94.5
"500",0,0,98.5,98.5,98.5,98.5
"501",8.5,18.5,96,96,87.5,77.5
"502",0.5,0,99,99,98.5,99
"503",0.5,0,98,98,97.5,98
"504",0,0,99.5,99.5,99.5,99.5
"505",1,11,98,98,97,87
"506",0,0,98.5,98.5,98.5,98.5
"507",0,0,99.5,99.5,99.5,99.5
"508",1.5,0,99,99,97.5,99
"509",20,5.5,98,98,78,92.5
"510",1,0,98,98,97,98
"511",18.5,2,99.5,99.5,81,97.5
"512",8,4.5,99,99,91,94.5
"513",3,0,98,98,95,98
"514",47,3.5,96,96,49,92.5
"515",0,0.5,97.5,97.5,97.5,97
"516",0,0,99,99,99,99
"517",0.5,1.5,99.5,99.5,99,98
"518",0,0,99.5,99.5,99.5,99.5
"519",0,2,98.5,98.5,98.5,96.5
"520",0,1.5,99.5,99.5,99.5,98
"521",2,0,99.5,99.5,97.5,99.5
"522",0,0,99,99,99,99
"523",3,2.5,99,99,96,96.5
"524",4,13.5,99,99,95,85.5
"525",0,0,98.5,98.5,98.5,98.5
"526",0,1.5,97,97,97,95.5
"527",0,0,97.5,97.5,97.5,97.5
"528",0,1,98.5,98.5,98.5,97.5
"529",0,0.5,99,99,99,98.5
"530",1,0,99,99,98,99
"531",0,0,98.5,98.5,98.5,98.5
"532",2.5,1.5,97.5,97.5,95,96
"533",0,0,99,99,99,99
"534",0,0,98,98,98,98
"535",20.5,7,99.5,99.5,79,92.5
"536",8,10,99,99,91,89
"537",2,6,99.5,99.5,97.5,93.5
"538",0,0,98.5,98.5,98.5,98.5
"539",0,3,98,98,98,95
"540",2,5,99,99,97,94
"541",1,0,100,100,99,100
"542",0,0,98.5,98.5,98.5,98.5
"543",2.5,3.5,98,98,95.5,94.5
"544",0.5,0,99,99,98.5,99
"545",3.5,3.5,99.5,99.5,96,96
"546",0,0,97.5,97.5,97.5,97.5
"547",9.5,0.5,99.5,99.5,90,99
"548",0,0,98.5,98.5,98.5,98.5
"549",0.5,0.5,99.5,99.5,99,99
"550",0,0,99,99,99,99
"551",0,0.5,99,99,99,98.5
"552",14,4.5,99,99,85,94.5
"553",1.5,5,100,100,98.5,95
"554",0,0,97,97,97,97
"555",0,1,98,98,98,97
"556",3.5,4,99.5,99.5,96,95.5
"557",0.5,0,98.5,98.5,98,98.5
"558",6.5,8.5,99,99,92.5,90.5
"559",0.5,4,99,99,98.5,95
"560",1.5,12.5,99,99,97.5,86.5
"561",2.5,1.5,98.5,98.5,96,97
"562",0,0,99.5,99.5,99.5,99.5
"563",0,1,98,98,98,97
"564",8,5.5,100,100,92,94.5
"565",0,0.5,98,98,98,97.5
"566",0,0.5,99,99,99,98.5
"567",0,0,97.5,97.5,97.5,97.5
"568",0,0,100,100,100,100
"569",0,6,99,99,99,93
"570",0.5,1,97.5,97.5,97,96.5
"571",2,1.5,98.5,98.5,96.5,97
"572",0,0.5,99,99,99,98.5
"573",0.5,3,98.5,98.5,98,95.5
"574",0,2.5,98,98,98,95.5
"575",0,5.5,99,99,99,93.5
"576",0,2,99.5,99.5,99.5,97.5
"577",0,1,96.5,95.5,96.5,94.5
"578",0,0,98.5,98.5,98.5,98.5
"579",0,0,98.5,98.5,98.5,98.5
"580",0,9.5,99.5,99.5,99.5,90
"581",1,5.5,97,96.5,96,91
"582",1,12.5,97.5,97.5,96.5,85
"583",0.5,6.5,99,99,98.5,92.5
"584",0,0,98.5,98.5,98.5,98.5
"585",17.5,0,99,99,81.5,99
"586",0,0,98,98,98,98
"587",2.5,2,98,98,95.5,96
"588",7,5,98.5,98.5,91.5,93.5
"589",31.5,10.5,99,98.5,67.5,88
"590",0,0,98,98,98,98
"591",0,1,98.5,98.5,98.5,97.5
"592",2,0.5,98.5,98.5,96.5,98
"593",0,2.5,100,100,100,97.5
"594",8,1,99.5,99.5,91.5,98.5
"595",0,0,99,99,99,99
"596",0,0,97.5,97.5,97.5,97.5
"597",0,7,98.5,98.5,98.5,91.5
"598",32.5,1,98.5,98.5,66,97.5
"599",6.5,5.5,99,99,92.5,93.5
"600",1,2,99.5,99.5,98.5,97.5
"601",0,2,98.5,98.5,98.5,96.5
"602",2,0,99.5,99.5,97.5,99.5
"603",1,3,99,99,98,96
"604",1,1.5,99.5,99.5,98.5,98
"605",0,0,98.5,98.5,98.5,98.5
"606",2.5,0,99,99,96.5,99
"607",0.5,0,99.5,99.5,99,99.5
"608",0,0.5,99.5,99.5,99.5,99
"609",0,1.5,98.5,98.5,98.5,97
"610",0,1.5,98.5,98.5,98.5,97
"611",0,2.5,99,99,99,96.5
"612",0,0,98.5,98.5,98.5,98.5
"613",1.5,5,98,98,96.5,93
"614",0.5,1,99.5,99.5,99,98.5
"615",7,1,98,98,91,97
"616",0,2.5,99,99,99,96.5
"617",0,3,98,98,98,95
"618",0,0,100,100,100,100
"619",0,0,98.5,98.5,98.5,98.5
"620",1,0,99.5,99.5,98.5,99.5
"621",0,1,98.5,98.5,98.5,97.5
"622",0,0,100,100,100,100
"623",19,26,99,99,80,73
"624",0,0.5,99,99,99,98.5
"625",0,3.5,99,99,99,95.5
"626",0,0.5,99,99,99,98.5
"627",0,0,99,99,99,99
"628",0,0,98,98,98,98
"629",0,0,98.5,98.5,98.5,98.5
"630",2.5,6,100,100,97.5,94
"631",7.5,2,98.5,98.5,91,96.5
"632",3,13.5,99.5,99.5,96.5,86
"633",0,0,99.5,99.5,99.5,99.5
"634",0,0,100,100,100,100
"635",0,1,100,100,100,99
"636",0.5,2.5,99,99,98.5,96.5
"637",0,0,98,98,98,98
"638",0,0.5,99,99,99,98.5
"639",0,2,99,99,99,97
"640",14,7,98.5,98.5,84.5,91.5
"641",0,4,99,99,99,95
"642",0,3,99,99,99,96
"643",0,0,99,99,99,99
"644",0,6,98,98,98,92
"645",0,19.5,99,99,99,79.5
"646",0.5,5,98,98,97.5,93
"647",4,0,98.5,98.5,94.5,98.5
"648",0,0,99,99,99,99
"649",0,1,99,99,99,98
"650",0,1.5,99.5,99.5,99.5,98
"651",3,3,99,99,96,96
"652",0,0,99,99,99,99
"653",0,4,99.5,99.5,99.5,95.5
"654",4.5,18.5,98,98,93.5,79.5
"655",0.5,0.5,98.5,98.5,98,98
"656",2.5,12.5,99,99,96.5,86.5
"657",0,0,98.5,98.5,98.5,98.5
"658",1.5,0.5,99,99,97.5,98.5
"659",0,0,100,100,100,100
"660",0.5,0,98.5,98.5,98,98.5
"661",2.5,4.5,98.5,98.5,96,94
"662",0,5,98.5,98.5,98.5,93.5
"663",5,14,100,100,95,86
"664",0,0,99.5,99.5,99.5,99.5
"665",0,1.5,99.5,99.5,99.5,98
"666",0,0,99.5,99.5,99.5,99.5
"667",3,4.5,98,98,95,93.5
"668",10.5,8,98.5,98.5,88,90.5
"669",9.5,12,99.5,99.5,90,87.5
"670",0,0,98.5,98.5,98.5,98.5
"671",18.5,8,99.5,99.5,81,91.5
"672",0,1,97.5,97.5,97.5,96.5
"673",1,6.5,99,99,98,92.5
"674",0,0.5,99,99,99,98.5
"675",0.5,2,98.5,98.5,98,96.5
"676",22.5,0,99.5,99.5,77,99.5
"677",7,12.5,98.5,98.5,91.5,86
"678",0,1,99.5,99.5,99.5,98.5
"679",0,1,97.5,97.5,97.5,96.5
"680",0.5,5,99.5,99.5,99,94.5
"681",0,4,98.5,98.5,98.5,94.5
"682",0.5,1.5,100,100,99.5,98.5
"683",0,0,99,99,99,99
"684",0,0,99,99,99,99
"685",0,1.5,99,99,99,97.5
"686",0,9,98.5,98.5,98.5,89.5
"687",12,3.5,98.5,98.5,86.5,95
"688",0,0,99.5,99.5,99.5,99.5
"689",0,0,100,100,100,100
"690",0,0,100,100,100,100
"691",1.5,17.5,99.5,99.5,98,82
"692",23,30.5,98.5,98.5,75.5,68
"693",0,6.5,98,98,98,91.5
"694",0,0,99.5,99.5,99.5,99.5
"695",0,9.5,98,98,98,88.5
"696",3.5,0,98.5,98.5,95,98.5
"697",0,2,99.5,99.5,99.5,97.5
"698",4.5,9,98.5,98.5,94,89.5
"699",0,2,98.5,98.5,98.5,96.5
"700",0,0,98.5,98.5,98.5,98.5
"701",2,4.5,99,99,97,94.5
"702",15,4,99.5,99.5,84.5,95.5
"703",0,0,99,99,99,99
"704",2.5,2,98.5,98.5,96,96.5
"705",2.5,1.5,97.5,97.5,95,96
"706",0,0,98.5,98.5,98.5,98.5
"707",3.5,5.5,99,99,95.5,93.5
"708",0.5,0,99.5,99.5,99,99.5
"709",0,0,97.5,97.5,97.5,97.5
"710",0,0,99,99,99,99
"711",0.5,1,99,99,98.5,98
"712",0,0.5,99.5,99.5,99.5,99
"713",0,0,99.5,99.5,99.5,99.5
"714",0,0,99.5,99.5,99.5,99.5
"715",0,2.5,99.5,99.5,99.5,97
"716",3.5,18,99,99,95.5,81
"717",0,0,98.5,98.5,98.5,98.5
"718",0.5,0,99.5,99.5,99,99.5
"719",0,0,99.5,99.5,99.5,99.5
"720",0,0,100,100,100,100
"721",0,2.5,99.5,99.5,99.5,97
"722",0,0,96.5,96.5,96.5,96.5
"723",4.5,1.5,99.5,99.5,95,98
"724",0,0,100,100,100,100
"725",0,0,100,100,100,100
"726",0,0,100,100,100,100
"727",6,5,98.5,98.5,92.5,93.5
"728",0,1,99,99,99,98
"729",1,3,99.5,99.5,98.5,96.5
"730",11,0,99,99,88,99
"731",0,3,99,99,99,96
"732",0.5,4,99,99,98.5,95
"733",1,1.5,98.5,98.5,97.5,97
"734",0,0,98.5,98.5,98.5,98.5
"735",0,0,99.5,99.5,99.5,99.5
"736",1,1,99,99,98,98
"737",0.5,2,99,99,98.5,97
"738",0,0,97.5,97.5,97.5,97.5
"739",0,1.5,99.5,99.5,99.5,98
"740",3,7.5,99,99,96,91.5
"741",10.5,0,99,99,88.5,99
"742",0,0.5,98.5,98.5,98.5,98
"743",0,2,99.5,99.5,99.5,97.5
"744",3,7.5,99.5,99.5,96.5,92
"745",0,0,98.5,98.5,98.5,98.5
"746",0,1.5,98.5,98.5,98.5,97
"747",0,0,97,97.5,97,97.5
"748",0.5,10,99,99,98.5,89
"749",6.5,0.5,99,99,92.5,98.5
"750",5,13.5,99.5,99.5,94.5,86
"751",0,3,99,99,99,96
"752",0,0,98.5,98.5,98.5,98.5
"753",1.5,0.5,98,98,96.5,97.5
"754",0,15.5,99,99,99,83.5
"755",0.5,5,99,99,98.5,94
"756",0,0.5,100,100,100,99.5
"757",0.5,0,99,99,98.5,99
"758",0,2,95.5,96,95.5,94
"759",0,4.5,100,100,100,95.5
"760",0,0,99.5,99.5,99.5,99.5
"761",2.5,1.5,98.5,98.5,96,97
"762",1,2,99.5,99.5,98.5,97.5
"763",12.5,14.5,100,100,87.5,85.5
"764",0,0,99,99,99,99
"765",0,1,98,98,98,97
"766",0,1,99,99,99,98
"767",0.5,7,100,100,99.5,93
"768",1,0,97,97,96,97
"769",0,0,98.5,98.5,98.5,98.5
"770",5.5,2,99,99,93.5,97
"771",0,0.5,98,98,98,97.5
"772",0,0,99,99,99,99
"773",0,0.5,99,99,99,98.5
"774",4,18.5,97.5,97.5,93.5,79
"775",2,0.5,98.5,98.5,96.5,98
"776",0,0.5,99,99,99,98.5
"777",38.5,0,99.5,99.5,61,99.5
"778",0,0.5,99,99,99,98.5
"779",9.5,5.5,99,99,89.5,93.5
"780",0,0,99.5,99.5,99.5,99.5
"781",2.5,0,98,98,95.5,98
"782",0,1,99,99,99,98
"783",0,0,99,99,99,99
"784",2.5,3,98.5,98.5,96,95.5
"785",0,1.5,99.5,99.5,99.5,98
"786",12.5,10,99,99,86.5,89
"787",0,1,99.5,99.5,99.5,98.5
"788",0,1,99,99,99,98
"789",8.5,17,100,100,91.5,83
"790",0,13.5,98.5,98.5,98.5,85
"791",0,0,98.5,98.5,98.5,98.5
"792",1.5,0.5,99,99,97.5,98.5
"793",0,0.5,100,100,100,99.5
"794",0,0,97,97,97,97
"795",0,3.5,98.5,98.5,98.5,95
"796",0,3.5,97.5,97.5,97.5,94
"797",13.5,0,99.5,99.5,86,99.5
"798",3.5,9.5,99.5,99.5,96,90
"799",0,0,96.5,96.5,96.5,96.5
"800",0,0,100,100,100,100
"801",1,9,99,99,98,90
"802",0,2.5,99,99,99,96.5
"803",0,0,99.5,99.5,99.5,99.5
"804",0,2.5,99,99,99,96.5
"805",0.5,0.5,98.5,98.5,98,98
"806",1.5,2.5,99.5,99.5,98,97
"807",0,0,98.5,98.5,98.5,98.5
"808",6,16,99,99,93,83
"809",1.5,2,98.5,98.5,97,96.5
"810",0,0.5,99,99,99,98.5
"811",0,0.5,98.5,98.5,98.5,98
"812",3,13.5,99,99,96,85.5
"813",31,14.5,98.5,98.5,67.5,84
"814",9.5,1,99,99,89.5,98
"815",0,0,99.5,99.5,99.5,99.5
"816",0,4.5,99.5,99.5,99.5,95
"817",0.5,2,98.5,98.5,98,96.5
"818",6,0,99,99,93,99
"819",0,0,98.5,98.5,98.5,98.5
"820",9.5,0,98.5,98.5,89,98.5
"821",0,0,97.5,97.5,97.5,97.5
"822",1.5,1,99,99,97.5,98
"823",0,0,99.5,99.5,99.5,99.5
"824",0,0,98.5,98.5,98.5,98.5
"825",1.5,5.5,99,99,97.5,93.5
"826",2.5,0.5,99.5,99.5,97,99
"827",0,0,97,97,97,97
"828",0,0,98.5,98.5,98.5,98.5
"829",0,0,96.5,96,96.5,96
"830",2,0.5,99,99,97,98.5
"831",1,2.5,98.5,98.5,97.5,96
"832",0,1,99,99,99,98
"833",0,0,98.5,98.5,98.5,98.5
"834",0,0,98,98,98,98
"835",0,0,97.5,97.5,97.5,97.5
"836",2,1,98.5,98.5,96.5,97.5
"837",0,5.5,99,99,99,93.5
"838",0,0.5,99.5,99.5,99.5,99
"839",1,5.5,98.5,98.5,97.5,93
"840",16,16.5,98,98,82,81.5
"841",0,8,98,98,98,90
"842",0,0,99,99,99,99
"843",0,0,99.5,99.5,99.5,99.5
"844",0.5,0,99,99,98.5,99
"845",6.5,0,99,99,92.5,99
"846",2,0,98.5,98.5,96.5,98.5
"847",0,0,97.5,97.5,97.5,97.5
"848",11.5,1.5,97.5,97.5,86,96
"849",7,0.5,100,100,93,99.5
"850",0,1,98,98,98,97
"851",0,1,99,99,99,98
"852",0,2.5,99,99,99,96.5
"853",0.5,0,98,98,97.5,98
"854",0.5,0,99,99,98.5,99
"855",1,14.5,98.5,98.5,97.5,84
"856",1,0,98.5,98.5,97.5,98.5
"857",0,0,99.5,99.5,99.5,99.5
"858",0,0,99.5,99.5,99.5,99.5
"859",11,2.5,100,100,89,97.5
"860",5,0,98,98,93,98
"861",4.5,0.5,98.5,98.5,94,98
"862",0,0,99.5,99.5,99.5,99.5
"863",2,19,99.5,99.5,97.5,80.5
"864",0,1.5,99,99,99,97.5
"865",7.5,0,99.5,99.5,92,99.5
"866",0,0,99,99,99,99
"867",0,0.5,98.5,98.5,98.5,98
"868",23,11,99,99,76,88
"869",0,4.5,96.5,96.5,96.5,92
"870",2.5,1.5,99,99,96.5,97.5
"871",7.5,0,99.5,99.5,92,99.5
"872",0,4,99,99,99,95
"873",0,0,99,99,99,99
"874",6,8.5,99.5,99.5,93.5,91
"875",1,9,99.5,99.5,98.5,90.5
"876",0,6,99.5,99.5,99.5,93.5
"877",0,0,98.5,98.5,98.5,98.5
"878",0,0,99,99,99,99
"879",0,1.5,99.5,99.5,99.5,98
"880",2.5,1,99,99,96.5,98
"881",0.5,0.5,98.5,98.5,98,98
"882",7,9.5,98.5,98.5,91.5,89
"883",0,0,99.5,99.5,99.5,99.5
"884",2.5,6,99,99,96.5,93
"885",3,10,99,99,96,89
"886",0,0,99.5,99.5,99.5,99.5
"887",1.5,9,98.5,98.5,97,89.5
"888",4,3.5,100,100,96,96.5
"889",0,7.5,100,100,100,92.5
"890",0,6,99,99,99,93
"891",2,0,99.5,99.5,97.5,99.5
"892",3,0,97.5,97.5,94.5,97.5
"893",0,0,99,99,99,99
"894",6.5,0.5,99.5,99.5,93,99
"895",13.5,14.5,99,99,85.5,84.5
"896",0,2,99,99,99,97
"897",4.5,6.5,99.5,99.5,95,93
"898",4.5,2,99.5,99.5,95,97.5
"899",0,0,99,99,99,99
"900",0,0.5,99,99,99,98.5
"901",0,0,98.5,98.5,98.5,98.5
"902",13,3.5,99,99,86,95.5
"903",1,2,98,98,97,96
"904",9,0.5,100,100,91,99.5
"905",14,18.5,98.5,98.5,84.5,80
"906",0,0,99.5,99.5,99.5,99.5
"907",0,0,99,99,99,99
"908",0,0.5,98.5,98.5,98.5,98
"909",23.5,1.5,99,99,75.5,97.5
"910",9.5,18.5,99,99,89.5,80.5
"911",0,1,98.5,98.5,98.5,97.5
"912",0,3,99,99,99,96
"913",3,21,99,99,96,78
"914",0,0.5,98,98.5,98,98
"915",0,0,99,99,99,99
"916",0,6,97,97,97,91
"917",10,1.5,99,99,89,97.5
"918",2,5.5,98.5,98.5,96.5,93
"919",0,0.5,99.5,99.5,99.5,99
"920",12.5,20,98,98,85.5,78
"921",0,1,100,100,100,99
"922",19,1,98.5,98.5,79.5,97.5
"923",13.5,1.5,98.5,98.5,85,97
"924",0.5,0,99,99,98.5,99
"925",9,21,99,99,90,78
"926",12.5,4.5,99,99,86.5,94.5
"927",0,0,98,98,98,98
"928",0,1,98.5,98.5,98.5,97.5
"929",0,0,100,100,100,100
"930",10,18.5,100,100,90,81.5
"931",2,2,98.5,98.5,96.5,96.5
"932",0,4.5,99,99,99,94.5
"933",0.5,1.5,98.5,98.5,98,97
"934",1,0,99,99,98,99
"935",8.5,6,98.5,98.5,90,92.5
"936",0,2,98,98,98,96
"937",0.5,9,97.5,97.5,97,88.5
"938",0,1.5,99,99,99,97.5
"939",0,0,99,99,99,99
"940",4,22,98,98,94,76
"941",0,0,100,100,100,100
"942",0,1,99.5,99.5,99.5,98.5
"943",0,0.5,99,99,99,98.5
"944",0.5,5,99.5,99.5,99,94.5
"945",35.5,3.5,96.5,96.5,61,93
"946",0,6.5,99,99,99,92.5
"947",0,3,98.5,98.5,98.5,95.5
"948",0,1.5,98.5,98.5,98.5,97
"949",2.5,12.5,99.5,99.5,97,87
"950",0,3,98.5,98.5,98.5,95.5
"951",0.5,0.5,98,98,97.5,97.5
"952",0,0,99,99,99,99
"953",0,0,98.5,98.5,98.5,98.5
"954",2,25.5,98,98,96,72.5
"955",0,6.5,99,99,99,92.5
"956",0,0,98,98,98,98
"957",1.5,6.5,98.5,98.5,97,92
"958",0,4,98.5,98.5,98.5,94.5
"959",1,2.5,99,99,98,96.5
"960",28.5,10.5,99,99,70.5,88.5
"961",0,0,97,97,97,97
"962",0,1,99.5,99.5,99.5,98.5
"963",3.5,1,99.5,99.5,96,98.5
"964",0,0,98,98,98,98
"965",0,3.5,97.5,97.5,97.5,94
"966",0,0,99,99,99,99
"967",0,0,99.5,99.5,99.5,99.5
"968",0,0,98.5,98.5,98.5,98.5
"969",10,9.5,99.5,99.5,89.5,90
"970",0,0,99.5,99.5,99.5,99.5
"971",0,14,98,98,98,84
"972",1,11.5,99,99,98,87.5
"973",4,3,98.5,98.5,94.5,95.5
"974",4,2.5,98.5,98.5,94.5,96
"975",0,0,97.5,97.5,97.5,97.5
"976",1,0.5,99.5,99.5,98.5,99
"977",0,0,99,99,99,99
"978",2,2,98.5,98.5,96.5,96.5
"979",1,0,97,97,96,97
"980",1,3,99,99,98,96
"981",0,3,99.5,99.5,99.5,96.5
"982",5,4,98.5,98.5,93.5,94.5
"983",0,0,98,98,98,98
"984",0.5,2,99,99,98.5,97
"985",1,0,100,100,99,100
"986",10,11,98.5,98.5,88.5,87.5
"987",5,0,99,99,94,99
"988",0,0,97.5,97.5,97.5,97.5
"989",1.5,6,99,99,97.5,93
"990",4,0.5,100,100,96,99.5
"991",3.5,2.5,99.5,99.5,96,97
"992",0.5,0,98,98,97.5,98
"993",0,0,99,99,99,99
"994",1,13.5,99,99,98,85.5
"995",2.5,5,100,100,97.5,95
"996",0,0,98,98,98,98
"997",0,0,99.5,99.5,99.5,99.5
"998",0,0,99,99,99,99
"999",9,1,100,100,91,99
"1000",18.5,3.5,99,99,80.5,95.5
