"","Correct_model_perc_eucledian","Correct_model_perc_mahalanovis","Null_model_perc_eucledian","Null_model_perc_mahalanovis","Percentage_difference_eucledian","Percentage_difference_mahalanovis"
"1",5,0,69,68,64,68
"2",0,0,76,76,76,76
"3",15,0,81,81,66,81
"4",0,0,76,74,76,74
"5",21,0,97,98,76,98
"6",0,0,65,65,65,65
"7",8,0,79,79,71,79
"8",6,4,87,88,81,84
"9",0,2,75,76,75,74
"10",0,0,84,85,84,85
"11",0,0,79,77,79,77
"12",0,1,76,74,76,73
"13",0,2,81,81,81,79
"14",0,3,85,87,85,84
"15",0,3,86,85,86,82
"16",8,0,66,65,58,65
"17",0,6,80,80,80,74
"18",2,3,74,75,72,72
"19",0,0,78,78,78,78
"20",0,0,77,77,77,77
"21",1,2,86,86,85,84
"22",4,5,71,72,67,67
"23",2,18,83,84,81,66
"24",0,0,71,71,71,71
"25",0,0,73,74,73,74
"26",0,0,89,88,89,88
"27",2,11,94,94,92,83
"28",2,0,99,99,97,99
"29",0,1,76,75,76,74
"30",0,0,66,66,66,66
"31",0,1,84,83,84,82
"32",0,9,80,80,80,71
"33",10,3,71,70,61,67
"34",0,0,78,76,78,76
"35",0,0,70,67,70,67
"36",0,3,68,69,68,66
"37",0,0,68,69,68,69
"38",0,1,68,68,68,67
"39",0,7,71,72,71,65
"40",1,0,68,67,67,67
"41",0,3,79,78,79,75
"42",0,0,82,81,82,81
"43",8,1,97,96,89,95
"44",11,18,85,85,74,67
"45",5,2,58,58,53,56
"46",0,0,58,58,58,58
"47",2,3,79,80,77,77
"48",0,1,82,82,82,81
"49",13,0,69,71,56,71
"50",3,6,86,87,83,81
"51",0,5,81,82,81,77
"52",21,1,95,95,74,94
"53",0,0,70,68,70,68
"54",2,5,66,64,64,59
"55",0,12,67,68,67,56
"56",0,1,86,86,86,85
"57",2,3,71,72,69,69
"58",30,6,59,58,29,52
"59",2,0,68,69,66,69
"60",1,3,60,61,59,58
"61",22,4,60,60,38,56
"62",2,0,87,85,85,85
"63",0,0,83,82,83,82
"64",3,6,81,81,78,75
"65",1,4,62,61,61,57
"66",0,1,77,78,77,77
"67",0,1,83,82,83,81
"68",3,0,71,71,68,71
"69",0,1,75,76,75,75
"70",0,5,78,79,78,74
"71",0,2,73,73,73,71
"72",5,0,90,91,85,91
"73",2,0,95,93,93,93
"74",0,0,68,67,68,67
"75",5,0,93,95,88,95
"76",0,16,61,62,61,46
"77",2,4,76,74,74,70
"78",0,0,74,73,74,73
"79",0,0,72,71,72,71
"80",0,0,89,91,89,91
"81",9,19,79,81,70,62
"82",3,5,60,61,57,56
"83",0,3,72,74,72,71
"84",0,1,85,86,85,85
"85",0,0,61,61,61,61
"86",1,1,84,84,83,83
"87",1,5,63,63,62,58
"88",1,3,78,78,77,75
"89",0,0,77,79,77,79
"90",1,0,75,75,74,75
"91",6,1,67,69,61,68
"92",8,1,81,83,73,82
"93",0,11,74,71,74,60
"94",0,0,73,72,73,72
"95",0,1,70,69,70,68
"96",1,3,66,67,65,64
"97",0,1,76,76,76,75
"98",8,7,82,82,74,75
"99",21,4,79,80,58,76
"100",3,10,78,78,75,68
"101",6,18,72,74,66,56
"102",2,1,80,81,78,80
"103",3,0,81,81,78,81
"104",0,1,68,67,68,66
"105",3,7,81,80,78,73
"106",7,10,87,89,80,79
"107",1,0,69,68,68,68
"108",0,3,69,71,69,68
"109",5,0,77,78,72,78
"110",4,25,52,52,48,27
"111",0,2,72,73,72,71
"112",10,10,89,89,79,79
"113",0,0,85,85,85,85
"114",0,0,84,84,84,84
"115",0,0,79,81,79,81
"116",10,1,96,95,86,94
"117",0,3,77,78,77,75
"118",33,4,85,82,52,78
"119",0,0,76,76,76,76
"120",1,0,68,68,67,68
"121",10,4,83,83,73,79
"122",1,0,79,82,78,82
"123",7,0,73,73,66,73
"124",0,0,93,92,93,92
"125",0,1,79,78,79,77
"126",0,2,87,88,87,86
"127",1,1,80,80,79,79
"128",4,3,64,63,60,60
"129",1,3,78,79,77,76
"130",0,19,74,75,74,56
"131",3,0,70,70,67,70
"132",40,0,79,79,39,79
"133",0,5,84,84,84,79
"134",1,4,86,86,85,82
"135",2,2,69,68,67,66
"136",6,3,76,76,70,73
"137",1,0,73,73,72,73
"138",0,0,87,85,87,85
"139",0,3,76,77,76,74
"140",0,0,68,69,68,69
"141",0,1,74,73,74,72
"142",0,0,83,83,83,83
"143",4,1,73,74,69,73
"144",0,0,75,75,75,75
"145",2,0,59,59,57,59
"146",1,3,71,72,70,69
"147",0,1,72,70,72,69
"148",0,0,69,70,69,70
"149",0,1,57,57,57,56
"150",6,4,69,68,63,64
"151",0,1,76,74,76,73
"152",14,2,67,67,53,65
"153",0,1,79,77,79,76
"154",0,3,91,90,91,87
"155",2,5,65,66,63,61
"156",5,1,89,88,84,87
"157",0,0,75,77,75,77
"158",7,9,75,76,68,67
"159",0,0,71,71,71,71
"160",11,2,94,95,83,93
"161",0,1,76,77,76,76
"162",31,21,84,84,53,63
"163",14,1,69,71,55,70
"164",0,8,84,84,84,76
"165",0,9,69,69,69,60
"166",0,4,64,64,64,60
"167",1,0,86,85,85,85
"168",2,12,79,80,77,68
"169",3,0,53,57,50,57
"170",5,3,72,72,67,69
"171",0,3,72,72,72,69
"172",0,2,82,81,82,79
"173",2,3,65,65,63,62
"174",5,0,86,85,81,85
"175",2,0,81,80,79,80
"176",0,1,75,74,75,73
"177",0,0,72,72,72,72
"178",12,0,83,82,71,82
"179",8,9,94,95,86,86
"180",0,0,70,68,70,68
"181",0,0,82,82,82,82
"182",2,0,84,84,82,84
"183",0,0,54,54,54,54
"184",1,1,72,73,71,72
"185",7,4,78,77,71,73
"186",0,0,88,88,88,88
"187",0,0,90,91,90,91
"188",1,1,83,83,82,82
"189",1,1,84,84,83,83
"190",1,13,85,83,84,70
"191",0,0,89,90,89,90
"192",0,0,75,75,75,75
"193",15,28,75,76,60,48
"194",0,0,67,68,67,68
"195",0,0,73,74,73,74
"196",2,1,72,73,70,72
"197",0,15,81,81,81,66
"198",2,0,72,71,70,71
"199",0,2,76,75,76,73
"200",0,0,80,78,80,78
"201",0,5,92,91,92,86
"202",21,6,71,73,50,67
"203",9,0,66,66,57,66
"204",4,0,77,76,73,76
"205",0,3,71,69,71,66
"206",33,1,94,94,61,93
"207",8,1,70,70,62,69
"208",14,0,64,63,50,63
"209",0,0,73,73,73,73
"210",0,0,78,78,78,78
"211",24,2,93,94,69,92
"212",1,0,86,86,85,86
"213",1,0,80,80,79,80
"214",1,27,82,83,81,56
"215",0,0,91,92,91,92
"216",0,2,75,77,75,75
"217",0,13,65,64,65,51
"218",0,6,82,85,82,79
"219",0,0,72,72,72,72
"220",0,12,69,69,69,57
"221",3,0,64,65,61,65
"222",1,2,67,65,66,63
"223",0,26,68,67,68,41
"224",1,1,79,79,78,78
"225",3,9,86,84,83,75
"226",0,1,84,84,84,83
"227",32,30,75,74,43,44
"228",2,0,69,72,67,72
"229",0,0,78,76,78,76
"230",0,0,69,70,69,70
"231",17,0,97,98,80,98
"232",0,0,60,62,60,62
"233",0,0,72,70,72,70
"234",0,6,76,77,76,71
"235",0,7,80,80,80,73
"236",0,3,86,87,86,84
"237",0,0,68,68,68,68
"238",0,6,77,78,77,72
"239",12,12,79,80,67,68
"240",0,0,69,69,69,69
"241",27,16,59,61,32,45
"242",0,6,76,78,76,72
"243",0,0,71,71,71,71
"244",20,2,74,74,54,72
"245",0,6,90,90,90,84
"246",7,1,73,73,66,72
"247",0,0,94,94,94,94
"248",0,2,83,84,83,82
"249",27,0,86,87,59,87
"250",19,4,96,94,77,90
"251",0,2,83,83,83,81
"252",0,5,74,73,74,68
"253",2,1,85,85,83,84
"254",6,12,81,82,75,70
"255",7,12,75,79,68,67
"256",3,8,75,73,72,65
"257",0,0,67,68,67,68
"258",1,0,94,95,93,95
"259",9,0,100,99,91,99
"260",5,2,77,75,72,73
"261",14,0,78,81,64,81
"262",0,0,81,81,81,81
"263",0,0,67,67,67,67
"264",1,14,92,91,91,77
"265",0,1,63,63,63,62
"266",1,1,78,79,77,78
"267",1,4,78,77,77,73
"268",5,4,62,63,57,59
"269",1,2,72,73,71,71
"270",0,0,78,78,78,78
"271",0,14,84,83,84,69
"272",0,6,87,88,87,82
"273",0,0,75,74,75,74
"274",19,0,72,74,53,74
"275",0,0,66,66,66,66
"276",0,2,84,83,84,81
"277",0,4,87,86,87,82
"278",7,0,85,84,78,84
"279",3,4,78,78,75,74
"280",0,0,65,66,65,66
"281",1,19,76,76,75,57
"282",5,0,75,75,70,75
"283",16,0,82,82,66,82
"284",0,5,68,68,68,63
"285",0,2,78,80,78,78
"286",0,0,73,74,73,74
"287",3,20,79,81,76,61
"288",0,0,77,78,77,78
"289",2,2,72,69,70,67
"290",0,1,77,77,77,76
"291",1,0,74,74,73,74
"292",8,5,80,78,72,73
"293",0,0,83,82,83,82
"294",0,8,90,89,90,81
"295",1,1,98,98,97,97
"296",6,1,91,91,85,90
"297",0,0,73,74,73,74
"298",0,3,70,71,70,68
"299",1,4,74,75,73,71
"300",0,0,87,87,87,87
"301",0,0,80,81,80,81
"302",0,0,72,73,72,73
"303",0,1,70,69,70,68
"304",0,1,82,83,82,82
"305",0,0,76,76,76,76
"306",8,0,87,86,79,86
"307",2,18,64,63,62,45
"308",6,2,83,80,77,78
"309",6,0,70,71,64,71
"310",0,0,82,81,82,81
"311",0,17,82,83,82,66
"312",11,0,75,75,64,75
"313",0,5,82,82,82,77
"314",0,1,69,72,69,71
"315",0,0,81,81,81,81
"316",0,1,78,77,78,76
"317",7,0,88,87,81,87
"318",9,1,81,80,72,79
"319",29,25,82,80,53,55
"320",0,0,73,74,73,74
"321",0,1,79,80,79,79
"322",0,1,90,91,90,90
"323",0,13,64,66,64,53
"324",1,1,91,92,90,91
"325",0,0,63,63,63,63
"326",1,0,72,72,71,72
"327",0,3,72,71,72,68
"328",0,7,67,66,67,59
"329",0,0,74,74,74,74
"330",6,33,82,83,76,50
"331",24,0,93,93,69,93
"332",0,1,68,68,68,67
"333",1,2,71,74,70,72
"334",3,11,70,69,67,58
"335",0,5,69,67,69,62
"336",0,0,92,91,92,91
"337",2,3,81,81,79,78
"338",0,0,81,81,81,81
"339",0,0,76,78,76,78
"340",0,5,84,83,84,78
"341",7,5,86,88,79,83
"342",0,14,80,81,80,67
"343",0,0,83,80,83,80
"344",13,11,82,80,69,69
"345",0,1,85,86,85,85
"346",2,2,80,81,78,79
"347",0,0,83,82,83,82
"348",19,37,65,65,46,28
"349",0,2,76,76,76,74
"350",0,3,85,85,85,82
"351",4,4,69,70,65,66
"352",0,4,70,73,70,69
"353",11,33,57,57,46,24
"354",14,2,87,87,73,85
"355",0,7,79,80,79,73
"356",0,4,71,71,71,67
"357",2,3,66,66,64,63
"358",15,13,71,72,56,59
"359",0,3,87,85,87,82
"360",0,0,85,86,85,86
"361",0,0,69,69,69,69
"362",3,2,81,81,78,79
"363",1,2,56,57,55,55
"364",0,1,87,86,87,85
"365",0,0,91,92,91,92
"366",0,0,83,82,83,82
"367",0,0,79,79,79,79
"368",21,1,81,82,60,81
"369",2,0,77,78,75,78
"370",1,1,75,74,74,73
"371",0,0,83,83,83,83
"372",0,12,68,67,68,55
"373",4,0,81,80,77,80
"374",0,1,86,89,86,88
"375",0,15,78,79,78,64
"376",0,7,77,76,77,69
"377",0,0,76,76,76,76
"378",0,1,70,70,70,69
"379",1,1,75,75,74,74
"380",0,5,91,90,91,85
"381",3,10,89,87,86,77
"382",4,0,79,80,75,80
"383",0,3,83,83,83,80
"384",0,0,78,78,78,78
"385",2,1,85,84,83,83
"386",0,0,82,82,82,82
"387",0,4,75,73,75,69
"388",0,0,94,95,94,95
"389",0,1,75,78,75,77
"390",1,0,76,75,75,75
"391",0,0,85,87,85,87
"392",0,1,69,68,69,67
"393",18,0,77,75,59,75
"394",7,3,65,66,58,63
"395",0,0,69,70,69,70
"396",0,0,64,64,64,64
"397",0,1,84,84,84,83
"398",0,1,68,69,68,68
"399",0,4,62,62,62,58
"400",0,1,88,89,88,88
"401",0,14,66,68,66,54
"402",0,3,95,95,95,92
"403",0,1,95,94,95,93
"404",1,4,72,70,71,66
"405",0,2,67,67,67,65
"406",0,2,66,66,66,64
"407",2,0,87,88,85,88
"408",0,1,77,78,77,77
"409",5,0,82,81,77,81
"410",0,1,76,76,76,75
"411",0,0,77,77,77,77
"412",1,0,65,66,64,66
"413",0,0,80,80,80,80
"414",0,1,80,79,80,78
"415",0,3,85,86,85,83
"416",3,4,72,72,69,68
"417",9,1,65,65,56,64
"418",0,3,78,79,78,76
"419",0,0,74,74,74,74
"420",2,11,81,81,79,70
"421",0,2,76,76,76,74
"422",14,0,83,83,69,83
"423",1,3,72,74,71,71
"424",0,0,58,55,58,55
"425",0,0,69,68,69,68
"426",1,7,75,73,74,66
"427",0,3,76,75,76,72
"428",0,9,70,69,70,60
"429",0,2,85,84,85,82
"430",27,0,73,73,46,73
"431",5,18,62,63,57,45
"432",0,3,67,66,67,63
"433",1,6,87,86,86,80
"434",0,0,81,82,81,82
"435",0,0,84,86,84,86
"436",1,0,83,83,82,83
"437",4,0,94,94,90,94
"438",6,0,82,83,76,83
"439",10,0,56,55,46,55
"440",5,5,72,72,67,67
"441",12,3,74,74,62,71
"442",0,0,77,78,77,78
"443",17,2,63,64,46,62
"444",0,1,78,78,78,77
"445",0,0,75,76,75,76
"446",0,0,72,74,72,74
"447",0,0,72,72,72,72
"448",0,2,81,82,81,80
"449",1,1,80,81,79,80
"450",1,1,57,56,56,55
"451",2,0,86,85,84,85
"452",0,0,68,68,68,68
"453",2,8,87,87,85,79
"454",0,0,78,79,78,79
"455",0,0,79,77,79,77
"456",0,7,90,90,90,83
"457",0,1,81,81,81,80
"458",0,1,68,68,68,67
"459",8,0,76,77,68,77
"460",1,0,80,80,79,80
"461",0,0,73,73,73,73
"462",1,1,72,69,71,68
"463",0,0,85,85,85,85
"464",9,2,80,80,71,78
"465",0,0,78,77,78,77
"466",0,8,77,77,77,69
"467",0,4,74,74,74,70
"468",0,0,81,78,81,78
"469",0,4,86,86,86,82
"470",0,1,58,56,58,55
"471",0,3,77,77,77,74
"472",0,0,86,86,86,86
"473",0,0,71,72,71,72
"474",0,0,89,91,89,91
"475",0,0,79,79,79,79
"476",0,3,67,67,67,64
"477",0,0,83,84,83,84
"478",0,0,71,69,71,69
"479",5,0,85,85,80,85
"480",4,0,91,91,87,91
"481",2,5,60,58,58,53
"482",0,1,83,82,83,81
"483",0,9,75,76,75,67
"484",0,0,81,83,81,83
"485",0,0,85,83,85,83
"486",1,0,79,79,78,79
"487",0,2,77,76,77,74
"488",2,0,78,77,76,77
"489",0,0,70,71,70,71
"490",8,8,80,79,72,71
"491",0,0,83,82,83,82
"492",0,0,83,83,83,83
"493",0,0,74,74,74,74
"494",29,2,85,84,56,82
"495",1,0,72,73,71,73
"496",2,4,83,83,81,79
"497",10,0,54,55,44,55
"498",0,0,84,84,84,84
"499",0,0,85,84,85,84
"500",0,0,74,75,74,75
"501",0,3,79,79,79,76
"502",0,1,78,76,78,75
"503",2,4,74,75,72,71
"504",1,0,80,79,79,79
"505",6,2,78,78,72,76
"506",0,3,65,67,65,64
"507",0,3,69,69,69,66
"508",0,1,79,80,79,79
"509",0,2,81,81,81,79
"510",13,3,63,67,50,64
"511",0,1,77,76,77,75
"512",0,0,78,77,78,77
"513",1,0,85,85,84,85
"514",4,5,84,84,80,79
"515",4,2,52,51,48,49
"516",9,2,85,85,76,83
"517",0,7,72,73,72,66
"518",8,1,64,63,56,62
"519",0,3,74,76,74,73
"520",4,0,73,73,69,73
"521",4,1,83,83,79,82
"522",0,1,84,83,84,82
"523",9,0,90,91,81,91
"524",3,0,91,91,88,91
"525",28,14,78,78,50,64
"526",0,0,84,85,84,85
"527",4,7,69,69,65,62
"528",0,0,54,53,54,53
"529",0,0,83,84,83,84
"530",0,10,80,81,80,71
"531",0,14,79,81,79,67
"532",0,0,86,84,86,84
"533",0,0,73,74,73,74
"534",0,1,88,85,88,84
"535",0,1,75,75,75,74
"536",12,18,83,83,71,65
"537",0,0,86,85,86,85
"538",3,3,74,75,71,72
"539",0,9,91,90,91,81
"540",1,0,82,84,81,84
"541",0,0,83,84,83,84
"542",1,0,78,78,77,78
"543",0,0,82,80,82,80
"544",3,5,79,79,76,74
"545",0,1,72,74,72,73
"546",0,1,80,80,80,79
"547",0,0,85,85,85,85
"548",0,0,89,91,89,91
"549",0,0,86,84,86,84
"550",0,0,66,67,66,67
"551",25,9,94,94,69,85
"552",3,1,80,80,77,79
"553",0,7,82,81,82,74
"554",0,1,65,65,65,64
"555",6,0,91,90,85,90
"556",0,0,85,85,85,85
"557",0,0,81,80,81,80
"558",0,4,82,81,82,77
"559",0,0,69,69,69,69
"560",0,1,67,68,67,67
"561",0,2,75,75,75,73
"562",0,2,74,73,74,71
"563",3,0,64,64,61,64
"564",0,0,88,89,88,89
"565",0,0,62,64,62,64
"566",0,0,76,77,76,77
"567",0,0,88,89,88,89
"568",1,2,83,84,82,82
"569",0,2,84,86,84,84
"570",0,11,64,64,64,53
"571",0,1,79,79,79,78
"572",0,0,86,84,86,84
"573",0,0,78,76,78,76
"574",0,2,82,83,82,81
"575",0,0,76,76,76,76
"576",0,6,82,82,82,76
"577",0,0,78,78,78,78
"578",2,1,81,82,79,81
"579",0,2,81,81,81,79
"580",2,1,77,78,75,77
"581",1,12,86,85,85,73
"582",0,1,67,66,67,65
"583",2,1,82,81,80,80
"584",0,0,66,66,66,66
"585",0,1,84,82,84,81
"586",0,13,77,76,77,63
"587",0,5,84,81,84,76
"588",26,1,62,60,36,59
"589",6,23,73,73,67,50
"590",1,0,72,73,71,73
"591",0,0,81,82,81,82
"592",10,0,59,57,49,57
"593",0,1,73,75,73,74
"594",8,0,80,79,72,79
"595",32,0,87,86,55,86
"596",0,0,75,74,75,74
"597",0,2,67,67,67,65
"598",0,1,78,78,78,77
"599",1,1,83,83,82,82
"600",0,1,68,67,68,66
"601",0,0,84,83,84,83
"602",0,1,67,69,67,68
"603",0,2,77,74,77,72
"604",2,1,82,81,80,80
"605",0,0,90,91,90,91
"606",0,0,74,75,74,75
"607",2,13,82,81,80,68
"608",1,0,69,69,68,69
"609",3,2,74,74,71,72
"610",2,0,93,92,91,92
"611",1,7,75,77,74,70
"612",0,0,87,90,87,90
"613",0,4,71,71,71,67
"614",0,8,67,68,67,60
"615",5,8,89,88,84,80
"616",0,0,78,78,78,78
"617",0,0,69,71,69,71
"618",3,16,64,62,61,46
"619",0,0,87,88,87,88
"620",5,1,69,69,64,68
"621",5,5,84,84,79,79
"622",2,1,84,84,82,83
"623",4,1,79,78,75,77
"624",0,2,83,83,83,81
"625",1,1,83,83,82,82
"626",0,4,70,69,70,65
"627",17,4,72,72,55,68
"628",0,0,67,67,67,67
"629",0,0,82,83,82,83
"630",0,1,67,67,67,66
"631",4,5,70,71,66,66
"632",1,3,72,72,71,69
"633",3,2,77,77,74,75
"634",3,0,85,83,82,83
"635",0,0,73,73,73,73
"636",8,0,81,81,73,81
"637",1,0,85,85,84,85
"638",0,0,61,60,61,60
"639",0,1,87,85,87,84
"640",0,8,88,88,88,80
"641",3,0,88,86,85,86
"642",20,0,74,74,54,74
"643",0,0,80,80,80,80
"644",0,6,78,78,78,72
"645",0,5,83,83,83,78
"646",0,0,71,71,71,71
"647",7,9,77,78,70,69
"648",0,0,69,69,69,69
"649",1,15,75,77,74,62
"650",4,0,70,71,66,71
"651",5,3,84,85,79,82
"652",0,0,74,74,74,74
"653",1,0,72,72,71,72
"654",1,0,75,74,74,74
"655",4,2,77,76,73,74
"656",0,1,70,70,70,69
"657",0,0,76,77,76,77
"658",4,6,68,70,64,64
"659",0,0,67,68,67,68
"660",10,21,90,88,80,67
"661",0,3,85,85,85,82
"662",0,0,72,72,72,72
"663",0,0,79,79,79,79
"664",0,0,76,75,76,75
"665",0,0,71,70,71,70
"666",18,2,79,79,61,77
"667",0,2,73,72,73,70
"668",0,0,74,73,74,73
"669",0,0,83,84,83,84
"670",5,29,75,76,70,47
"671",0,0,91,91,91,91
"672",0,0,82,81,82,81
"673",0,9,81,81,81,72
"674",3,0,70,69,67,69
"675",0,1,63,63,63,62
"676",1,2,72,72,71,70
"677",7,0,80,80,73,80
"678",0,1,64,64,64,63
"679",0,2,87,88,87,86
"680",2,12,66,66,64,54
"681",0,4,70,70,70,66
"682",11,2,57,59,46,57
"683",0,1,82,82,82,81
"684",12,1,88,87,76,86
"685",0,0,78,80,78,80
"686",0,1,75,75,75,74
"687",3,1,81,82,78,81
"688",6,0,72,72,66,72
"689",0,8,71,71,71,63
"690",1,0,85,86,84,86
"691",0,0,88,87,88,87
"692",0,3,89,88,89,85
"693",4,0,82,81,78,81
"694",0,0,82,81,82,81
"695",0,3,82,83,82,80
"696",2,0,73,71,71,71
"697",0,0,77,78,77,78
"698",0,0,80,81,80,81
"699",0,8,66,67,66,59
"700",0,4,75,75,75,71
"701",1,1,77,78,76,77
"702",0,0,76,77,76,77
"703",1,19,94,95,93,76
"704",0,0,81,83,81,83
"705",12,4,86,87,74,83
"706",0,0,82,81,82,81
"707",12,6,84,83,72,77
"708",0,10,72,72,72,62
"709",6,0,75,76,69,76
"710",2,2,69,68,67,66
"711",5,0,92,93,87,93
"712",1,2,97,95,96,93
"713",0,1,80,79,80,78
"714",6,16,78,80,72,64
"715",0,0,71,71,71,71
"716",0,3,72,72,72,69
"717",0,0,66,66,66,66
"718",0,2,77,77,77,75
"719",0,0,80,82,80,82
"720",3,0,82,81,79,81
"721",15,9,60,60,45,51
"722",0,10,69,68,69,58
"723",0,2,91,92,91,90
"724",0,0,73,74,73,74
"725",0,1,77,78,77,77
"726",0,8,76,75,76,67
"727",0,1,70,70,70,69
"728",7,3,75,74,68,71
"729",0,2,70,72,70,70
"730",10,4,89,87,79,83
"731",0,1,73,72,73,71
"732",4,0,75,75,71,75
"733",0,2,93,92,93,90
"734",13,0,78,78,65,78
"735",0,15,58,57,58,42
"736",2,2,66,66,64,64
"737",0,0,67,68,67,68
"738",0,2,93,93,93,91
"739",0,5,72,73,72,68
"740",1,1,70,70,69,69
"741",0,1,69,68,69,67
"742",2,5,76,76,74,71
"743",1,0,72,71,71,71
"744",0,3,70,70,70,67
"745",0,10,77,77,77,67
"746",0,0,70,71,70,71
"747",0,0,68,68,68,68
"748",0,0,83,81,83,81
"749",0,0,75,75,75,75
"750",0,0,78,78,78,78
"751",0,10,84,84,84,74
"752",0,3,73,74,73,71
"753",0,0,78,79,78,79
"754",0,2,77,77,77,75
"755",0,1,82,82,82,81
"756",11,0,85,86,74,86
"757",12,0,70,70,58,70
"758",0,1,87,87,87,86
"759",0,0,79,79,79,79
"760",1,0,87,87,86,87
"761",0,10,67,69,67,59
"762",3,21,72,74,69,53
"763",0,4,76,76,76,72
"764",2,4,75,75,73,71
"765",0,2,79,79,79,77
"766",0,1,82,81,82,80
"767",1,18,74,74,73,56
"768",31,1,77,78,46,77
"769",0,0,75,74,75,74
"770",0,0,83,82,83,82
"771",0,5,67,67,67,62
"772",3,0,77,77,74,77
"773",0,0,88,88,88,88
"774",0,2,93,94,93,92
"775",2,0,67,68,65,68
"776",0,2,77,77,77,75
"777",3,5,80,80,77,75
"778",1,0,96,95,95,95
"779",0,0,93,94,93,94
"780",0,0,88,87,88,87
"781",3,12,73,73,70,61
"782",1,1,62,60,61,59
"783",0,0,80,80,80,80
"784",0,3,76,78,76,75
"785",0,1,82,81,82,80
"786",0,16,89,90,89,74
"787",4,1,69,69,65,68
"788",0,2,79,80,79,78
"789",0,0,93,93,93,93
"790",0,0,69,69,69,69
"791",0,0,86,83,86,83
"792",1,13,75,75,74,62
"793",0,0,68,68,68,68
"794",1,0,71,70,70,70
"795",0,0,66,67,66,67
"796",0,0,69,65,69,65
"797",0,0,86,86,86,86
"798",0,1,77,75,77,74
"799",0,0,91,91,91,91
"800",6,0,80,79,74,79
"801",0,1,92,94,92,93
"802",1,0,71,67,70,67
"803",0,0,60,60,60,60
"804",4,5,75,77,71,72
"805",0,13,68,68,68,55
"806",0,0,70,72,70,72
"807",0,0,75,77,75,77
"808",0,1,74,75,74,74
"809",0,2,80,81,80,79
"810",1,2,69,70,68,68
"811",1,13,69,69,68,56
"812",4,4,79,77,75,73
"813",0,1,63,63,63,62
"814",0,0,73,72,73,72
"815",0,0,53,54,53,54
"816",10,0,58,58,48,58
"817",0,14,76,75,76,61
"818",1,1,66,66,65,65
"819",0,0,84,84,84,84
"820",0,0,88,89,88,89
"821",6,5,59,60,53,55
"822",0,0,89,86,89,86
"823",0,0,62,60,62,60
"824",17,0,65,67,48,67
"825",3,1,66,67,63,66
"826",0,0,71,70,71,70
"827",0,0,72,73,72,73
"828",0,1,93,91,93,90
"829",0,6,71,71,71,65
"830",0,0,78,79,78,79
"831",4,0,87,87,83,87
"832",0,1,79,76,79,75
"833",0,9,72,71,72,62
"834",2,2,75,75,73,73
"835",0,7,79,79,79,72
"836",0,0,83,83,83,83
"837",1,13,83,83,82,70
"838",0,2,80,78,80,76
"839",5,0,77,78,72,78
"840",11,20,79,80,68,60
"841",8,0,72,72,64,72
"842",0,0,83,84,83,84
"843",0,1,87,86,87,85
"844",3,5,74,73,71,68
"845",14,2,93,92,79,90
"846",0,3,79,79,79,76
"847",1,4,85,86,84,82
"848",1,5,73,73,72,68
"849",0,0,86,85,86,85
"850",0,2,68,66,68,64
"851",1,5,69,70,68,65
"852",2,0,87,87,85,87
"853",10,3,69,68,59,65
"854",3,6,87,86,84,80
"855",0,0,86,85,86,85
"856",1,0,81,80,80,80
"857",1,0,78,78,77,78
"858",0,1,67,67,67,66
"859",0,8,80,80,80,72
"860",4,11,67,66,63,55
"861",1,0,84,84,83,84
"862",7,5,82,82,75,77
"863",0,2,75,76,75,74
"864",0,0,77,76,77,76
"865",2,0,93,93,91,93
"866",0,0,79,79,79,79
"867",5,0,66,67,61,67
"868",0,0,82,82,82,82
"869",2,0,77,76,75,76
"870",1,0,78,79,77,79
"871",2,8,82,80,80,72
"872",21,0,97,95,76,95
"873",0,0,69,72,69,72
"874",21,0,79,80,58,80
"875",0,0,75,75,75,75
"876",1,0,79,79,78,79
"877",1,1,79,79,78,78
"878",0,0,66,68,66,68
"879",0,0,80,81,80,81
"880",1,1,96,97,95,96
"881",4,0,73,72,69,72
"882",0,0,89,90,89,90
"883",0,0,73,74,73,74
"884",0,6,79,80,79,74
"885",9,0,74,73,65,73
"886",0,1,72,73,72,72
"887",31,0,99,99,68,99
"888",4,2,74,75,70,73
"889",0,7,69,69,69,62
"890",28,5,91,89,63,84
"891",0,0,68,68,68,68
"892",7,1,79,79,72,78
"893",2,1,77,76,75,75
"894",3,16,66,67,63,51
"895",0,4,72,72,72,68
"896",3,1,77,78,74,77
"897",3,0,69,72,66,72
"898",1,6,79,80,78,74
"899",0,0,76,75,76,75
"900",0,0,74,74,74,74
"901",0,0,78,79,78,79
"902",0,5,75,76,75,71
"903",10,15,56,54,46,39
"904",43,7,87,86,44,79
"905",0,6,72,73,72,67
"906",20,1,75,75,55,74
"907",1,1,84,83,83,82
"908",0,2,89,88,89,86
"909",1,11,74,75,73,64
"910",0,0,84,85,84,85
"911",1,3,71,71,70,68
"912",1,8,81,83,80,75
"913",1,0,66,67,65,67
"914",0,2,62,64,62,62
"915",0,3,70,70,70,67
"916",6,2,87,87,81,85
"917",26,0,80,79,54,79
"918",1,0,80,80,79,80
"919",0,8,71,70,71,62
"920",0,3,71,68,71,65
"921",5,2,82,80,77,78
"922",1,2,87,86,86,84
"923",11,8,81,82,70,74
"924",0,0,79,78,79,78
"925",3,7,75,78,72,71
"926",1,4,92,91,91,87
"927",0,3,68,69,68,66
"928",0,0,88,86,88,86
"929",0,6,81,81,81,75
"930",6,1,89,88,83,87
"931",0,10,84,84,84,74
"932",0,0,79,78,79,78
"933",0,0,81,80,81,80
"934",1,0,72,72,71,72
"935",2,0,69,69,67,69
"936",1,0,67,66,66,66
"937",0,0,76,76,76,76
"938",0,0,90,90,90,90
"939",0,1,91,93,91,92
"940",2,4,78,78,76,74
"941",0,6,78,79,78,73
"942",0,1,84,85,84,84
"943",0,0,67,68,67,68
"944",0,0,75,75,75,75
"945",0,3,94,93,94,90
"946",0,2,77,76,77,74
"947",3,2,77,77,74,75
"948",27,0,94,93,67,93
"949",0,0,61,59,61,59
"950",35,10,66,64,31,54
"951",0,10,89,89,89,79
"952",1,1,82,81,81,80
"953",0,14,75,75,75,61
"954",0,3,60,60,60,57
"955",0,0,88,87,88,87
"956",0,2,69,69,69,67
"957",0,5,96,95,96,90
"958",15,0,91,91,76,91
"959",0,1,74,71,74,70
"960",4,22,83,83,79,61
"961",17,7,76,77,59,70
"962",1,4,67,68,66,64
"963",3,1,87,86,84,85
"964",0,0,94,94,94,94
"965",9,9,98,97,89,88
"966",4,0,70,70,66,70
"967",1,0,67,69,66,69
"968",0,16,69,70,69,54
"969",2,4,72,71,70,67
"970",7,2,77,77,70,75
"971",0,4,71,71,71,67
"972",0,0,62,63,62,63
"973",3,0,93,94,90,94
"974",0,0,94,93,94,93
"975",7,0,75,74,68,74
"976",20,0,81,82,61,82
"977",0,0,86,85,86,85
"978",0,0,62,63,62,63
"979",0,0,84,84,84,84
"980",15,2,74,75,59,73
"981",0,3,90,89,90,86
"982",0,0,73,73,73,73
"983",0,1,68,69,68,68
"984",0,2,66,66,66,64
"985",0,4,69,71,69,67
"986",1,1,72,71,71,70
"987",0,0,83,82,83,82
"988",28,12,91,91,63,79
"989",0,1,63,62,63,61
"990",0,6,80,81,80,75
"991",0,0,73,72,73,72
"992",3,4,59,58,56,54
"993",0,1,67,68,67,67
"994",0,0,74,72,74,72
"995",0,9,77,78,77,69
"996",17,4,66,67,49,63
"997",0,2,72,73,72,71
"998",0,4,81,81,81,77
"999",0,0,78,78,78,78
"1000",1,28,74,74,73,46
