"","Correct_model_perc_eucledian","Correct_model_perc_mahalanovis","Null_model_perc_eucledian","Null_model_perc_mahalanovis","Percentage_difference_eucledian","Percentage_difference_mahalanovis"
"1",1,14,100,100,99,86
"2",3,3,100,100,97,97
"3",10.5,1,100,100,89.5,99
"4",0,9,100,100,100,91
"5",3.5,2,100,100,96.5,98
"6",0,0,100,100,100,100
"7",0,9,100,100,100,91
"8",0.5,0,99.5,99.5,99,99.5
"9",2,0,100,100,98,100
"10",0,13,100,100,100,87
"11",1,8.5,100,100,99,91.5
"12",21.5,0,100,100,78.5,100
"13",3.5,1,100,100,96.5,99
"14",1,7,99.5,99.5,98.5,92.5
"15",0.5,0,100,100,99.5,100
"16",10.5,0,100,100,89.5,100
"17",4.5,0,100,100,95.5,100
"18",0.5,1,100,100,99.5,99
"19",0,14,100,100,100,86
"20",0,0,100,100,100,100
"21",2,6.5,100,100,98,93.5
"22",4.5,8,100,100,95.5,92
"23",4,0.5,100,100,96,99.5
"24",0,0,100,100,100,100
"25",0,0.5,100,100,100,99.5
"26",1.5,17,100,100,98.5,83
"27",0,0,100,100,100,100
"28",4.5,0.5,99.5,99.5,95,99
"29",0,0,99.5,99.5,99.5,99.5
"30",0,4,100,100,100,96
"31",0,0,100,100,100,100
"32",0,0.5,100,100,100,99.5
"33",0,1,100,100,100,99
"34",0,0,100,100,100,100
"35",0,0,100,100,100,100
"36",1,3,100,100,99,97
"37",0.5,13,100,100,99.5,87
"38",0,1,100,100,100,99
"39",0,1.5,100,100,100,98.5
"40",0.5,2,100,100,99.5,98
"41",0,2,100,99.5,100,97.5
"42",2,16,100,100,98,84
"43",0,0,100,100,100,100
"44",5,9,100,100,95,91
"45",2.5,6,100,100,97.5,94
"46",0,1,100,100,100,99
"47",0,0,99.5,99.5,99.5,99.5
"48",2,1.5,100,100,98,98.5
"49",1,1,99.5,99.5,98.5,98.5
"50",6.5,2.5,99.5,99.5,93,97
"51",0,0,100,100,100,100
"52",0.5,9,100,100,99.5,91
"53",2,0,100,100,98,100
"54",0,0,100,100,100,100
"55",0,7,100,100,100,93
"56",3.5,3.5,100,100,96.5,96.5
"57",3,3,100,100,97,97
"58",7,13,100,100,93,87
"59",1.5,5.5,100,100,98.5,94.5
"60",2.5,7,100,100,97.5,93
"61",0,0,100,100,100,100
"62",26.5,5,100,100,73.5,95
"63",0,0,100,100,100,100
"64",27,0,100,100,73,100
"65",0,2.5,99.5,99.5,99.5,97
"66",32.5,5.5,100,100,67.5,94.5
"67",0,1,100,100,100,99
"68",1,0,100,100,99,100
"69",0.5,1.5,100,100,99.5,98.5
"70",2.5,0,100,100,97.5,100
"71",2.5,0,100,100,97.5,100
"72",5.5,13,100,100,94.5,87
"73",0,0,100,100,100,100
"74",0,3,100,100,100,97
"75",0,3,99.5,99.5,99.5,96.5
"76",2,0.5,100,100,98,99.5
"77",0,2.5,100,100,100,97.5
"78",0.5,0,100,100,99.5,100
"79",0,0,99.5,99.5,99.5,99.5
"80",0,1.5,100,100,100,98.5
"81",0.5,0,100,100,99.5,100
"82",0,2.5,100,100,100,97.5
"83",0.5,2,100,100,99.5,98
"84",0,6.5,100,100,100,93.5
"85",0,0,100,100,100,100
"86",0,3.5,100,100,100,96.5
"87",0,0,100,100,100,100
"88",18,4,100,100,82,96
"89",11,20,100,100,89,80
"90",0,1.5,100,100,100,98.5
"91",6,1,100,100,94,99
"92",0,0,100,100,100,100
"93",0.5,0,100,100,99.5,100
"94",0,0,100,100,100,100
"95",2.5,5.5,100,100,97.5,94.5
"96",0,0,100,100,100,100
"97",2,6,100,100,98,94
"98",0.5,0.5,100,100,99.5,99.5
"99",21.5,6.5,100,100,78.5,93.5
"100",23.5,8.5,100,100,76.5,91.5
"101",0,1,100,100,100,99
"102",0,5.5,100,100,100,94.5
"103",16,0,100,100,84,100
"104",0,0,100,100,100,100
"105",0,0,100,100,100,100
"106",0.5,0,100,100,99.5,100
"107",2,0,100,100,98,100
"108",15,0,100,100,85,100
"109",0,2,100,100,100,98
"110",0.5,0,100,100,99.5,100
"111",1,10,100,100,99,90
"112",1,0,100,100,99,100
"113",1.5,0,100,100,98.5,100
"114",3.5,4,100,100,96.5,96
"115",0,1.5,100,100,100,98.5
"116",4.5,5,100,100,95.5,95
"117",4,2.5,100,100,96,97.5
"118",3.5,0,100,100,96.5,100
"119",0,0,100,100,100,100
"120",0,0,100,100,100,100
"121",0,0,100,100,100,100
"122",0,1.5,100,100,100,98.5
"123",7.5,26,100,100,92.5,74
"124",0,4.5,100,100,100,95.5
"125",0,0,100,100,100,100
"126",0.5,0,100,100,99.5,100
"127",4,3.5,100,100,96,96.5
"128",14.5,0,100,100,85.5,100
"129",0.5,1,100,100,99.5,99
"130",1,0,100,100,99,100
"131",2,9.5,100,100,98,90.5
"132",0,0,100,100,100,100
"133",0,1,100,100,100,99
"134",1.5,0,100,100,98.5,100
"135",32,0,100,100,68,100
"136",27.5,0,99.5,99.5,72,99.5
"137",1.5,0.5,100,100,98.5,99.5
"138",0,10,100,100,100,90
"139",0,1.5,100,100,100,98.5
"140",0.5,9,100,100,99.5,91
"141",4,6.5,100,100,96,93.5
"142",0,0,100,100,100,100
"143",0.5,2.5,100,100,99.5,97.5
"144",0,6.5,100,100,100,93.5
"145",0,0.5,100,100,100,99.5
"146",0,7,100,100,100,93
"147",5,13.5,100,100,95,86.5
"148",0,0,100,100,100,100
"149",1.5,0.5,100,100,98.5,99.5
"150",7,8,100,100,93,92
"151",7.5,6.5,100,100,92.5,93.5
"152",6.5,0,100,99.5,93.5,99.5
"153",3.5,0.5,100,100,96.5,99.5
"154",0.5,0,100,100,99.5,100
"155",0,0,100,100,100,100
"156",1.5,0,100,100,98.5,100
"157",1,1,99.5,99.5,98.5,98.5
"158",42,0,100,100,58,100
"159",0,6,99.5,99.5,99.5,93.5
"160",0,4,100,100,100,96
"161",0,0,100,100,100,100
"162",1.5,3,100,100,98.5,97
"163",7,0,100,100,93,100
"164",4,17.5,100,100,96,82.5
"165",4.5,1.5,100,100,95.5,98.5
"166",0,0,100,100,100,100
"167",18,3.5,100,100,82,96.5
"168",15.5,9.5,99.5,99.5,84,90
"169",0,0,100,100,100,100
"170",0,0,100,100,100,100
"171",0,3.5,100,100,100,96.5
"172",0,0,100,100,100,100
"173",0,0.5,100,100,100,99.5
"174",0,5,100,100,100,95
"175",5.5,0,100,100,94.5,100
"176",2.5,1.5,100,100,97.5,98.5
"177",0,3.5,100,100,100,96.5
"178",3.5,1.5,100,100,96.5,98.5
"179",0,0,100,100,100,100
"180",1,17,100,100,99,83
"181",0,0,100,100,100,100
"182",0.5,1,100,100,99.5,99
"183",15.5,4.5,100,100,84.5,95.5
"184",0,3,100,100,100,97
"185",1.5,8.5,100,100,98.5,91.5
"186",0,5.5,100,100,100,94.5
"187",0,17,100,100,100,83
"188",5,1.5,100,100,95,98.5
"189",0,4.5,100,100,100,95.5
"190",5,18.5,100,100,95,81.5
"191",1.5,11.5,100,100,98.5,88.5
"192",0,0,100,100,100,100
"193",1.5,0.5,100,100,98.5,99.5
"194",3.5,1.5,99.5,99.5,96,98
"195",5.5,8,100,100,94.5,92
"196",0,1.5,100,100,100,98.5
"197",0,0.5,100,100,100,99.5
"198",2,5.5,100,100,98,94.5
"199",0.5,3,100,100,99.5,97
"200",7.5,1.5,100,100,92.5,98.5
"201",6.5,0,100,100,93.5,100
"202",2.5,9,100,100,97.5,91
"203",42,0,100,100,58,100
"204",0,2,100,100,100,98
"205",0.5,7.5,100,100,99.5,92.5
"206",0,7.5,100,100,100,92.5
"207",6,2.5,100,100,94,97.5
"208",2.5,5,100,100,97.5,95
"209",0,2.5,99.5,99.5,99.5,97
"210",6,1,99.5,99.5,93.5,98.5
"211",0,0.5,100,100,100,99.5
"212",0,0,100,100,100,100
"213",8.5,4,100,100,91.5,96
"214",0,0.5,100,100,100,99.5
"215",2,0,100,100,98,100
"216",6.5,0,100,100,93.5,100
"217",1,1.5,99.5,99.5,98.5,98
"218",17.5,1.5,100,100,82.5,98.5
"219",5,0,100,100,95,100
"220",0,2.5,100,100,100,97.5
"221",7,20,100,100,93,80
"222",0,1,100,100,100,99
"223",0,5.5,99.5,99.5,99.5,94
"224",0,11.5,100,100,100,88.5
"225",15,25,100,100,85,75
"226",1.5,8.5,100,100,98.5,91.5
"227",5,4,100,100,95,96
"228",0.5,0,100,100,99.5,100
"229",0,0,100,100,100,100
"230",25.5,12,100,100,74.5,88
"231",0,0,100,100,100,100
"232",7,7.5,100,100,93,92.5
"233",0,1,100,100,100,99
"234",0.5,0.5,100,100,99.5,99.5
"235",9,1.5,100,100,91,98.5
"236",14,13.5,100,100,86,86.5
"237",1,0.5,100,100,99,99.5
"238",3.5,2.5,100,100,96.5,97.5
"239",1.5,4,100,100,98.5,96
"240",0,0.5,99.5,99.5,99.5,99
"241",0,0.5,99.5,99.5,99.5,99
"242",0,8,100,100,100,92
"243",18,6,100,100,82,94
"244",0,3.5,100,100,100,96.5
"245",11.5,0,100,100,88.5,100
"246",0,0.5,100,100,100,99.5
"247",2,1.5,100,100,98,98.5
"248",0,0.5,100,100,100,99.5
"249",5,3,100,100,95,97
"250",2.5,26.5,100,100,97.5,73.5
"251",0,0,100,100,100,100
"252",0,4,100,100,100,96
"253",0,2,100,100,100,98
"254",0,5,100,100,100,95
"255",0,0,100,100,100,100
"256",0.5,3.5,100,100,99.5,96.5
"257",5.5,5,100,100,94.5,95
"258",10.5,0,100,100,89.5,100
"259",0,0,100,100,100,100
"260",5.5,0.5,100,100,94.5,99.5
"261",0,0,100,100,100,100
"262",0.5,2,100,100,99.5,98
"263",0.5,3,100,100,99.5,97
"264",0,0,100,100,100,100
"265",3,1,100,100,97,99
"266",0,0.5,100,100,100,99.5
"267",2.5,0,100,100,97.5,100
"268",6.5,0,100,100,93.5,100
"269",0,6.5,100,100,100,93.5
"270",0,1,100,100,100,99
"271",0,0,100,100,100,100
"272",0,4,100,100,100,96
"273",0,0,100,100,100,100
"274",4,7.5,100,100,96,92.5
"275",8,9.5,100,100,92,90.5
"276",0,12.5,100,100,100,87.5
"277",4.5,0.5,100,100,95.5,99.5
"278",1.5,15.5,100,100,98.5,84.5
"279",0,0,100,100,100,100
"280",3,4.5,100,100,97,95.5
"281",0,0.5,99.5,99.5,99.5,99
"282",0,9.5,100,100,100,90.5
"283",0,3,100,100,100,97
"284",37.5,1,100,100,62.5,99
"285",0.5,11,100,100,99.5,89
"286",0.5,0.5,100,100,99.5,99.5
"287",1,0,100,100,99,100
"288",0,1,100,100,100,99
"289",0.5,0.5,99.5,99.5,99,99
"290",2,7,99.5,99.5,97.5,92.5
"291",0,13,100,100,100,87
"292",0.5,1,100,100,99.5,99
"293",0.5,0.5,100,100,99.5,99.5
"294",0,0,100,100,100,100
"295",0,3.5,100,100,100,96.5
"296",0.5,1.5,100,100,99.5,98.5
"297",0,3.5,100,100,100,96.5
"298",4,1,100,100,96,99
"299",16,17.5,100,100,84,82.5
"300",0,13,100,100,100,87
"301",0,0,100,100,100,100
"302",0,5,100,100,100,95
"303",0,4.5,100,100,100,95.5
"304",0,6.5,100,100,100,93.5
"305",1,0.5,100,100,99,99.5
"306",8,15,100,100,92,85
"307",0,18,100,100,100,82
"308",11.5,2,100,100,88.5,98
"309",8,0,100,100,92,100
"310",5.5,1,100,100,94.5,99
"311",4.5,5.5,99.5,99.5,95,94
"312",0.5,1,100,100,99.5,99
"313",2.5,0,100,100,97.5,100
"314",0,0,100,100,100,100
"315",0,0.5,100,100,100,99.5
"316",6.5,7.5,100,100,93.5,92.5
"317",1.5,0,100,100,98.5,100
"318",0,0,100,100,100,100
"319",0,0,100,100,100,100
"320",0,0,100,100,100,100
"321",0,0,100,100,100,100
"322",8,18,100,100,92,82
"323",0,2,100,100,100,98
"324",12,0,100,100,88,100
"325",10,5.5,100,100,90,94.5
"326",0,1,100,100,100,99
"327",0,0,100,100,100,100
"328",0,5.5,100,100,100,94.5
"329",25.5,0,100,100,74.5,100
"330",0,3.5,100,100,100,96.5
"331",0,0,100,100,100,100
"332",7,5.5,100,100,93,94.5
"333",0,0,100,100,100,100
"334",5,2,100,100,95,98
"335",0,0,100,100,100,100
"336",0,0,100,100,100,100
"337",0,3.5,100,100,100,96.5
"338",0,2.5,100,100,100,97.5
"339",0,1.5,100,100,100,98.5
"340",17,2.5,100,100,83,97.5
"341",3,0,100,100,97,100
"342",9,3,99.5,99.5,90.5,96.5
"343",9.5,0,100,100,90.5,100
"344",1,2.5,100,100,99,97.5
"345",0,9,100,100,100,91
"346",2,5,100,100,98,95
"347",1,0.5,100,100,99,99.5
"348",3.5,1,100,100,96.5,99
"349",2.5,0,100,100,97.5,100
"350",0,0,100,100,100,100
"351",5.5,4.5,100,100,94.5,95.5
"352",0,2.5,100,100,100,97.5
"353",4,0,100,100,96,100
"354",5.5,7,100,100,94.5,93
"355",0,0,100,100,100,100
"356",0,0,100,100,100,100
"357",0,0,100,100,100,100
"358",0,3,100,100,100,97
"359",1.5,9.5,100,100,98.5,90.5
"360",0.5,1,100,100,99.5,99
"361",2,4.5,100,100,98,95.5
"362",1,0,100,100,99,100
"363",0,10.5,100,100,100,89.5
"364",0,0,100,100,100,100
"365",7.5,2,100,100,92.5,98
"366",5,0,100,100,95,100
"367",2.5,8.5,100,100,97.5,91.5
"368",0,1.5,100,100,100,98.5
"369",1.5,0,99.5,99.5,98,99.5
"370",2,0,100,100,98,100
"371",1,0,100,100,99,100
"372",2.5,0,100,100,97.5,100
"373",24,0,100,100,76,100
"374",0,9,100,100,100,91
"375",8,7,100,100,92,93
"376",0,2.5,100,100,100,97.5
"377",5,15,100,100,95,85
"378",0,2.5,100,100,100,97.5
"379",6.5,11.5,100,100,93.5,88.5
"380",0,0,100,100,100,100
"381",0,0.5,99.5,99.5,99.5,99
"382",0,2,100,100,100,98
"383",0.5,0,100,100,99.5,100
"384",0.5,9.5,100,100,99.5,90.5
"385",0.5,4,100,100,99.5,96
"386",0,0,100,100,100,100
"387",12,0,100,100,88,100
"388",2,6,100,100,98,94
"389",0,13.5,100,100,100,86.5
"390",15,11.5,100,100,85,88.5
"391",0,21,100,100,100,79
"392",2,0,100,100,98,100
"393",0,1,100,100,100,99
"394",18,1.5,100,100,82,98.5
"395",0,2.5,100,100,100,97.5
"396",2,0,100,100,98,100
"397",0,4,100,100,100,96
"398",0.5,14,100,100,99.5,86
"399",33,11,100,100,67,89
"400",1,5,100,100,99,95
"401",0,0,100,100,100,100
"402",4,1,100,100,96,99
"403",0.5,4.5,100,100,99.5,95.5
"404",0,3,100,100,100,97
"405",4,13.5,100,100,96,86.5
"406",7.5,17.5,100,100,92.5,82.5
"407",4,6,100,100,96,94
"408",1.5,5,100,100,98.5,95
"409",0.5,4.5,100,100,99.5,95.5
"410",0,0,100,100,100,100
"411",0,1,100,100,100,99
"412",0,0.5,100,100,100,99.5
"413",0,0,100,100,100,100
"414",0,0,100,100,100,100
"415",0,2.5,100,100,100,97.5
"416",0,1,100,100,100,99
"417",16.5,0,100,100,83.5,100
"418",1.5,2,100,100,98.5,98
"419",4.5,2,100,100,95.5,98
"420",1,5,100,100,99,95
"421",0,8,99.5,99.5,99.5,91.5
"422",9.5,3,100,100,90.5,97
"423",9,4.5,100,100,91,95.5
"424",2,8.5,100,100,98,91.5
"425",3.5,0,100,100,96.5,100
"426",0,1.5,100,100,100,98.5
"427",0,7.5,100,100,100,92.5
"428",1.5,0,100,100,98.5,100
"429",0,2.5,100,100,100,97.5
"430",1.5,0,100,100,98.5,100
"431",0.5,5,100,100,99.5,95
"432",0,0,100,100,100,100
"433",1.5,5.5,100,100,98.5,94.5
"434",0,0,100,100,100,100
"435",0,0.5,100,100,100,99.5
"436",0,2,100,100,100,98
"437",0,2.5,100,100,100,97.5
"438",6.5,1,100,100,93.5,99
"439",0,3,100,100,100,97
"440",0,0,100,100,100,100
"441",1,0.5,100,100,99,99.5
"442",5,0.5,100,100,95,99.5
"443",3.5,0.5,100,100,96.5,99.5
"444",24.5,1.5,100,100,75.5,98.5
"445",0,7,100,100,100,93
"446",0,5.5,100,100,100,94.5
"447",0,1.5,100,100,100,98.5
"448",0,3.5,100,100,100,96.5
"449",27,1.5,100,100,73,98.5
"450",0.5,2.5,100,100,99.5,97.5
"451",0,1,100,100,100,99
"452",7.5,0,100,100,92.5,100
"453",0,0.5,100,100,100,99.5
"454",0,0,100,100,100,100
"455",6,5.5,99.5,99.5,93.5,94
"456",0,0.5,100,100,100,99.5
"457",0,0,100,100,100,100
"458",0.5,0,100,100,99.5,100
"459",6,1.5,99.5,99.5,93.5,98
"460",4,5,100,100,96,95
"461",0,0.5,100,100,100,99.5
"462",0,1,100,100,100,99
"463",0,3,100,100,100,97
"464",0,0,100,100,100,100
"465",0,12,100,100,100,88
"466",0.5,0,99.5,99.5,99,99.5
"467",0.5,2,100,100,99.5,98
"468",0,1,100,100,100,99
"469",4.5,2.5,100,100,95.5,97.5
"470",0,0.5,100,100,100,99.5
"471",5.5,0.5,100,100,94.5,99.5
"472",19,0,100,100,81,100
"473",1.5,8.5,100,100,98.5,91.5
"474",0,9.5,100,100,100,90.5
"475",0.5,1.5,100,100,99.5,98.5
"476",0,0,100,100,100,100
"477",0,0,100,100,100,100
"478",11.5,4,100,100,88.5,96
"479",30,1,100,100,70,99
"480",9.5,4,100,100,90.5,96
"481",0,4.5,100,100,100,95.5
"482",0,1.5,100,100,100,98.5
"483",0,0,100,100,100,100
"484",18.5,13,100,100,81.5,87
"485",0,1,100,100,100,99
"486",0,3,100,100,100,97
"487",1,5.5,100,100,99,94.5
"488",3.5,19.5,100,100,96.5,80.5
"489",0.5,1,100,100,99.5,99
"490",0,0,100,100,100,100
"491",0,1,100,100,100,99
"492",34.5,43.5,100,100,65.5,56.5
"493",0,0,100,100,100,100
"494",0,1,100,100,100,99
"495",5,16,100,100,95,84
"496",3,2,100,100,97,98
"497",1,5.5,100,100,99,94.5
"498",0.5,1.5,100,100,99.5,98.5
"499",0,0,100,100,100,100
"500",14,23.5,100,100,86,76.5
"501",0,0.5,100,100,100,99.5
"502",0,0.5,100,100,100,99.5
"503",6,15,99.5,99.5,93.5,84.5
"504",0,0,100,100,100,100
"505",0,0,100,100,100,100
"506",11.5,0,100,100,88.5,100
"507",0,3.5,100,100,100,96.5
"508",10,17.5,100,100,90,82.5
"509",2,3,100,100,98,97
"510",7,1,100,100,93,99
"511",3.5,0,100,100,96.5,100
"512",1.5,3,100,100,98.5,97
"513",0,1.5,100,100,100,98.5
"514",3,0,100,100,97,100
"515",25.5,3,100,100,74.5,97
"516",15.5,14.5,100,100,84.5,85.5
"517",30,0.5,100,100,70,99.5
"518",0,0,100,100,100,100
"519",0,0,100,100,100,100
"520",0,2,100,100,100,98
"521",4,14,100,100,96,86
"522",0.5,0.5,100,100,99.5,99.5
"523",0.5,4,100,100,99.5,96
"524",0.5,4,100,100,99.5,96
"525",0,2.5,100,100,100,97.5
"526",7.5,1,100,100,92.5,99
"527",0.5,2,100,100,99.5,98
"528",0,0,99.5,99.5,99.5,99.5
"529",34,15,100,100,66,85
"530",0,7,100,100,100,93
"531",2.5,2.5,100,100,97.5,97.5
"532",3.5,7.5,100,100,96.5,92.5
"533",19,0,100,100,81,100
"534",20,13,100,100,80,87
"535",1.5,0,100,100,98.5,100
"536",0.5,0,100,100,99.5,100
"537",0,0,100,100,100,100
"538",0.5,0,100,100,99.5,100
"539",0,11,100,100,100,89
"540",8.5,20.5,100,100,91.5,79.5
"541",1.5,0,100,100,98.5,100
"542",0,6.5,100,100,100,93.5
"543",0,2.5,100,100,100,97.5
"544",2.5,0,100,100,97.5,100
"545",3,0,100,100,97,100
"546",1.5,23,100,100,98.5,77
"547",0,2,100,100,100,98
"548",0,1,100,100,100,99
"549",0,0,100,100,100,100
"550",7,7,100,100,93,93
"551",2,7,100,100,98,93
"552",0,1.5,100,100,100,98.5
"553",0,4.5,100,100,100,95.5
"554",2,5,100,100,98,95
"555",0,2,99.5,99.5,99.5,97.5
"556",2.5,2,100,100,97.5,98
"557",28,0.5,100,100,72,99.5
"558",7,16,100,100,93,84
"559",0.5,1.5,100,100,99.5,98.5
"560",0.5,0.5,100,100,99.5,99.5
"561",7.5,5,100,100,92.5,95
"562",1,0,100,100,99,100
"563",0,1,100,100,100,99
"564",1.5,7,100,100,98.5,93
"565",2.5,0.5,100,100,97.5,99.5
"566",0.5,0,100,100,99.5,100
"567",11,13,100,100,89,87
"568",0,5.5,100,100,100,94.5
"569",4,0.5,100,100,96,99.5
"570",4,12,100,100,96,88
"571",24,1,100,100,76,99
"572",0.5,5.5,100,100,99.5,94.5
"573",0,5,100,100,100,95
"574",0.5,0.5,100,100,99.5,99.5
"575",56,12,100,100,44,88
"576",0,0,100,100,100,100
"577",0.5,0,100,100,99.5,100
"578",0,2,100,100,100,98
"579",2.5,0,100,100,97.5,100
"580",0,0,100,100,100,100
"581",0,0,100,100,100,100
"582",3.5,1,100,100,96.5,99
"583",0,0.5,100,100,100,99.5
"584",0,5.5,100,100,100,94.5
"585",0,14.5,100,100,100,85.5
"586",0,1,100,100,100,99
"587",0,2,100,100,100,98
"588",2.5,3.5,100,100,97.5,96.5
"589",4,1.5,100,100,96,98.5
"590",0,0,100,100,100,100
"591",27,11,100,100,73,89
"592",0,0,100,100,100,100
"593",0.5,1.5,100,100,99.5,98.5
"594",34.5,2,100,100,65.5,98
"595",4.5,0,99.5,99.5,95,99.5
"596",0,3,100,100,100,97
"597",8.5,5,100,100,91.5,95
"598",1,3.5,100,100,99,96.5
"599",1,0,100,100,99,100
"600",0,5.5,100,100,100,94.5
"601",0.5,1.5,100,100,99.5,98.5
"602",0,1.5,100,100,100,98.5
"603",0,3,100,100,100,97
"604",0,5,100,100,100,95
"605",0,0,100,100,100,100
"606",0,7.5,100,100,100,92.5
"607",23.5,0.5,100,100,76.5,99.5
"608",16.5,0,100,100,83.5,100
"609",2,4.5,100,100,98,95.5
"610",0.5,0.5,100,100,99.5,99.5
"611",9,5,100,100,91,95
"612",8,1.5,100,100,92,98.5
"613",0,0,100,100,100,100
"614",0,0.5,100,100,100,99.5
"615",16.5,5.5,100,100,83.5,94.5
"616",0,1,100,100,100,99
"617",1.5,0,100,100,98.5,100
"618",0.5,0,100,100,99.5,100
"619",0.5,0,100,100,99.5,100
"620",10.5,6.5,100,100,89.5,93.5
"621",11.5,4,100,100,88.5,96
"622",4,2.5,99.5,99.5,95.5,97
"623",1,2.5,100,100,99,97.5
"624",3,5,100,100,97,95
"625",0.5,0.5,100,100,99.5,99.5
"626",0,1.5,100,100,100,98.5
"627",5,0,100,100,95,100
"628",0,1.5,100,100,100,98.5
"629",6.5,9.5,100,100,93.5,90.5
"630",0,0.5,100,100,100,99.5
"631",4.5,0,100,100,95.5,100
"632",6.5,0,99.5,99.5,93,99.5
"633",20.5,0,100,100,79.5,100
"634",0,8,100,100,100,92
"635",2.5,0.5,99.5,99.5,97,99
"636",0,2,100,100,100,98
"637",0,0.5,99.5,99.5,99.5,99
"638",0,2,100,100,100,98
"639",5,8.5,99.5,99.5,94.5,91
"640",0,5,100,100,100,95
"641",2.5,1.5,100,100,97.5,98.5
"642",3,0,100,100,97,100
"643",14.5,5.5,99.5,99.5,85,94
"644",5.5,1.5,100,100,94.5,98.5
"645",3,0,100,100,97,100
"646",0,2.5,100,100,100,97.5
"647",0,0,100,100,100,100
"648",1.5,15.5,100,100,98.5,84.5
"649",1,4,100,100,99,96
"650",3,0,99.5,99.5,96.5,99.5
"651",10,0.5,100,100,90,99.5
"652",0,0,100,100,100,100
"653",2.5,0,100,100,97.5,100
"654",1.5,0,100,100,98.5,100
"655",0,0,100,100,100,100
"656",10,5,100,100,90,95
"657",0,5.5,100,100,100,94.5
"658",1.5,3.5,100,100,98.5,96.5
"659",11,16,100,100,89,84
"660",0,0.5,100,100,100,99.5
"661",14.5,11.5,99.5,99.5,85,88
"662",0,0,100,100,100,100
"663",23.5,10.5,100,100,76.5,89.5
"664",0,8.5,100,100,100,91.5
"665",1.5,0,100,100,98.5,100
"666",9.5,13.5,100,100,90.5,86.5
"667",0,0.5,100,100,100,99.5
"668",3.5,10.5,100,100,96.5,89.5
"669",0,3.5,100,100,100,96.5
"670",3.5,1.5,100,100,96.5,98.5
"671",1,0.5,100,100,99,99.5
"672",1.5,10.5,100,100,98.5,89.5
"673",8.5,0.5,100,100,91.5,99.5
"674",0,3.5,100,100,100,96.5
"675",0,2.5,100,100,100,97.5
"676",0,0,100,100,100,100
"677",0,0,100,100,100,100
"678",0,1,100,100,100,99
"679",1,1.5,100,100,99,98.5
"680",2.5,2.5,100,100,97.5,97.5
"681",14.5,4.5,100,100,85.5,95.5
"682",0,0.5,100,100,100,99.5
"683",1.5,0.5,100,100,98.5,99.5
"684",0,0,100,100,100,100
"685",1.5,16,100,100,98.5,84
"686",0,1,100,100,100,99
"687",0,0,100,100,100,100
"688",0,0.5,100,100,100,99.5
"689",0,2.5,100,100,100,97.5
"690",14.5,14,100,100,85.5,86
"691",3.5,0,100,100,96.5,100
"692",2,5,100,100,98,95
"693",0,3.5,100,100,100,96.5
"694",19.5,1.5,100,100,80.5,98.5
"695",0,1.5,100,100,100,98.5
"696",0,2,100,100,100,98
"697",0.5,4,100,100,99.5,96
"698",12.5,7,100,100,87.5,93
"699",0,0.5,100,100,100,99.5
"700",0,0.5,100,100,100,99.5
"701",0,0.5,100,100,100,99.5
"702",0,2,100,100,100,98
"703",2,0,100,100,98,100
"704",8.5,0,100,100,91.5,100
"705",0,3.5,100,100,100,96.5
"706",0,2,100,100,100,98
"707",0,0,100,100,100,100
"708",9.5,1.5,100,100,90.5,98.5
"709",2,3,100,100,98,97
"710",0,0.5,100,100,100,99.5
"711",0.5,1,100,100,99.5,99
"712",0,6,100,100,100,94
"713",18.5,8.5,100,100,81.5,91.5
"714",0,1.5,100,100,100,98.5
"715",0,1.5,99.5,99.5,99.5,98
"716",2,2,100,100,98,98
"717",0.5,0,100,100,99.5,100
"718",0.5,6,100,100,99.5,94
"719",0,0,100,100,100,100
"720",3.5,7,100,100,96.5,93
"721",12,3.5,100,100,88,96.5
"722",13,13.5,100,100,87,86.5
"723",0.5,26.5,100,100,99.5,73.5
"724",1.5,4,100,100,98.5,96
"725",0,2,100,100,100,98
"726",0,0,100,100,100,100
"727",1.5,3.5,100,100,98.5,96.5
"728",1,0,100,100,99,100
"729",17,16,100,100,83,84
"730",0,0,100,100,100,100
"731",32,6.5,100,100,68,93.5
"732",0,8,100,100,100,92
"733",28.5,0,100,100,71.5,100
"734",8,4.5,100,100,92,95.5
"735",0.5,20,100,100,99.5,80
"736",0,4.5,100,100,100,95.5
"737",9,10,99.5,99.5,90.5,89.5
"738",3.5,4,100,100,96.5,96
"739",7.5,1,100,100,92.5,99
"740",0,4.5,100,100,100,95.5
"741",0,2,100,100,100,98
"742",0,0,100,100,100,100
"743",0,0.5,100,100,100,99.5
"744",0,5,100,100,100,95
"745",0,1.5,100,100,100,98.5
"746",1,3,100,100,99,97
"747",6.5,0,99.5,99.5,93,99.5
"748",3,6.5,100,100,97,93.5
"749",0,0,100,100,100,100
"750",0,11,100,100,100,89
"751",0,1,100,100,100,99
"752",0,4,100,100,100,96
"753",6,1.5,100,100,94,98.5
"754",0,0,100,100,100,100
"755",0,0,100,100,100,100
"756",0,0,100,100,100,100
"757",0.5,0,100,100,99.5,100
"758",6.5,2,100,100,93.5,98
"759",0,4,100,100,100,96
"760",0,0,100,100,100,100
"761",0,0.5,100,100,100,99.5
"762",0,12.5,100,100,100,87.5
"763",0,0,100,100,100,100
"764",2,2.5,100,100,98,97.5
"765",0,0,100,100,100,100
"766",0,0,100,100,100,100
"767",0,0,100,100,100,100
"768",1.5,8,100,100,98.5,92
"769",14.5,14,100,100,85.5,86
"770",0,2,100,100,100,98
"771",0,0,100,100,100,100
"772",0,2,100,100,100,98
"773",2.5,10.5,100,100,97.5,89.5
"774",0,0.5,99.5,99.5,99.5,99
"775",0,0.5,100,100,100,99.5
"776",0.5,3,100,100,99.5,97
"777",1,0,100,100,99,100
"778",2.5,8,99.5,99.5,97,91.5
"779",33.5,12,100,100,66.5,88
"780",0,0.5,100,100,100,99.5
"781",1,0,100,100,99,100
"782",0,7,100,100,100,93
"783",0,6.5,100,100,100,93.5
"784",0.5,0,100,100,99.5,100
"785",0,3,100,100,100,97
"786",10,12,100,100,90,88
"787",0,0.5,100,100,100,99.5
"788",3.5,4,100,100,96.5,96
"789",0,3,100,100,100,97
"790",0,0.5,99,99,99,98.5
"791",0,0.5,100,100,100,99.5
"792",0,1,100,100,100,99
"793",0,5,100,100,100,95
"794",2,0,100,100,98,100
"795",0,0,100,100,100,100
"796",0,7,99.5,99.5,99.5,92.5
"797",11,0.5,100,100,89,99.5
"798",0,6.5,100,100,100,93.5
"799",9.5,2.5,100,100,90.5,97.5
"800",0.5,3,99.5,99.5,99,96.5
"801",0.5,4.5,100,100,99.5,95.5
"802",0,0.5,100,100,100,99.5
"803",3.5,0.5,100,100,96.5,99.5
"804",0,1.5,100,100,100,98.5
"805",3,0,100,100,97,100
"806",8,12,100,100,92,88
"807",0,2.5,100,100,100,97.5
"808",6.5,9,100,100,93.5,91
"809",0.5,4.5,100,100,99.5,95.5
"810",0.5,3.5,100,100,99.5,96.5
"811",0,0,100,100,100,100
"812",0.5,1.5,100,100,99.5,98.5
"813",0,0.5,100,100,100,99.5
"814",2,5.5,100,100,98,94.5
"815",0.5,0,100,100,99.5,100
"816",0,2.5,100,100,100,97.5
"817",0.5,3,100,100,99.5,97
"818",1.5,8,99.5,99.5,98,91.5
"819",3.5,6,100,100,96.5,94
"820",1,12.5,99.5,99.5,98.5,87
"821",7.5,0,100,100,92.5,100
"822",6.5,16.5,99.5,99.5,93,83
"823",0,0,100,100,100,100
"824",0,7,100,100,100,93
"825",0,0,100,100,100,100
"826",2.5,7,100,100,97.5,93
"827",1.5,1.5,100,100,98.5,98.5
"828",3,0,100,100,97,100
"829",0,13.5,100,100,100,86.5
"830",13,0,100,100,87,100
"831",0,3.5,100,100,100,96.5
"832",0,0,100,100,100,100
"833",0.5,3,100,100,99.5,97
"834",1.5,12,100,100,98.5,88
"835",1,0,100,100,99,100
"836",38,0,100,100,62,100
"837",6,4,100,100,94,96
"838",0,0.5,100,100,100,99.5
"839",0,0,100,100,100,100
"840",0,12,100,100,100,88
"841",2,1.5,100,100,98,98.5
"842",0.5,1,100,100,99.5,99
"843",0.5,0,100,100,99.5,100
"844",2.5,0.5,100,100,97.5,99.5
"845",2.5,2.5,100,100,97.5,97.5
"846",3.5,0,100,100,96.5,100
"847",0,6.5,100,100,100,93.5
"848",0.5,22,100,100,99.5,78
"849",0,2,100,100,100,98
"850",0,0,100,100,100,100
"851",0,1.5,100,100,100,98.5
"852",7,4.5,100,100,93,95.5
"853",0.5,4,100,100,99.5,96
"854",0.5,1.5,100,100,99.5,98.5
"855",0,0,100,100,100,100
"856",0,0.5,100,100,100,99.5
"857",0,0.5,100,100,100,99.5
"858",3.5,4.5,100,100,96.5,95.5
"859",11,5.5,99.5,99.5,88.5,94
"860",0,1,100,100,100,99
"861",0,2.5,100,100,100,97.5
"862",0,0,100,100,100,100
"863",0.5,1.5,100,100,99.5,98.5
"864",0,0,100,100,100,100
"865",0,0,100,100,100,100
"866",0,2.5,100,100,100,97.5
"867",5.5,0.5,100,100,94.5,99.5
"868",0,0.5,100,100,100,99.5
"869",0.5,0,100,100,99.5,100
"870",2.5,3.5,100,100,97.5,96.5
"871",0,0,100,100,100,100
"872",5.5,0,100,100,94.5,100
"873",7.5,2.5,100,100,92.5,97.5
"874",0,6,100,100,100,94
"875",6.5,1,100,100,93.5,99
"876",0,0.5,100,100,100,99.5
"877",3,1.5,100,100,97,98.5
"878",6.5,0,99.5,99.5,93,99.5
"879",3,0.5,100,100,97,99.5
"880",0,1.5,100,100,100,98.5
"881",0,0,100,100,100,100
"882",6.5,3.5,100,100,93.5,96.5
"883",0.5,0,100,100,99.5,100
"884",11,0,100,100,89,100
"885",0,1.5,100,100,100,98.5
"886",1.5,0,100,100,98.5,100
"887",0.5,14,100,100,99.5,86
"888",0.5,0.5,100,100,99.5,99.5
"889",0,6,100,100,100,94
"890",0.5,5.5,100,100,99.5,94.5
"891",0,6,100,100,100,94
"892",0,0,100,100,100,100
"893",0,1.5,100,100,100,98.5
"894",0,0.5,100,100,100,99.5
"895",0,0,100,100,100,100
"896",6,5,99.5,99.5,93.5,94.5
"897",0,0,100,100,100,100
"898",3,0,100,100,97,100
"899",0,6,100,100,100,94
"900",2,7,100,100,98,93
"901",0,3.5,100,100,100,96.5
"902",0,1,100,100,100,99
"903",0,0.5,100,100,100,99.5
"904",2,15,100,100,98,85
"905",0,3,100,100,100,97
"906",3,0,100,100,97,100
"907",1.5,0,100,100,98.5,100
"908",0,8.5,100,100,100,91.5
"909",0.5,1,100,100,99.5,99
"910",28.5,6.5,100,100,71.5,93.5
"911",1.5,0,100,100,98.5,100
"912",0,0,100,100,100,100
"913",0,0,100,100,100,100
"914",0,0,100,100,100,100
"915",0,2.5,100,100,100,97.5
"916",0.5,6.5,100,100,99.5,93.5
"917",0,3.5,100,100,100,96.5
"918",11.5,11,100,100,88.5,89
"919",0.5,10.5,100,100,99.5,89.5
"920",0,0,100,100,100,100
"921",0,4.5,99.5,99.5,99.5,95
"922",0,0.5,100,100,100,99.5
"923",1.5,5,100,100,98.5,95
"924",0.5,1.5,100,100,99.5,98.5
"925",1,0,100,100,99,100
"926",3.5,7,100,100,96.5,93
"927",0,0,100,100,100,100
"928",10.5,0.5,100,100,89.5,99.5
"929",0,2,100,100,100,98
"930",0.5,2,100,100,99.5,98
"931",0,0.5,100,100,100,99.5
"932",3,8,100,100,97,92
"933",0.5,11.5,100,100,99.5,88.5
"934",0,0,100,100,100,100
"935",9,2.5,100,100,91,97.5
"936",2.5,3.5,100,100,97.5,96.5
"937",20.5,25,100,100,79.5,75
"938",0,10,100,100,100,90
"939",0,7.5,100,100,100,92.5
"940",0,31,100,100,100,69
"941",1,4.5,100,100,99,95.5
"942",1,0,100,100,99,100
"943",0,3,100,100,100,97
"944",2,0,100,100,98,100
"945",1,1,100,100,99,99
"946",0,0,100,100,100,100
"947",4.5,7,100,100,95.5,93
"948",2.5,0.5,100,100,97.5,99.5
"949",1.5,4,100,100,98.5,96
"950",4.5,4,100,100,95.5,96
"951",0,0,100,100,100,100
"952",2,8.5,100,100,98,91.5
"953",1.5,9.5,100,100,98.5,90.5
"954",0,0.5,100,100,100,99.5
"955",0,1.5,100,100,100,98.5
"956",2.5,0,100,100,97.5,100
"957",30,2.5,100,100,70,97.5
"958",4,4,100,100,96,96
"959",33,0,100,100,67,100
"960",4.5,1,100,100,95.5,99
"961",0,2.5,100,100,100,97.5
"962",26.5,1.5,100,100,73.5,98.5
"963",6.5,1.5,100,100,93.5,98.5
"964",0,0.5,100,100,100,99.5
"965",0,0.5,100,100,100,99.5
"966",2.5,3,100,100,97.5,97
"967",0,0,100,100,100,100
"968",0,0,100,100,100,100
"969",0,0.5,100,100,100,99.5
"970",0,1.5,100,100,100,98.5
"971",1,0,100,100,99,100
"972",0,0.5,100,100,100,99.5
"973",5.5,7.5,100,100,94.5,92.5
"974",0,13,99.5,99.5,99.5,86.5
"975",1.5,1,100,100,98.5,99
"976",0,0,100,100,100,100
"977",0.5,0.5,100,100,99.5,99.5
"978",0,0,100,100,100,100
"979",10,10,100,100,90,90
"980",2.5,6.5,100,100,97.5,93.5
"981",0,2.5,100,100,100,97.5
"982",15.5,13,100,100,84.5,87
"983",2.5,0,100,100,97.5,100
"984",3.5,0.5,100,100,96.5,99.5
"985",4,0,100,100,96,100
"986",0.5,1.5,100,100,99.5,98.5
"987",6,0.5,100,100,94,99.5
"988",0.5,4,100,100,99.5,96
"989",0,0,100,100,100,100
"990",0,1,100,100,100,99
"991",10,0.5,100,100,90,99.5
"992",0,0,100,100,100,100
"993",0,1.5,100,100,100,98.5
"994",0,2,100,100,100,98
"995",0.5,1,100,100,99.5,99
"996",0,3.5,100,100,100,96.5
"997",2,7,100,100,98,93
"998",0,1,100,100,100,99
"999",0.5,3,100,100,99.5,97
"1000",0,4,100,100,100,96
