"","Correct_model_perc_eucledian","Correct_model_perc_mahalanovis","Null_model_perc_eucledian","Null_model_perc_mahalanovis","Percentage_difference_eucledian","Percentage_difference_mahalanovis"
"1",0,3.5,98,98,98,94.5
"2",28,1,99.5,99.5,71.5,98.5
"3",0,0,99.5,99.5,99.5,99.5
"4",1.5,0,98.5,98.5,97,98.5
"5",0,0,99,99,99,99
"6",0,0,98,98,98,98
"7",0,0,99,99,99,99
"8",3,0,99,99,96,99
"9",0,2.5,99,99,99,96.5
"10",0.5,1.5,99,99,98.5,97.5
"11",0,0,99,99,99,99
"12",0,0.5,99.5,99.5,99.5,99
"13",0.5,8,99.5,99.5,99,91.5
"14",15,0,99,99,84,99
"15",0.5,3,98,98,97.5,95
"16",9.5,2,99,99,89.5,97
"17",0,4,99.5,99.5,99.5,95.5
"18",0.5,4,99.5,99.5,99,95.5
"19",0,3,98.5,98.5,98.5,95.5
"20",0,0,98.5,98.5,98.5,98.5
"21",0.5,4,99,99,98.5,95
"22",0,0.5,100,100,100,99.5
"23",4.5,4,99,99,94.5,95
"24",0.5,0.5,99,99,98.5,98.5
"25",0,0,99,99,99,99
"26",11.5,13,99,99,87.5,86
"27",0,0,99,99,99,99
"28",0,2.5,99.5,99.5,99.5,97
"29",0,0,99,99,99,99
"30",0.5,2,99,99,98.5,97
"31",0,0,98.5,98.5,98.5,98.5
"32",0,0,98,98,98,98
"33",0.5,11,99,99,98.5,88
"34",0,0,99.5,99.5,99.5,99.5
"35",0,0,99,99,99,99
"36",1.5,13,99,99,97.5,86
"37",0.5,0,99,99,98.5,99
"38",0,5,100,99.5,100,94.5
"39",0,0.5,99,99.5,99,99
"40",0,1.5,99.5,99.5,99.5,98
"41",2,6.5,98.5,98.5,96.5,92
"42",3,1.5,99,99,96,97.5
"43",0,0.5,98.5,98.5,98.5,98
"44",4,0,99,99,95,99
"45",0,0,99,99,99,99
"46",0,0,99,99,99,99
"47",0,5.5,99,99,99,93.5
"48",0.5,1,99,99,98.5,98
"49",0,3,99,99,99,96
"50",0,0.5,99.5,99.5,99.5,99
"51",1.5,0,98,98,96.5,98
"52",0,1.5,98.5,98.5,98.5,97
"53",3.5,0.5,99.5,99.5,96,99
"54",6,11.5,99,99,93,87.5
"55",0,0,98,98,98,98
"56",0,0,98.5,98.5,98.5,98.5
"57",1,9.5,98.5,98.5,97.5,89
"58",0,0,99.5,99.5,99.5,99.5
"59",0,0,99,99,99,99
"60",0,0,99,99,99,99
"61",0,0.5,99,99,99,98.5
"62",1.5,1,99.5,99.5,98,98.5
"63",0,3,98.5,98.5,98.5,95.5
"64",0,4,98.5,98.5,98.5,94.5
"65",1.5,0,99.5,99.5,98,99.5
"66",2,0,99.5,99.5,97.5,99.5
"67",0,0,99.5,99.5,99.5,99.5
"68",0,6,98,98,98,92
"69",0,0,99,99.5,99,99.5
"70",5,6,99.5,99.5,94.5,93.5
"71",5.5,4,99.5,99.5,94,95.5
"72",0.5,7,99,99,98.5,92
"73",0,0.5,99,99,99,98.5
"74",0,0,99,99,99,99
"75",0,0.5,98,98,98,97.5
"76",0.5,1,99,99,98.5,98
"77",0,0,98.5,98.5,98.5,98.5
"78",5.5,8,99,99,93.5,91
"79",0,2,99.5,99.5,99.5,97.5
"80",0,0,99,99,99,99
"81",0,2.5,99,99,99,96.5
"82",0,5.5,99,99,99,93.5
"83",0,1,98.5,98.5,98.5,97.5
"84",1,5.5,99.5,99.5,98.5,94
"85",0,0,98.5,98.5,98.5,98.5
"86",8,0.5,99.5,99.5,91.5,99
"87",0,2.5,99,99,99,96.5
"88",2,2,98.5,98.5,96.5,96.5
"89",1,14.5,99,99,98,84.5
"90",0,0,98.5,98.5,98.5,98.5
"91",0,0.5,99,99,99,98.5
"92",0,0,98.5,98.5,98.5,98.5
"93",0,2,99,99.5,99,97.5
"94",0,0.5,99.5,99.5,99.5,99
"95",0,6,99.5,99.5,99.5,93.5
"96",0,11,98.5,98.5,98.5,87.5
"97",0,0,100,100,100,100
"98",0,10.5,98.5,98.5,98.5,88
"99",0,1,98,98,98,97
"100",1,11,99,99,98,88
"101",0,5,99,99,99,94
"102",0,2,99.5,99.5,99.5,97.5
"103",0,3.5,99,99,99,95.5
"104",0,1.5,99.5,99.5,99.5,98
"105",0,7,99,99,99,92
"106",0,0,99,99,99,99
"107",0,0,98.5,98.5,98.5,98.5
"108",0,2,99.5,99.5,99.5,97.5
"109",0,11.5,99.5,99.5,99.5,88
"110",0,3.5,99.5,99.5,99.5,96
"111",0,7.5,99,99,99,91.5
"112",0,0,98.5,98.5,98.5,98.5
"113",1,0,99.5,99.5,98.5,99.5
"114",0,0.5,98.5,98.5,98.5,98
"115",2,10,99,99,97,89
"116",0.5,7,99.5,99.5,99,92.5
"117",3.5,0,99,99,95.5,99
"118",3,7,99,99,96,92
"119",0,0,99,99,99,99
"120",0,0,98.5,98.5,98.5,98.5
"121",0.5,0,99.5,99.5,99,99.5
"122",0,0,99.5,99.5,99.5,99.5
"123",2,0,98.5,98.5,96.5,98.5
"124",3.5,1,100,100,96.5,99
"125",4.5,10,99,99,94.5,89
"126",0,1,99,99,99,98
"127",0,0,98.5,98.5,98.5,98.5
"128",0,11,99,99,99,88
"129",0,0,99.5,99.5,99.5,99.5
"130",22,0,99.5,99.5,77.5,99.5
"131",1.5,1,99,99,97.5,98
"132",5.5,4.5,99.5,99.5,94,95
"133",5.5,8.5,100,100,94.5,91.5
"134",2,0.5,99,99,97,98.5
"135",2,0,99.5,99.5,97.5,99.5
"136",0,0,98.5,98.5,98.5,98.5
"137",0,7.5,99.5,99.5,99.5,92
"138",2,0,99,99,97,99
"139",0,0,98,98,98,98
"140",0,0.5,99.5,100,99.5,99.5
"141",2,1,99.5,99.5,97.5,98.5
"142",0.5,0,99,99,98.5,99
"143",0,0,99,99,99,99
"144",0,0,99,99,99,99
"145",0,1.5,99.5,99.5,99.5,98
"146",0.5,0,99.5,99.5,99,99.5
"147",0,0,99,99,99,99
"148",0,2.5,99,99,99,96.5
"149",0,0,98.5,98.5,98.5,98.5
"150",0,0.5,99.5,99.5,99.5,99
"151",0,0,99.5,99.5,99.5,99.5
"152",0,0,99,99,99,99
"153",0,1,98,98,98,97
"154",2.5,1,99.5,99.5,97,98.5
"155",0.5,0,99.5,99.5,99,99.5
"156",0.5,0,99,99,98.5,99
"157",0,0,98.5,98.5,98.5,98.5
"158",6.5,8.5,98.5,98.5,92,90
"159",0,6,98.5,98.5,98.5,92.5
"160",0,0.5,98.5,98.5,98.5,98
"161",0,0.5,99.5,99.5,99.5,99
"162",0,0,99,99,99,99
"163",0,3,99.5,99.5,99.5,96.5
"164",12,10.5,98.5,98.5,86.5,88
"165",1,1.5,99,99,98,97.5
"166",15,12,99,99,84,87
"167",1,0.5,99,99,98,98.5
"168",0,0,100,100,100,100
"169",0,0,97.5,97.5,97.5,97.5
"170",0.5,18.5,99.5,99,99,80.5
"171",0,0,99,99,99,99
"172",0,0,98.5,99,98.5,99
"173",2,0,100,100,98,100
"174",0,0,99,99,99,99
"175",0,0,99,99,99,99
"176",12,9,98.5,98.5,86.5,89.5
"177",0.5,12.5,99.5,100,99,87.5
"178",14.5,0.5,99,99,84.5,98.5
"179",0,0,98.5,98.5,98.5,98.5
"180",0.5,7.5,99.5,99.5,99,92
"181",0,0,98.5,98.5,98.5,98.5
"182",0,0,99,99,99,99
"183",0,11.5,98,98,98,86.5
"184",0,0,98.5,98.5,98.5,98.5
"185",7.5,2.5,99,99,91.5,96.5
"186",0.5,2.5,98.5,98.5,98,96
"187",1,0,99.5,99.5,98.5,99.5
"188",2.5,14.5,99,99,96.5,84.5
"189",0,2.5,99.5,99.5,99.5,97
"190",0,0.5,100,100,100,99.5
"191",0.5,5.5,99,99,98.5,93.5
"192",0,4.5,99.5,99.5,99.5,95
"193",1,8,99.5,99,98.5,91
"194",0,0,99,99,99,99
"195",0,5.5,99.5,99.5,99.5,94
"196",9.5,23.5,99,99,89.5,75.5
"197",0,2,99.5,99.5,99.5,97.5
"198",0,0,98.5,98.5,98.5,98.5
"199",0,4.5,99,99,99,94.5
"200",17.5,10,99,99,81.5,89
"201",0.5,0,99,99,98.5,99
"202",0,0,98.5,98.5,98.5,98.5
"203",0,0,98.5,98.5,98.5,98.5
"204",1.5,0.5,98,98,96.5,97.5
"205",0,0,99,99,99,99
"206",8,0,99.5,99.5,91.5,99.5
"207",1.5,0.5,99,99,97.5,98.5
"208",10,3,99,99,89,96
"209",0,0,99,99.5,99,99.5
"210",3,19,99,99,96,80
"211",0,4.5,99.5,99.5,99.5,95
"212",0,0,98.5,98.5,98.5,98.5
"213",2.5,8.5,99,98.5,96.5,90
"214",0,0,99,99,99,99
"215",6.5,3,98,98,91.5,95
"216",0,6.5,99.5,99.5,99.5,93
"217",0,3,99,99,99,96
"218",0,0,98.5,98.5,98.5,98.5
"219",0,0,99,99,99,99
"220",0.5,0,98.5,98.5,98,98.5
"221",0,0.5,99.5,99.5,99.5,99
"222",1,2,99.5,99.5,98.5,97.5
"223",0,0,99,99,99,99
"224",0,0,99,99,99,99
"225",6.5,3.5,98.5,98.5,92,95
"226",0,1,99.5,99.5,99.5,98.5
"227",0,3,99.5,99.5,99.5,96.5
"228",0,0,99.5,99.5,99.5,99.5
"229",0,1,99.5,99.5,99.5,98.5
"230",7,1,99.5,99.5,92.5,98.5
"231",15.5,4.5,100,100,84.5,95.5
"232",0,10,99.5,99.5,99.5,89.5
"233",1.5,14,99,99,97.5,85
"234",10,3.5,99,99,89,95.5
"235",0,0,99,99,99,99
"236",9.5,0,99,99,89.5,99
"237",1.5,3,99.5,99.5,98,96.5
"238",0,2,99.5,99.5,99.5,97.5
"239",13.5,4.5,98.5,98.5,85,94
"240",7,0.5,98.5,98.5,91.5,98
"241",0,0,99.5,99.5,99.5,99.5
"242",4,0,99.5,99.5,95.5,99.5
"243",9.5,1,99.5,99.5,90,98.5
"244",0,5,99.5,99,99.5,94
"245",1,1.5,97.5,97.5,96.5,96
"246",2.5,9.5,98.5,98.5,96,89
"247",6,0,99.5,99.5,93.5,99.5
"248",28.5,14,99,99,70.5,85
"249",0,0,99,99,99,99
"250",24.5,1.5,98.5,98.5,74,97
"251",0,1.5,99.5,99.5,99.5,98
"252",3.5,0,97.5,97.5,94,97.5
"253",0.5,7,99,99,98.5,92
"254",0,11.5,99,99,99,87.5
"255",0,0,98.5,98.5,98.5,98.5
"256",0.5,0,99.5,99.5,99,99.5
"257",26,0,99,99,73,99
"258",0,0,99,99,99,99
"259",0,0,99.5,99.5,99.5,99.5
"260",0,0,99.5,99.5,99.5,99.5
"261",0,6,99,99,99,93
"262",0,10,99.5,99.5,99.5,89.5
"263",9,0,98.5,98.5,89.5,98.5
"264",1,4,98.5,98.5,97.5,94.5
"265",0,0,99.5,99.5,99.5,99.5
"266",18,0,98.5,99,80.5,99
"267",0,0,99.5,99.5,99.5,99.5
"268",0,6,99.5,99.5,99.5,93.5
"269",0,0,99.5,99.5,99.5,99.5
"270",0,0,99,99,99,99
"271",0.5,0,100,100,99.5,100
"272",0,0,99.5,99.5,99.5,99.5
"273",0.5,0,99,99,98.5,99
"274",2,1,99,99,97,98
"275",0,0,99.5,99.5,99.5,99.5
"276",0,1,99,99,99,98
"277",1.5,0.5,99,99,97.5,98.5
"278",0,0.5,100,100,100,99.5
"279",0,3,98.5,98.5,98.5,95.5
"280",0.5,0.5,99,99,98.5,98.5
"281",0,6,98.5,98.5,98.5,92.5
"282",0.5,12.5,99.5,99.5,99,87
"283",6.5,13,98.5,98.5,92,85.5
"284",0,0,98.5,98.5,98.5,98.5
"285",0,3,99,99,99,96
"286",0.5,0,99.5,99.5,99,99.5
"287",0.5,12,98,98,97.5,86
"288",0,0,98,98,98,98
"289",0.5,1.5,98.5,98.5,98,97
"290",1,1,99.5,99.5,98.5,98.5
"291",3.5,14.5,98.5,98.5,95,84
"292",0,0,99.5,99.5,99.5,99.5
"293",4.5,16,99,99,94.5,83
"294",0,0,99,99,99,99
"295",2.5,0,99,99,96.5,99
"296",0,10,99,99,99,89
"297",0,5.5,98,98,98,92.5
"298",0,0.5,98,98,98,97.5
"299",6,0.5,99.5,99.5,93.5,99
"300",0,0,99.5,99.5,99.5,99.5
"301",3,3.5,98.5,98.5,95.5,95
"302",0,0,98.5,98.5,98.5,98.5
"303",0,5,98.5,98.5,98.5,93.5
"304",0,0.5,99.5,99.5,99.5,99
"305",0,17.5,99,99,99,81.5
"306",0,0,99.5,99.5,99.5,99.5
"307",0,0,99.5,99.5,99.5,99.5
"308",0.5,0,99,99,98.5,99
"309",13,0,99.5,99.5,86.5,99.5
"310",0,0,99,99,99,99
"311",0,1,98.5,98.5,98.5,97.5
"312",5.5,8,99,99,93.5,91
"313",18.5,13,98,98,79.5,85
"314",0,0,99,99,99,99
"315",0,0,97.5,97.5,97.5,97.5
"316",28,3.5,99,99,71,95.5
"317",0.5,0,99,99,98.5,99
"318",0.5,0,99.5,99.5,99,99.5
"319",0,0.5,97.5,97.5,97.5,97
"320",8,5,99,99,91,94
"321",4.5,3.5,99.5,99.5,95,96
"322",10,0,99,99,89,99
"323",0,0,99,99,99,99
"324",18,5,99,99,81,94
"325",0,5,99,99,99,94
"326",0,0,99.5,99.5,99.5,99.5
"327",0.5,10,99.5,99.5,99,89.5
"328",2.5,0.5,98,98,95.5,97.5
"329",1.5,0,99.5,99.5,98,99.5
"330",0,0,99,99,99,99
"331",1.5,0.5,99.5,99.5,98,99
"332",0,0,99.5,99.5,99.5,99.5
"333",2,6,99.5,99.5,97.5,93.5
"334",0.5,4.5,99.5,99.5,99,95
"335",0,0,98.5,98.5,98.5,98.5
"336",0,0,99.5,99.5,99.5,99.5
"337",0,0,99.5,99.5,99.5,99.5
"338",0.5,2,98.5,98.5,98,96.5
"339",0,0,99,99,99,99
"340",0,4.5,99.5,99.5,99.5,95
"341",0,0.5,99,99,99,98.5
"342",3.5,0,99,99,95.5,99
"343",0,15,99,99,99,84
"344",0,2,98,98,98,96
"345",0,0.5,99.5,99.5,99.5,99
"346",0,5.5,99,99,99,93.5
"347",0,0,98,98,98,98
"348",0,5.5,99.5,99.5,99.5,94
"349",0.5,4.5,99,99,98.5,94.5
"350",0.5,0,99,99,98.5,99
"351",3,2.5,100,99.5,97,97
"352",0,6.5,99.5,99.5,99.5,93
"353",4.5,0,99.5,99,95,99
"354",0,0,99,99,99,99
"355",0,7,100,100,100,93
"356",0.5,1,99.5,99,99,98
"357",0,0,98,98,98,98
"358",0.5,5.5,99,99,98.5,93.5
"359",0.5,0,98.5,98.5,98,98.5
"360",1,0,99.5,99.5,98.5,99.5
"361",4,0,98.5,98.5,94.5,98.5
"362",0,0,99.5,99.5,99.5,99.5
"363",0,0,98,98,98,98
"364",0.5,0.5,98.5,98.5,98,98
"365",0,2.5,99.5,99.5,99.5,97
"366",0,0,99,99,99,99
"367",9,0,99.5,99.5,90.5,99.5
"368",0,3,99,99,99,96
"369",0,0,99.5,99.5,99.5,99.5
"370",4,0,99.5,99.5,95.5,99.5
"371",2.5,5,99.5,99.5,97,94.5
"372",0,2,99.5,99.5,99.5,97.5
"373",6,8,98.5,98.5,92.5,90.5
"374",0,8,99.5,99,99.5,91
"375",0,0,99,99,99,99
"376",0,4,99,99,99,95
"377",1.5,0,99.5,99.5,98,99.5
"378",0,7,99.5,99.5,99.5,92.5
"379",2.5,0,98.5,98.5,96,98.5
"380",0,20.5,98.5,98.5,98.5,78
"381",0,1.5,98,98,98,96.5
"382",1.5,0,98.5,98.5,97,98.5
"383",13.5,1,99.5,99.5,86,98.5
"384",0.5,7,99.5,99.5,99,92.5
"385",4,2.5,99,99,95,96.5
"386",0.5,0,99,99,98.5,99
"387",0.5,1.5,99.5,99.5,99,98
"388",4,6.5,99.5,99.5,95.5,93
"389",16,12.5,99,99,83,86.5
"390",0,0,98,98,98,98
"391",0,0,98.5,98.5,98.5,98.5
"392",0,0,99,99,99,99
"393",0,2,99,99,99,97
"394",8,0.5,99.5,99.5,91.5,99
"395",0.5,0,98.5,98.5,98,98.5
"396",0,0,99,99,99,99
"397",2,2.5,99,99,97,96.5
"398",0.5,2,99,99,98.5,97
"399",0,0,98.5,98.5,98.5,98.5
"400",3.5,1.5,99.5,99.5,96,98
"401",0,1.5,99.5,99.5,99.5,98
"402",7.5,1,98,98,90.5,97
"403",5.5,20,99.5,99.5,94,79.5
"404",0,1,99,99.5,99,98.5
"405",0,2.5,100,100,100,97.5
"406",5.5,0,99.5,99.5,94,99.5
"407",0,0,98.5,98.5,98.5,98.5
"408",0,0,99,99,99,99
"409",17,0,99.5,99.5,82.5,99.5
"410",0,0,98.5,98.5,98.5,98.5
"411",5,10,99.5,99.5,94.5,89.5
"412",0,0,99.5,99.5,99.5,99.5
"413",1,0,99,99,98,99
"414",0,13.5,99.5,99.5,99.5,86
"415",0,0,99,99,99,99
"416",0,1.5,99.5,99.5,99.5,98
"417",7,8,99,99,92,91
"418",0,2,99,99,99,97
"419",0,2,99.5,99.5,99.5,97.5
"420",11,16,99,99,88,83
"421",0,0.5,99.5,99.5,99.5,99
"422",6,4.5,99.5,99.5,93.5,95
"423",0,0,98,98,98,98
"424",0,0,99.5,99.5,99.5,99.5
"425",0,6,98.5,98.5,98.5,92.5
"426",0,2,98.5,98.5,98.5,96.5
"427",2.5,1,98.5,98.5,96,97.5
"428",6,0,98.5,98.5,92.5,98.5
"429",0,0,97.5,97.5,97.5,97.5
"430",5.5,15,99.5,99.5,94,84.5
"431",2,0,98.5,98.5,96.5,98.5
"432",0,0.5,98,98,98,97.5
"433",0,12.5,98.5,98.5,98.5,86
"434",1.5,14,99.5,99.5,98,85.5
"435",0,0,99.5,99.5,99.5,99.5
"436",0,9.5,98.5,98.5,98.5,89
"437",1,3.5,99.5,99.5,98.5,96
"438",0,0,99,99,99,99
"439",0,0.5,97.5,97.5,97.5,97
"440",0,0.5,99,99.5,99,99
"441",0,3,99,98.5,99,95.5
"442",0.5,0,100,100,99.5,100
"443",0.5,0,98.5,99,98,99
"444",5,0,99.5,99.5,94.5,99.5
"445",0,5,97.5,97.5,97.5,92.5
"446",1.5,0,98.5,98.5,97,98.5
"447",0,1,99.5,99.5,99.5,98.5
"448",0,1.5,97.5,97.5,97.5,96
"449",0,0.5,98.5,98.5,98.5,98
"450",0,1,98.5,98.5,98.5,97.5
"451",0,0.5,99.5,99.5,99.5,99
"452",5,0,99.5,99.5,94.5,99.5
"453",6.5,5.5,99,99,92.5,93.5
"454",1,4,98.5,99,97.5,95
"455",0,0.5,99.5,100,99.5,99.5
"456",1,4.5,99,99,98,94.5
"457",0,0,99.5,99.5,99.5,99.5
"458",12,0.5,99,99,87,98.5
"459",0.5,0,98.5,98.5,98,98.5
"460",28.5,4,98.5,98.5,70,94.5
"461",2.5,7.5,100,100,97.5,92.5
"462",0,0,99,99,99,99
"463",0,0.5,99.5,99.5,99.5,99
"464",0,0,99,99,99,99
"465",4,0.5,99.5,99.5,95.5,99
"466",0,0.5,99.5,99.5,99.5,99
"467",3,10,99.5,99.5,96.5,89.5
"468",0.5,0,99,99.5,98.5,99.5
"469",0,0.5,98.5,98.5,98.5,98
"470",1,2.5,100,100,99,97.5
"471",0,0,99.5,99.5,99.5,99.5
"472",8,0,99,99,91,99
"473",0,0,99,99,99,99
"474",6,1.5,100,100,94,98.5
"475",0,2,99.5,99.5,99.5,97.5
"476",3,2,99.5,99.5,96.5,97.5
"477",9,0,99.5,99.5,90.5,99.5
"478",0.5,0,98,98,97.5,98
"479",0,3,99.5,99.5,99.5,96.5
"480",0,0,98.5,98.5,98.5,98.5
"481",0,0,99.5,99.5,99.5,99.5
"482",0.5,0,98.5,98.5,98,98.5
"483",16,0,99,99,83,99
"484",0,6,99.5,99.5,99.5,93.5
"485",1.5,13,99.5,99.5,98,86.5
"486",0,0,99.5,99.5,99.5,99.5
"487",0.5,0,98.5,98.5,98,98.5
"488",0.5,1,98,98,97.5,97
"489",0,0,98.5,98.5,98.5,98.5
"490",0,0,100,99.5,100,99.5
"491",0,0,99,99,99,99
"492",0,12.5,99.5,99.5,99.5,87
"493",2.5,17,99.5,99.5,97,82.5
"494",0,0,99,99,99,99
"495",0,0,98.5,98.5,98.5,98.5
"496",5.5,0.5,99.5,99.5,94,99
"497",2,4.5,100,99.5,98,95
"498",0,0,99.5,99.5,99.5,99.5
"499",0,0.5,99,99,99,98.5
"500",0.5,0.5,99,99,98.5,98.5
"501",0,2,99.5,99.5,99.5,97.5
"502",0,0.5,99,99,99,98.5
"503",0.5,6.5,99.5,99.5,99,93
"504",0,0.5,99,99,99,98.5
"505",1.5,0.5,99,99,97.5,98.5
"506",11,0,99,99,88,99
"507",8.5,0,99,99,90.5,99
"508",0,2,99,99,99,97
"509",23,4,99.5,99.5,76.5,95.5
"510",0.5,0,99.5,99.5,99,99.5
"511",10.5,0.5,100,100,89.5,99.5
"512",0,15,99.5,100,99.5,85
"513",0.5,14.5,99,99,98.5,84.5
"514",4.5,1.5,99.5,99.5,95,98
"515",1,0.5,98.5,98.5,97.5,98
"516",0,0.5,98.5,98,98.5,97.5
"517",0,0,98.5,98.5,98.5,98.5
"518",0,3,99.5,99.5,99.5,96.5
"519",0,6,99.5,99.5,99.5,93.5
"520",0,1,99,99,99,98
"521",2,2,99,99,97,97
"522",0,0,99,99,99,99
"523",0,2,99,99,99,97
"524",0,0.5,99.5,99.5,99.5,99
"525",0,0,99,99,99,99
"526",11.5,2.5,99.5,99.5,88,97
"527",0,0,98.5,98.5,98.5,98.5
"528",8,0.5,99.5,99.5,91.5,99
"529",1.5,4.5,99.5,99.5,98,95
"530",5.5,11.5,98.5,98.5,93,87
"531",0,3,98,97.5,98,94.5
"532",8,10,99,99,91,89
"533",0,0,99,99,99,99
"534",0,0,100,100,100,100
"535",0,0,99.5,99.5,99.5,99.5
"536",6.5,0,98.5,98.5,92,98.5
"537",1,1,99.5,99.5,98.5,98.5
"538",0,2.5,98,98,98,95.5
"539",1,0,99,99,98,99
"540",26,0.5,99,99,73,98.5
"541",0,0,99.5,99.5,99.5,99.5
"542",0.5,0,99.5,99.5,99,99.5
"543",0,0,99.5,99.5,99.5,99.5
"544",25.5,0,99,99,73.5,99
"545",0,7.5,97.5,97.5,97.5,90
"546",0,0,99.5,99.5,99.5,99.5
"547",0,0,98.5,98.5,98.5,98.5
"548",2,1,99.5,99.5,97.5,98.5
"549",0,1,98.5,98.5,98.5,97.5
"550",0,0,99.5,99.5,99.5,99.5
"551",0,8,98.5,98.5,98.5,90.5
"552",0,3.5,99,99,99,95.5
"553",0.5,0,99,99,98.5,99
"554",3,0,99,99,96,99
"555",10.5,4,99,99,88.5,95
"556",0,0,99,99,99,99
"557",0,0.5,99,99,99,98.5
"558",0,1.5,98,98,98,96.5
"559",0,0,99,99,99,99
"560",0,3,98.5,98.5,98.5,95.5
"561",2,0,99,99,97,99
"562",0,0,99.5,99.5,99.5,99.5
"563",10,3.5,98.5,98.5,88.5,95
"564",4.5,12,99,99,94.5,87
"565",2,2.5,99.5,99.5,97.5,97
"566",1.5,4.5,99.5,99.5,98,95
"567",0,0,99,99,99,99
"568",0,0,99,99,99,99
"569",0,5.5,97.5,97.5,97.5,92
"570",0,0,98.5,98.5,98.5,98.5
"571",0,0,99,99,99,99
"572",0,2.5,99,99,99,96.5
"573",0,4,99.5,99.5,99.5,95.5
"574",1,4.5,99.5,99.5,98.5,95
"575",0,2,99,99,99,97
"576",0,5,99,99,99,94
"577",0.5,1,97,97,96.5,96
"578",0,0,99.5,99.5,99.5,99.5
"579",0.5,0,98.5,98.5,98,98.5
"580",0,0,99.5,99.5,99.5,99.5
"581",0,0,99.5,99.5,99.5,99.5
"582",0,1,98.5,98.5,98.5,97.5
"583",15.5,1.5,99.5,99.5,84,98
"584",0,0,99,99,99,99
"585",0,2.5,99.5,99.5,99.5,97
"586",12.5,8,99,99.5,86.5,91.5
"587",3.5,10.5,99.5,99.5,96,89
"588",0,0,99,99,99,99
"589",11.5,1,99.5,99.5,88,98.5
"590",10,3,98.5,98.5,88.5,95.5
"591",1.5,9,99,99,97.5,90
"592",0,0.5,99.5,99.5,99.5,99
"593",0.5,0.5,98,98,97.5,97.5
"594",0,0,99.5,99.5,99.5,99.5
"595",2,1.5,98,98,96,96.5
"596",0,0.5,99.5,99.5,99.5,99
"597",0,0.5,98.5,98.5,98.5,98
"598",2.5,2.5,99,99,96.5,96.5
"599",0,0,98.5,98.5,98.5,98.5
"600",1.5,1,99,99,97.5,98
"601",10.5,13,99.5,99.5,89,86.5
"602",0,2.5,99.5,99.5,99.5,97
"603",0.5,0,99,99.5,98.5,99.5
"604",0.5,4.5,99.5,99.5,99,95
"605",0.5,4,99.5,99.5,99,95.5
"606",0.5,0,99,99,98.5,99
"607",0.5,0,99,99,98.5,99
"608",0,0.5,98.5,98.5,98.5,98
"609",1.5,0,99.5,99.5,98,99.5
"610",0,0,98.5,98.5,98.5,98.5
"611",0,0,98.5,98.5,98.5,98.5
"612",0,2.5,99,99,99,96.5
"613",0,0,98.5,98.5,98.5,98.5
"614",0,0.5,98.5,98.5,98.5,98
"615",1.5,0,99,99,97.5,99
"616",0,0,99,99,99,99
"617",0,0,98.5,98.5,98.5,98.5
"618",0,1,98.5,98.5,98.5,97.5
"619",0,2.5,98.5,98.5,98.5,96
"620",0,0.5,99,99,99,98.5
"621",0,0,99,99,99,99
"622",0.5,10.5,99.5,99.5,99,89
"623",0,0,99.5,99.5,99.5,99.5
"624",0,0,99.5,99.5,99.5,99.5
"625",0,9.5,98.5,98.5,98.5,89
"626",1.5,13,99,99,97.5,86
"627",0,0,99.5,99.5,99.5,99.5
"628",0,0,99,99,99,99
"629",0,0,99.5,99.5,99.5,99.5
"630",0,0,99.5,99.5,99.5,99.5
"631",0.5,0,99,99,98.5,99
"632",0,0,99,99,99,99
"633",0,0,99,99,99,99
"634",0,0,99,99,99,99
"635",0.5,5.5,98.5,98.5,98,93
"636",0.5,0,99,99,98.5,99
"637",2.5,11.5,99.5,99.5,97,88
"638",0,6,99.5,99.5,99.5,93.5
"639",3,0.5,99.5,99.5,96.5,99
"640",3.5,2.5,99,99,95.5,96.5
"641",12,3.5,98.5,98.5,86.5,95
"642",0,0,99.5,99.5,99.5,99.5
"643",5.5,0.5,98.5,98.5,93,98
"644",0.5,0,99.5,99.5,99,99.5
"645",0,0,99,99,99,99
"646",10,0.5,98.5,98.5,88.5,98
"647",0,0,99,99,99,99
"648",3.5,0,99,99.5,95.5,99.5
"649",0,5,99.5,100,99.5,95
"650",8.5,6,99.5,99.5,91,93.5
"651",0,1,99.5,99.5,99.5,98.5
"652",0,0,99,99,99,99
"653",0,2.5,99.5,99.5,99.5,97
"654",0,1,98,98,98,97
"655",0,0,98.5,98.5,98.5,98.5
"656",0,2.5,98.5,98.5,98.5,96
"657",0,0.5,97,97,97,96.5
"658",0,7,98.5,98.5,98.5,91.5
"659",0,0,98.5,98.5,98.5,98.5
"660",3.5,2,99.5,99.5,96,97.5
"661",0.5,1,98.5,98.5,98,97.5
"662",2,0.5,99,99,97,98.5
"663",0,3.5,99.5,99.5,99.5,96
"664",0,1.5,99,99,99,97.5
"665",0.5,0,99,99,98.5,99
"666",0,1,99,99,99,98
"667",2,1.5,98.5,98.5,96.5,97
"668",0,6.5,99,99,99,92.5
"669",0.5,1.5,99.5,99.5,99,98
"670",0,0,98.5,98.5,98.5,98.5
"671",0,0,99,99,99,99
"672",0,0.5,99.5,99.5,99.5,99
"673",0.5,1,99.5,100,99,99
"674",0,0,99,99,99,99
"675",2,8,99.5,99,97.5,91
"676",0.5,2.5,98,98,97.5,95.5
"677",0,0,98.5,98.5,98.5,98.5
"678",15.5,45,98.5,98.5,83,53.5
"679",0,0.5,99.5,99.5,99.5,99
"680",0.5,7,99.5,99.5,99,92.5
"681",0,6,99.5,99.5,99.5,93.5
"682",0,1,98,98,98,97
"683",0,0,98.5,98.5,98.5,98.5
"684",0,0,99.5,99.5,99.5,99.5
"685",5.5,0,99,99,93.5,99
"686",0,0,99,99,99,99
"687",0.5,0.5,99,99,98.5,98.5
"688",7.5,0.5,99,99,91.5,98.5
"689",0,2,99,99,99,97
"690",0.5,0,99.5,99.5,99,99.5
"691",0,7,99,99,99,92
"692",0,3.5,99.5,99.5,99.5,96
"693",3.5,10.5,99.5,99.5,96,89
"694",0,0,99,99,99,99
"695",10,12,99,99,89,87
"696",0,1,98.5,98.5,98.5,97.5
"697",0,0,98,98,98,98
"698",0.5,6,99.5,99.5,99,93.5
"699",3,5.5,99,99,96,93.5
"700",0,0,99,99,99,99
"701",0,1.5,98.5,98.5,98.5,97
"702",0,3.5,99,99.5,99,96
"703",0,0,98.5,98.5,98.5,98.5
"704",0,0,98.5,98.5,98.5,98.5
"705",0.5,3,99,99,98.5,96
"706",0,0,98.5,98.5,98.5,98.5
"707",1.5,1,100,99.5,98.5,98.5
"708",0,0,99.5,99.5,99.5,99.5
"709",0,0,99,99.5,99,99.5
"710",0,0,99,99,99,99
"711",0.5,5,98.5,98.5,98,93.5
"712",0,2.5,100,100,100,97.5
"713",4.5,6,99.5,99.5,95,93.5
"714",0,1.5,99.5,99.5,99.5,98
"715",0,0,99,99,99,99
"716",0,0,99,99,99,99
"717",2.5,0.5,99,99,96.5,98.5
"718",5.5,1,99,99,93.5,98
"719",7,9,99.5,99,92.5,90
"720",2,20,99.5,99.5,97.5,79.5
"721",1,0,99.5,99.5,98.5,99.5
"722",0.5,8.5,98.5,98.5,98,90
"723",5,0,99.5,99.5,94.5,99.5
"724",4.5,3,99,99,94.5,96
"725",0,18,98.5,98.5,98.5,80.5
"726",0,0,99,99,99,99
"727",1.5,0,98.5,98.5,97,98.5
"728",0,0.5,98.5,98.5,98.5,98
"729",0,1.5,99,99,99,97.5
"730",0,0,98.5,98,98.5,98
"731",0,0,99.5,99.5,99.5,99.5
"732",0,0,99,99,99,99
"733",9.5,0,99,99.5,89.5,99.5
"734",0.5,0,100,100,99.5,100
"735",2.5,1,99,99,96.5,98
"736",19,4.5,99.5,99.5,80.5,95
"737",0,1,99.5,99.5,99.5,98.5
"738",2.5,4.5,99,99,96.5,94.5
"739",1.5,0,98.5,98.5,97,98.5
"740",4,0,99.5,99.5,95.5,99.5
"741",6,4,99.5,99.5,93.5,95.5
"742",0,0,99,99,99,99
"743",0,7,98.5,98.5,98.5,91.5
"744",0,0,97.5,97.5,97.5,97.5
"745",0,1,99,99,99,98
"746",7.5,4,99,99,91.5,95
"747",0,0,99.5,99.5,99.5,99.5
"748",6,1.5,99.5,99.5,93.5,98
"749",0,0,100,99.5,100,99.5
"750",0.5,6,100,100,99.5,94
"751",6,2,99.5,99.5,93.5,97.5
"752",0,0.5,98,98,98,97.5
"753",3.5,12,99.5,99.5,96,87.5
"754",0,0,99.5,99.5,99.5,99.5
"755",0,0,98.5,98.5,98.5,98.5
"756",0,1,99.5,99.5,99.5,98.5
"757",1,2.5,98,98,97,95.5
"758",0,1,98,98,98,97
"759",0,0,99.5,99.5,99.5,99.5
"760",14,18,99,99.5,85,81.5
"761",0,1.5,99.5,99.5,99.5,98
"762",3.5,3,100,99.5,96.5,96.5
"763",0,2,99.5,99.5,99.5,97.5
"764",0,8.5,99.5,99.5,99.5,91
"765",0,0,99.5,99.5,99.5,99.5
"766",0,0,99,99,99,99
"767",3,0,99.5,99.5,96.5,99.5
"768",0,3.5,99.5,100,99.5,96.5
"769",0,7.5,99.5,99.5,99.5,92
"770",6.5,3.5,99.5,99.5,93,96
"771",0,3,99,99,99,96
"772",1.5,0.5,99,99,97.5,98.5
"773",0,1.5,99.5,99.5,99.5,98
"774",0,0,99,99,99,99
"775",9.5,12.5,99,99,89.5,86.5
"776",0,0,98,98,98,98
"777",0,0,98.5,98.5,98.5,98.5
"778",0,3,99,99,99,96
"779",4,6,99.5,99.5,95.5,93.5
"780",0,0,98,98,98,98
"781",0,2,99,99,99,97
"782",0,9.5,98.5,98.5,98.5,89
"783",0,1.5,99,99,99,97.5
"784",0,1,98.5,98.5,98.5,97.5
"785",2,0,99.5,99.5,97.5,99.5
"786",0,0,99.5,99.5,99.5,99.5
"787",0,0,100,99.5,100,99.5
"788",0,0.5,98,98,98,97.5
"789",10,1,99,99,89,98
"790",6.5,8.5,99,99,92.5,90.5
"791",4,0,98.5,98.5,94.5,98.5
"792",0,1.5,99.5,99.5,99.5,98
"793",0.5,0,99,99,98.5,99
"794",2.5,11,99.5,99.5,97,88.5
"795",11,0,98.5,98.5,87.5,98.5
"796",0,0,99.5,99,99.5,99
"797",0,1,98.5,98.5,98.5,97.5
"798",0,0,99,99,99,99
"799",0,0,99.5,99.5,99.5,99.5
"800",0.5,1.5,99,99,98.5,97.5
"801",3,14.5,99,99,96,84.5
"802",0,16,99,99,99,83
"803",0,0,98,98.5,98,98.5
"804",0,0,99,99,99,99
"805",0,0,99.5,99.5,99.5,99.5
"806",5.5,0,99.5,99.5,94,99.5
"807",0,0,99.5,99.5,99.5,99.5
"808",6,0,98.5,98.5,92.5,98.5
"809",0,0,100,100,100,100
"810",0.5,9,99.5,99.5,99,90.5
"811",0,0,99,99,99,99
"812",0,4,99,99,99,95
"813",14.5,9,99,99,84.5,90
"814",7.5,15.5,99.5,99.5,92,84
"815",0,0.5,97,97,97,96.5
"816",0,2.5,99.5,99.5,99.5,97
"817",0.5,10,99.5,99.5,99,89.5
"818",0,4,99.5,99.5,99.5,95.5
"819",18.5,10.5,99,99,80.5,88.5
"820",0,0,98.5,98.5,98.5,98.5
"821",0.5,4,98.5,98.5,98,94.5
"822",1.5,0,99,99,97.5,99
"823",0,0,99,99,99,99
"824",0,1,98,98,98,97
"825",0,2,99,99,99,97
"826",0,0,98,98,98,98
"827",0.5,9,99.5,99.5,99,90.5
"828",24,14.5,99.5,99.5,75.5,85
"829",0,0.5,99,99,99,98.5
"830",1,7,99.5,99.5,98.5,92.5
"831",0.5,1,99,99,98.5,98
"832",19.5,20.5,100,100,80.5,79.5
"833",0.5,11.5,98.5,98.5,98,87
"834",0,0,99,99,99,99
"835",0,1,99,99,99,98
"836",0,0,99,99,99,99
"837",0,0,98.5,98.5,98.5,98.5
"838",0,0,99,99,99,99
"839",1.5,8,97.5,97.5,96,89.5
"840",0,2,98.5,98.5,98.5,96.5
"841",0,5,99,99,99,94
"842",0,0,99,99,99,99
"843",1.5,1,99.5,99.5,98,98.5
"844",2,5,98.5,98.5,96.5,93.5
"845",0,0.5,99.5,99.5,99.5,99
"846",0,1.5,99.5,99.5,99.5,98
"847",0,2,99.5,99.5,99.5,97.5
"848",0,0,99.5,99.5,99.5,99.5
"849",38,0.5,99.5,99.5,61.5,99
"850",1,5.5,99.5,99.5,98.5,94
"851",1.5,0,99.5,99,98,99
"852",0,0,99.5,99.5,99.5,99.5
"853",0,2,99.5,99.5,99.5,97.5
"854",0,0.5,98.5,98.5,98.5,98
"855",0,0,99,99,99,99
"856",0,0,99,99,99,99
"857",2.5,0,99.5,99.5,97,99.5
"858",13.5,2.5,99,99,85.5,96.5
"859",0,0,99.5,99.5,99.5,99.5
"860",0,1,98.5,98.5,98.5,97.5
"861",0.5,0,98,98,97.5,98
"862",0,0.5,99,99,99,98.5
"863",4,7.5,99.5,99.5,95.5,92
"864",0,1,99.5,99.5,99.5,98.5
"865",0,0,98.5,98.5,98.5,98.5
"866",0,0,99.5,99.5,99.5,99.5
"867",7,3.5,98.5,98.5,91.5,95
"868",0,0.5,98.5,98.5,98.5,98
"869",0,0.5,99.5,99.5,99.5,99
"870",7.5,3.5,100,100,92.5,96.5
"871",0,0,99.5,99.5,99.5,99.5
"872",0,0.5,99,99,99,98.5
"873",0,0.5,99,99,99,98.5
"874",2.5,5,99,99,96.5,94
"875",0,1.5,98,98,98,96.5
"876",0,0,99.5,99.5,99.5,99.5
"877",11,4.5,98.5,98.5,87.5,94
"878",0,0,98,98,98,98
"879",5,0.5,99,99,94,98.5
"880",2,3.5,98,98,96,94.5
"881",0,1,98.5,98.5,98.5,97.5
"882",0,1.5,99,99,99,97.5
"883",7.5,0,98.5,98.5,91,98.5
"884",0,3,99,99,99,96
"885",0,6.5,99.5,99.5,99.5,93
"886",9.5,0,99,99,89.5,99
"887",0,0.5,98,98,98,97.5
"888",0,0,98.5,98.5,98.5,98.5
"889",4.5,6.5,98.5,98.5,94,92
"890",1,25,98,98,97,73
"891",0,13.5,99,99,99,85.5
"892",6.5,2,99.5,99.5,93,97.5
"893",0,0,99,99,99,99
"894",0,0,99.5,99.5,99.5,99.5
"895",0.5,0,98.5,98.5,98,98.5
"896",0,3,99.5,99.5,99.5,96.5
"897",0,2.5,98.5,99,98.5,96.5
"898",0,1.5,99,99,99,97.5
"899",0,0,99,99,99,99
"900",0.5,0,99.5,99.5,99,99.5
"901",5,0,99.5,99.5,94.5,99.5
"902",1.5,0,99,99,97.5,99
"903",12.5,26.5,98.5,98.5,86,72
"904",0,2.5,99.5,99.5,99.5,97
"905",0.5,5,98.5,98.5,98,93.5
"906",1,0,98.5,98.5,97.5,98.5
"907",0,0.5,99.5,99.5,99.5,99
"908",6.5,6.5,98.5,99,92,92.5
"909",0,0,98.5,98.5,98.5,98.5
"910",0,6.5,99,99,99,92.5
"911",1.5,0,98.5,98.5,97,98.5
"912",1,0,99.5,99.5,98.5,99.5
"913",0,0,99.5,99.5,99.5,99.5
"914",0,0.5,99,99,99,98.5
"915",7.5,2.5,99.5,99.5,92,97
"916",0.5,0,99,99,98.5,99
"917",0,1,98.5,98.5,98.5,97.5
"918",8.5,0,99,99,90.5,99
"919",2.5,6,100,99.5,97.5,93.5
"920",0,1,100,100,100,99
"921",0,15.5,98,98,98,82.5
"922",0,0,99,99,99,99
"923",4,4,98.5,98.5,94.5,94.5
"924",0,0,99.5,99.5,99.5,99.5
"925",4,4.5,99.5,99.5,95.5,95
"926",0.5,0,99.5,99.5,99,99.5
"927",0,0.5,99,99,99,98.5
"928",0,3.5,99.5,99.5,99.5,96
"929",0,0.5,99,99,99,98.5
"930",0,4,99,99,99,95
"931",0.5,6,98.5,99,98,93
"932",0,0.5,98.5,98.5,98.5,98
"933",0,0,99.5,99.5,99.5,99.5
"934",1,4.5,99.5,99.5,98.5,95
"935",3,4,99,99,96,95
"936",0.5,4,98,98,97.5,94
"937",0,0.5,99,99,99,98.5
"938",0,3.5,98,98,98,94.5
"939",0,0,98.5,98.5,98.5,98.5
"940",0,9.5,99.5,99.5,99.5,90
"941",3,0,99.5,99.5,96.5,99.5
"942",0,0,98,98,98,98
"943",0,0.5,99.5,99,99.5,98.5
"944",0,0,99,99,99,99
"945",2,0,99,99,97,99
"946",1,5.5,97,97,96,91.5
"947",0,0.5,98.5,98.5,98.5,98
"948",0,0,99,99,99,99
"949",3.5,6.5,99.5,99.5,96,93
"950",3,13.5,98,98,95,84.5
"951",0,0,99.5,99.5,99.5,99.5
"952",0,0,98.5,98.5,98.5,98.5
"953",0,0,99,99,99,99
"954",3.5,4,100,100,96.5,96
"955",0,0,98.5,98.5,98.5,98.5
"956",0,9.5,98.5,98.5,98.5,89
"957",0.5,9,98.5,98.5,98,89.5
"958",0,0,99.5,99.5,99.5,99.5
"959",4,0,99,99,95,99
"960",0,0,98.5,98.5,98.5,98.5
"961",6,2,99,99,93,97
"962",0,0,98.5,98.5,98.5,98.5
"963",0,0,99.5,99.5,99.5,99.5
"964",0,0,99.5,99.5,99.5,99.5
"965",35.5,0,99.5,99.5,64,99.5
"966",0.5,0,99.5,99.5,99,99.5
"967",0,0,99.5,99.5,99.5,99.5
"968",0,0.5,99,99,99,98.5
"969",12,12.5,99,99,87,86.5
"970",1.5,7.5,99.5,99,98,91.5
"971",1.5,0,98.5,98.5,97,98.5
"972",5.5,0.5,99,99,93.5,98.5
"973",0,0,98.5,98.5,98.5,98.5
"974",0.5,1,98.5,98.5,98,97.5
"975",0,0,98.5,98.5,98.5,98.5
"976",0,0,99.5,99.5,99.5,99.5
"977",1,4.5,99,99,98,94.5
"978",10,12.5,98,98,88,85.5
"979",2,1.5,99,99,97,97.5
"980",0,0,99.5,99.5,99.5,99.5
"981",2.5,3,98.5,98.5,96,95.5
"982",0,1,99.5,99.5,99.5,98.5
"983",0,0,98.5,98.5,98.5,98.5
"984",1.5,1.5,99,99,97.5,97.5
"985",0,3,99.5,99.5,99.5,96.5
"986",9,0,99.5,99.5,90.5,99.5
"987",0,0,99,99,99,99
"988",0,0,99.5,99.5,99.5,99.5
"989",40,4,99,99,59,95
"990",6,3,99.5,99.5,93.5,96.5
"991",1,0,99.5,99.5,98.5,99.5
"992",0,0,99.5,99.5,99.5,99.5
"993",0,0,99.5,99.5,99.5,99.5
"994",0,0,99,99,99,99
"995",0.5,3,99,99,98.5,96
"996",0,1,98.5,98.5,98.5,97.5
"997",5,0,99,99,94,99
"998",0,0,99,99,99,99
"999",0,1,99,99,99,98
"1000",3.5,27,98.5,98.5,95,71.5
