"","Correct_model_perc_eucledian","Correct_model_perc_mahalanovis","Null_model_perc_eucledian","Null_model_perc_mahalanovis","Percentage_difference_eucledian","Percentage_difference_mahalanovis"
"1",0,0,98,98,98,98
"2",0,0,100,100,100,100
"3",0,0,100,100,100,100
"4",0,2,98,100,98,98
"5",0,0,100,100,100,100
"6",0,0,98,98,98,98
"7",0,0,100,100,100,100
"8",0,10,100,100,100,90
"9",0,4,98,96,98,92
"10",0,0,100,100,100,100
"11",0,0,100,100,100,100
"12",2,2,98,98,96,96
"13",0,0,98,98,98,98
"14",2,6,98,98,96,92
"15",0,0,100,100,100,100
"16",0,0,100,100,100,100
"17",0,0,100,100,100,100
"18",0,0,96,96,96,96
"19",0,2,98,98,98,96
"20",0,6,98,98,98,92
"21",10,2,100,100,90,98
"22",0,0,96,94,96,94
"23",0,0,100,100,100,100
"24",2,16,100,100,98,84
"25",12,2,100,100,88,98
"26",0,0,100,98,100,98
"27",2,2,100,100,98,98
"28",0,0,96,96,96,96
"29",0,0,100,100,100,100
"30",4,0,100,100,96,100
"31",0,6,100,100,100,94
"32",0,0,100,100,100,100
"33",2,16,98,98,96,82
"34",0,2,100,100,100,98
"35",0,0,100,100,100,100
"36",12,14,98,98,86,84
"37",0,0,100,100,100,100
"38",2,0,98,100,96,100
"39",0,2,98,98,98,96
"40",2,4,100,100,98,96
"41",0,0,100,100,100,100
"42",0,0,100,100,100,100
"43",0,0,100,100,100,100
"44",0,6,98,98,98,92
"45",0,0,96,96,96,96
"46",0,0,100,98,100,98
"47",0,0,96,96,96,96
"48",10,0,100,100,90,100
"49",0,10,96,96,96,86
"50",0,0,100,100,100,100
"51",0,4,98,98,98,94
"52",0,0,100,100,100,100
"53",0,0,100,100,100,100
"54",0,8,100,100,100,92
"55",4,0,98,98,94,98
"56",0,2,100,100,100,98
"57",0,0,98,98,98,98
"58",0,2,96,98,96,96
"59",0,0,100,100,100,100
"60",0,2,98,98,98,96
"61",0,0,100,100,100,100
"62",0,0,98,98,98,98
"63",0,8,98,98,98,90
"64",0,6,100,100,100,94
"65",0,0,96,96,96,96
"66",6,4,100,100,94,96
"67",0,0,100,100,100,100
"68",0,0,98,98,98,98
"69",0,0,98,98,98,98
"70",0,0,100,100,100,100
"71",0,2,96,96,96,94
"72",0,2,100,100,100,98
"73",0,0,100,100,100,100
"74",0,0,96,96,96,96
"75",0,0,100,100,100,100
"76",0,0,96,96,96,96
"77",0,0,100,100,100,100
"78",0,6,100,100,100,94
"79",0,2,100,100,100,98
"80",0,0,96,96,96,96
"81",2,4,100,100,98,96
"82",20,0,98,98,78,98
"83",0,0,100,100,100,100
"84",0,0,100,100,100,100
"85",0,0,100,100,100,100
"86",6,2,100,100,94,98
"87",0,0,100,98,100,98
"88",6,22,98,98,92,76
"89",8,4,98,100,90,96
"90",0,0,100,100,100,100
"91",0,8,100,100,100,92
"92",10,0,98,98,88,98
"93",0,0,96,96,96,96
"94",0,0,100,100,100,100
"95",4,12,98,100,94,88
"96",6,0,100,100,94,100
"97",0,2,98,98,98,96
"98",8,0,100,100,92,100
"99",2,6,100,100,98,94
"100",0,2,100,100,100,98
"101",10,0,96,96,86,96
"102",0,2,98,98,98,96
"103",0,4,100,100,100,96
"104",2,0,100,100,98,100
"105",0,0,100,100,100,100
"106",2,4,100,100,98,96
"107",0,4,100,100,100,96
"108",0,0,98,98,98,98
"109",0,0,100,100,100,100
"110",0,0,98,98,98,98
"111",0,0,100,100,100,100
"112",2,0,100,100,98,100
"113",2,14,100,98,98,84
"114",6,8,98,100,92,92
"115",0,6,98,98,98,92
"116",16,0,100,100,84,100
"117",0,0,100,100,100,100
"118",0,0,96,96,96,96
"119",8,2,100,100,92,98
"120",0,0,100,100,100,100
"121",0,0,98,100,98,100
"122",0,0,100,100,100,100
"123",0,2,100,100,100,98
"124",0,2,100,100,100,98
"125",4,2,100,100,96,98
"126",0,0,100,100,100,100
"127",0,0,98,98,98,98
"128",0,2,100,100,100,98
"129",0,0,98,98,98,98
"130",0,0,100,100,100,100
"131",0,2,100,100,100,98
"132",0,0,96,96,96,96
"133",12,0,98,98,86,98
"134",0,6,96,96,96,90
"135",2,2,98,98,96,96
"136",0,4,94,96,94,92
"137",2,6,100,100,98,94
"138",20,2,100,100,80,98
"139",0,6,100,100,100,94
"140",0,0,98,98,98,98
"141",0,8,98,100,98,92
"142",12,0,100,100,88,100
"143",8,18,98,98,90,80
"144",24,6,100,100,76,94
"145",0,2,94,94,94,92
"146",0,4,100,100,100,96
"147",4,0,100,100,96,100
"148",0,0,98,98,98,98
"149",0,2,98,98,98,96
"150",2,0,98,98,96,98
"151",6,4,98,98,92,94
"152",0,2,100,100,100,98
"153",0,0,100,100,100,100
"154",0,8,100,100,100,92
"155",34,16,100,100,66,84
"156",0,2,100,100,100,98
"157",0,2,98,96,98,94
"158",2,4,98,98,96,94
"159",0,12,98,98,98,86
"160",12,14,98,98,86,84
"161",0,0,100,100,100,100
"162",2,0,100,100,98,100
"163",0,2,98,98,98,96
"164",44,2,100,100,56,98
"165",0,8,98,100,98,92
"166",6,0,96,96,90,96
"167",0,6,100,100,100,94
"168",0,18,100,100,100,82
"169",0,0,100,100,100,100
"170",0,0,96,96,96,96
"171",0,0,100,100,100,100
"172",0,0,98,98,98,98
"173",0,4,100,100,100,96
"174",14,0,100,100,86,100
"175",0,2,94,94,94,92
"176",0,0,100,100,100,100
"177",0,0,98,98,98,98
"178",0,0,100,100,100,100
"179",0,4,100,100,100,96
"180",0,4,100,100,100,96
"181",0,0,98,98,98,98
"182",0,0,100,100,100,100
"183",0,2,96,96,96,94
"184",0,0,100,100,100,100
"185",0,0,100,100,100,100
"186",0,0,98,98,98,98
"187",16,0,100,100,84,100
"188",0,0,100,100,100,100
"189",0,4,96,98,96,94
"190",0,0,100,98,100,98
"191",0,2,98,98,98,96
"192",0,0,96,96,96,96
"193",0,0,100,100,100,100
"194",2,6,98,98,96,92
"195",6,10,100,100,94,90
"196",16,0,100,100,84,100
"197",4,14,96,98,92,84
"198",2,2,96,96,94,94
"199",0,0,100,100,100,100
"200",0,0,98,98,98,98
"201",0,0,98,98,98,98
"202",2,10,100,100,98,90
"203",0,16,98,98,98,82
"204",0,4,100,100,100,96
"205",0,0,100,100,100,100
"206",0,2,98,98,98,96
"207",0,2,94,94,94,92
"208",6,4,98,98,92,94
"209",0,0,100,100,100,100
"210",0,0,98,98,98,98
"211",0,0,100,98,100,98
"212",4,10,100,100,96,90
"213",0,6,98,98,98,92
"214",0,0,98,98,98,98
"215",0,16,98,98,98,82
"216",4,0,98,98,94,98
"217",2,0,98,100,96,100
"218",0,10,100,100,100,90
"219",0,0,100,100,100,100
"220",6,0,96,96,90,96
"221",0,4,100,100,100,96
"222",0,0,100,100,100,100
"223",0,2,98,98,98,96
"224",4,0,98,98,94,98
"225",0,2,98,98,98,96
"226",0,0,100,100,100,100
"227",8,2,100,100,92,98
"228",0,0,98,98,98,98
"229",2,6,98,98,96,92
"230",0,2,100,100,100,98
"231",0,0,98,98,98,98
"232",0,16,100,100,100,84
"233",0,0,100,100,100,100
"234",0,0,98,98,98,98
"235",0,6,100,100,100,94
"236",22,4,100,100,78,96
"237",0,0,98,98,98,98
"238",6,2,98,98,92,96
"239",2,8,100,100,98,92
"240",0,0,98,98,98,98
"241",0,4,100,100,100,96
"242",4,0,98,98,94,98
"243",0,10,100,100,100,90
"244",0,0,100,100,100,100
"245",12,10,98,98,86,88
"246",0,0,96,96,96,96
"247",10,0,100,100,90,100
"248",24,24,100,100,76,76
"249",0,0,100,98,100,98
"250",0,4,100,100,100,96
"251",0,0,98,98,98,98
"252",0,12,98,96,98,84
"253",0,0,98,98,98,98
"254",0,0,100,100,100,100
"255",0,0,100,100,100,100
"256",2,0,100,100,98,100
"257",2,2,98,98,96,96
"258",0,0,100,100,100,100
"259",0,4,100,100,100,96
"260",0,2,98,98,98,96
"261",0,0,92,92,92,92
"262",0,0,96,96,96,96
"263",0,0,100,100,100,100
"264",18,0,100,100,82,100
"265",0,2,100,100,100,98
"266",2,0,98,98,96,98
"267",2,0,98,98,96,98
"268",0,8,100,100,100,92
"269",2,4,100,100,98,96
"270",0,0,98,96,98,96
"271",0,0,98,100,98,100
"272",0,6,100,100,100,94
"273",6,26,100,100,94,74
"274",0,2,98,98,98,96
"275",0,10,96,96,96,86
"276",2,12,98,98,96,86
"277",0,10,96,96,96,86
"278",0,0,98,98,98,98
"279",2,2,98,98,96,96
"280",0,0,98,98,98,98
"281",0,0,98,98,98,98
"282",0,0,100,100,100,100
"283",0,2,100,100,100,98
"284",0,12,96,96,96,84
"285",2,2,100,98,98,96
"286",2,12,100,100,98,88
"287",0,2,100,100,100,98
"288",0,4,90,92,90,88
"289",0,4,100,100,100,96
"290",12,16,100,100,88,84
"291",4,0,98,98,94,98
"292",4,12,98,100,94,88
"293",0,8,100,100,100,92
"294",0,0,98,98,98,98
"295",0,0,100,100,100,100
"296",0,0,98,98,98,98
"297",0,2,100,100,100,98
"298",4,4,100,100,96,96
"299",0,0,90,90,90,90
"300",0,4,98,98,98,94
"301",0,0,100,100,100,100
"302",6,16,100,100,94,84
"303",0,0,100,100,100,100
"304",0,4,100,100,100,96
"305",0,0,98,98,98,98
"306",0,0,100,100,100,100
"307",2,0,100,100,98,100
"308",0,0,98,98,98,98
"309",0,0,98,98,98,98
"310",8,4,100,98,92,94
"311",0,0,100,100,100,100
"312",0,2,100,100,100,98
"313",0,8,100,100,100,92
"314",2,2,100,100,98,98
"315",0,20,100,100,100,80
"316",0,0,92,92,92,92
"317",0,0,100,100,100,100
"318",4,6,100,100,96,94
"319",0,4,100,100,100,96
"320",18,0,100,100,82,100
"321",8,0,100,100,92,100
"322",0,2,96,96,96,94
"323",0,0,100,100,100,100
"324",8,18,98,98,90,80
"325",2,0,96,96,94,96
"326",6,18,100,100,94,82
"327",0,0,100,100,100,100
"328",0,0,100,100,100,100
"329",2,2,98,98,96,96
"330",4,4,100,100,96,96
"331",0,4,100,100,100,96
"332",0,0,100,98,100,98
"333",14,2,100,100,86,98
"334",2,22,100,100,98,78
"335",0,0,100,100,100,100
"336",4,8,96,96,92,88
"337",0,0,100,100,100,100
"338",16,4,100,100,84,96
"339",0,0,100,100,100,100
"340",0,0,100,100,100,100
"341",0,0,100,100,100,100
"342",0,0,100,100,100,100
"343",4,6,96,96,92,90
"344",4,0,96,94,92,94
"345",2,0,96,96,94,96
"346",0,2,100,100,100,98
"347",0,0,100,100,100,100
"348",4,0,100,100,96,100
"349",0,0,94,96,94,96
"350",2,0,100,98,98,98
"351",12,14,100,100,88,86
"352",0,6,98,98,98,92
"353",0,0,98,98,98,98
"354",4,0,98,98,94,98
"355",0,0,100,100,100,100
"356",2,0,94,94,92,94
"357",10,0,96,98,86,98
"358",0,0,94,94,94,94
"359",0,2,96,98,96,96
"360",0,0,94,94,94,94
"361",0,2,100,100,100,98
"362",16,8,98,98,82,90
"363",0,0,96,96,96,96
"364",0,0,100,98,100,98
"365",0,2,100,100,100,98
"366",10,4,98,98,88,94
"367",0,4,98,98,98,94
"368",0,8,100,100,100,92
"369",0,0,100,100,100,100
"370",0,0,100,100,100,100
"371",0,0,98,98,98,98
"372",0,2,98,98,98,96
"373",0,0,100,100,100,100
"374",0,0,100,100,100,100
"375",0,0,98,98,98,98
"376",0,0,98,98,98,98
"377",0,4,100,100,100,96
"378",0,0,98,98,98,98
"379",0,4,96,98,96,94
"380",0,0,100,100,100,100
"381",0,18,100,100,100,82
"382",0,0,96,96,96,96
"383",0,0,100,100,100,100
"384",0,0,100,100,100,100
"385",0,2,100,100,100,98
"386",0,2,98,98,98,96
"387",0,2,100,100,100,98
"388",0,0,98,98,98,98
"389",0,0,96,96,96,96
"390",0,0,98,98,98,98
"391",0,0,98,98,98,98
"392",2,0,96,98,94,98
"393",0,0,96,96,96,96
"394",20,2,100,100,80,98
"395",14,2,100,100,86,98
"396",0,2,100,100,100,98
"397",4,0,100,100,96,100
"398",0,0,100,100,100,100
"399",2,0,100,100,98,100
"400",0,4,100,100,100,96
"401",0,0,98,98,98,98
"402",8,26,98,98,90,72
"403",0,0,96,98,96,98
"404",0,2,98,100,98,98
"405",2,0,98,98,96,98
"406",6,0,100,100,94,100
"407",8,12,98,98,90,86
"408",0,4,100,100,100,96
"409",0,0,100,100,100,100
"410",0,6,100,100,100,94
"411",0,0,100,100,100,100
"412",0,0,100,98,100,98
"413",0,0,96,98,96,98
"414",4,10,98,98,94,88
"415",0,0,100,100,100,100
"416",0,0,96,96,96,96
"417",0,14,100,100,100,86
"418",0,0,98,98,98,98
"419",0,2,98,98,98,96
"420",0,0,100,100,100,100
"421",0,0,98,96,98,96
"422",0,2,98,98,98,96
"423",0,0,100,100,100,100
"424",0,0,100,100,100,100
"425",0,12,98,98,98,86
"426",6,8,100,100,94,92
"427",0,0,96,96,96,96
"428",4,0,100,100,96,100
"429",2,2,100,100,98,98
"430",0,2,98,98,98,96
"431",14,0,100,100,86,100
"432",8,0,96,96,88,96
"433",0,0,98,98,98,98
"434",0,0,100,100,100,100
"435",0,0,100,100,100,100
"436",0,2,100,100,100,98
"437",0,6,100,100,100,94
"438",0,0,98,98,98,98
"439",0,4,96,96,96,92
"440",0,0,100,100,100,100
"441",0,14,98,98,98,84
"442",0,0,100,100,100,100
"443",2,2,100,100,98,98
"444",0,6,98,98,98,92
"445",8,10,100,100,92,90
"446",0,0,100,100,100,100
"447",0,18,100,100,100,82
"448",2,2,100,100,98,98
"449",0,0,100,100,100,100
"450",4,0,100,100,96,100
"451",0,12,96,96,96,84
"452",0,2,98,100,98,98
"453",0,0,98,100,98,100
"454",0,0,100,100,100,100
"455",0,0,100,100,100,100
"456",0,0,100,100,100,100
"457",0,6,100,100,100,94
"458",0,6,100,100,100,94
"459",0,0,98,98,98,98
"460",0,0,98,96,98,96
"461",0,4,98,98,98,94
"462",0,2,100,100,100,98
"463",0,0,100,100,100,100
"464",0,0,100,100,100,100
"465",0,0,100,100,100,100
"466",4,2,100,100,96,98
"467",0,2,100,100,100,98
"468",0,0,96,96,96,96
"469",0,8,100,100,100,92
"470",8,4,100,100,92,96
"471",0,2,100,100,100,98
"472",2,2,96,98,94,96
"473",2,0,100,100,98,100
"474",18,12,98,100,80,88
"475",0,0,100,100,100,100
"476",16,10,100,100,84,90
"477",12,2,100,100,88,98
"478",0,0,100,100,100,100
"479",0,0,100,100,100,100
"480",0,0,100,100,100,100
"481",0,0,100,98,100,98
"482",0,0,98,98,98,98
"483",2,0,100,100,98,100
"484",26,2,100,100,74,98
"485",4,0,100,98,96,98
"486",8,4,100,100,92,96
"487",2,0,98,98,96,98
"488",2,0,100,100,98,100
"489",0,0,100,100,100,100
"490",0,2,100,100,100,98
"491",2,6,100,100,98,94
"492",0,8,100,100,100,92
"493",2,6,98,98,96,92
"494",4,0,98,98,94,98
"495",0,0,100,100,100,100
"496",0,2,96,94,96,92
"497",0,0,98,98,98,98
"498",0,0,100,100,100,100
"499",0,0,98,98,98,98
"500",2,0,100,100,98,100
"501",0,0,100,100,100,100
"502",2,10,98,98,96,88
"503",0,0,98,98,98,98
"504",10,4,100,100,90,96
"505",0,0,96,96,96,96
"506",2,0,100,100,98,100
"507",2,10,100,100,98,90
"508",0,8,100,100,100,92
"509",0,0,96,96,96,96
"510",2,0,100,100,98,100
"511",0,0,100,100,100,100
"512",0,2,100,100,100,98
"513",0,0,98,98,98,98
"514",0,2,98,98,98,96
"515",0,2,100,100,100,98
"516",0,0,98,98,98,98
"517",0,0,98,98,98,98
"518",20,0,100,100,80,100
"519",0,0,100,100,100,100
"520",0,0,100,98,100,98
"521",4,4,100,98,96,94
"522",0,2,96,96,96,94
"523",16,0,100,100,84,100
"524",8,6,94,94,86,88
"525",2,2,98,96,96,94
"526",0,0,100,100,100,100
"527",4,2,96,96,92,94
"528",18,6,98,98,80,92
"529",14,0,100,100,86,100
"530",0,6,94,94,94,88
"531",2,18,100,100,98,82
"532",0,8,100,100,100,92
"533",0,2,100,100,100,98
"534",0,0,96,96,96,96
"535",0,2,100,100,100,98
"536",8,0,98,98,90,98
"537",32,0,100,100,68,100
"538",0,0,100,100,100,100
"539",12,0,98,98,86,98
"540",2,0,98,98,96,98
"541",14,6,100,98,86,92
"542",4,0,100,100,96,100
"543",0,0,100,100,100,100
"544",0,0,100,100,100,100
"545",0,6,96,98,96,92
"546",0,2,98,98,98,96
"547",4,0,98,98,94,98
"548",0,0,98,98,98,98
"549",2,12,98,98,96,86
"550",0,0,96,98,96,98
"551",0,2,94,94,94,92
"552",0,0,98,98,98,98
"553",0,0,98,96,98,96
"554",8,0,98,98,90,98
"555",10,2,96,96,86,94
"556",0,0,100,100,100,100
"557",2,2,92,94,90,92
"558",0,0,98,98,98,98
"559",0,0,96,98,96,98
"560",0,0,100,100,100,100
"561",12,4,100,100,88,96
"562",0,2,98,98,98,96
"563",0,0,96,96,96,96
"564",0,6,98,98,98,92
"565",10,2,96,96,86,94
"566",2,0,100,100,98,100
"567",0,20,100,100,100,80
"568",2,0,100,100,98,100
"569",14,0,98,98,84,98
"570",2,0,100,100,98,100
"571",12,8,100,100,88,92
"572",0,2,96,98,96,96
"573",10,4,100,98,90,94
"574",4,2,100,100,96,98
"575",0,8,100,100,100,92
"576",0,0,100,100,100,100
"577",2,0,100,100,98,100
"578",0,0,98,98,98,98
"579",0,0,96,96,96,96
"580",0,0,98,98,98,98
"581",0,0,100,98,100,98
"582",0,0,98,96,98,96
"583",0,4,100,100,100,96
"584",0,2,100,100,100,98
"585",0,2,100,100,100,98
"586",2,0,100,100,98,100
"587",0,0,92,92,92,92
"588",0,8,100,100,100,92
"589",2,8,100,100,98,92
"590",0,2,98,100,98,98
"591",0,4,98,98,98,94
"592",0,24,98,98,98,74
"593",2,0,100,100,98,100
"594",0,6,98,98,98,92
"595",0,2,100,100,100,98
"596",6,2,96,96,90,94
"597",0,2,98,98,98,96
"598",0,0,98,98,98,98
"599",0,10,100,100,100,90
"600",0,2,98,98,98,96
"601",0,0,98,98,98,98
"602",10,6,100,100,90,94
"603",0,0,100,100,100,100
"604",0,0,100,98,100,98
"605",6,0,96,94,90,94
"606",0,2,98,100,98,98
"607",2,0,98,98,96,98
"608",0,2,100,100,100,98
"609",14,2,100,100,86,98
"610",0,0,100,100,100,100
"611",4,0,94,94,90,94
"612",0,2,98,98,98,96
"613",0,0,98,98,98,98
"614",6,28,100,100,94,72
"615",0,0,100,100,100,100
"616",0,0,98,98,98,98
"617",2,8,100,100,98,92
"618",0,2,100,100,100,98
"619",0,0,98,98,98,98
"620",0,2,98,98,98,96
"621",0,6,100,100,100,94
"622",0,0,94,96,94,96
"623",0,0,100,100,100,100
"624",0,0,100,100,100,100
"625",18,18,98,98,80,80
"626",0,0,100,100,100,100
"627",0,0,100,100,100,100
"628",6,0,96,96,90,96
"629",4,0,100,100,96,100
"630",0,0,96,96,96,96
"631",0,0,98,98,98,98
"632",6,16,98,100,92,84
"633",10,6,100,100,90,94
"634",2,6,100,100,98,94
"635",0,0,96,98,96,98
"636",0,0,98,98,98,98
"637",0,6,98,98,98,92
"638",10,6,100,100,90,94
"639",18,6,100,100,82,94
"640",0,2,98,98,98,96
"641",0,0,90,90,90,90
"642",0,0,98,98,98,98
"643",0,6,100,100,100,94
"644",18,22,98,98,80,76
"645",6,16,98,100,92,84
"646",0,0,100,100,100,100
"647",2,2,96,96,94,94
"648",0,0,98,98,98,98
"649",0,14,100,100,100,86
"650",0,2,96,96,96,94
"651",0,6,100,100,100,94
"652",0,6,100,100,100,94
"653",0,0,100,100,100,100
"654",2,6,100,100,98,94
"655",14,0,96,96,82,96
"656",2,0,100,100,98,100
"657",0,0,98,98,98,98
"658",20,6,100,100,80,94
"659",0,0,92,92,92,92
"660",0,0,100,100,100,100
"661",0,4,98,96,98,92
"662",0,0,100,100,100,100
"663",0,14,100,100,100,86
"664",0,0,98,98,98,98
"665",0,2,100,100,100,98
"666",6,2,100,100,94,98
"667",10,0,98,98,88,98
"668",12,0,100,100,88,100
"669",0,2,100,100,100,98
"670",2,6,100,100,98,94
"671",0,0,100,100,100,100
"672",10,12,100,100,90,88
"673",0,0,100,100,100,100
"674",0,4,100,100,100,96
"675",0,2,96,96,96,94
"676",0,0,98,98,98,98
"677",0,0,98,100,98,100
"678",0,0,98,98,98,98
"679",0,0,96,98,96,98
"680",0,6,100,100,100,94
"681",0,0,100,100,100,100
"682",4,8,96,96,92,88
"683",0,0,100,100,100,100
"684",0,0,100,100,100,100
"685",6,0,100,100,94,100
"686",0,0,100,100,100,100
"687",0,0,100,100,100,100
"688",0,0,98,98,98,98
"689",2,0,100,100,98,100
"690",0,0,98,98,98,98
"691",0,2,98,96,98,94
"692",2,0,98,98,96,98
"693",0,4,100,100,100,96
"694",4,8,100,100,96,92
"695",6,12,98,98,92,86
"696",0,0,100,100,100,100
"697",4,0,100,100,96,100
"698",0,30,100,100,100,70
"699",0,10,100,100,100,90
"700",4,0,100,98,96,98
"701",2,0,98,98,96,98
"702",6,0,100,100,94,100
"703",0,0,100,100,100,100
"704",0,0,100,100,100,100
"705",0,2,100,100,100,98
"706",14,0,100,98,86,98
"707",8,2,100,100,92,98
"708",2,2,100,100,98,98
"709",4,14,96,96,92,82
"710",2,12,100,98,98,86
"711",0,4,100,100,100,96
"712",0,0,100,100,100,100
"713",4,0,98,98,94,98
"714",16,0,98,98,82,98
"715",0,2,98,98,98,96
"716",4,0,100,100,96,100
"717",18,12,100,100,82,88
"718",0,2,98,98,98,96
"719",0,0,94,94,94,94
"720",0,2,100,100,100,98
"721",0,2,100,100,100,98
"722",0,0,94,94,94,94
"723",0,0,100,100,100,100
"724",0,2,98,98,98,96
"725",0,2,100,100,100,98
"726",0,4,98,98,98,94
"727",6,0,98,98,92,98
"728",2,12,98,96,96,84
"729",0,0,98,98,98,98
"730",0,2,100,100,100,98
"731",0,4,98,98,98,94
"732",2,6,100,100,98,94
"733",0,2,96,96,96,94
"734",0,2,98,98,98,96
"735",0,2,98,98,98,96
"736",0,0,100,100,100,100
"737",0,0,98,100,98,100
"738",0,2,98,96,98,94
"739",2,0,100,100,98,100
"740",0,0,100,100,100,100
"741",2,2,98,100,96,98
"742",0,4,98,98,98,94
"743",0,0,98,98,98,98
"744",0,2,100,100,100,98
"745",0,0,98,98,98,98
"746",0,6,100,98,100,92
"747",0,0,98,98,98,98
"748",0,2,100,100,100,98
"749",0,6,100,100,100,94
"750",0,0,100,100,100,100
"751",0,2,100,100,100,98
"752",0,0,98,98,98,98
"753",0,0,96,96,96,96
"754",0,2,100,100,100,98
"755",0,0,100,100,100,100
"756",0,2,96,96,96,94
"757",0,0,100,100,100,100
"758",2,8,96,96,94,88
"759",0,2,100,100,100,98
"760",0,0,98,100,98,100
"761",8,0,100,100,92,100
"762",0,0,98,98,98,98
"763",0,0,98,96,98,96
"764",0,0,100,100,100,100
"765",2,10,100,100,98,90
"766",2,0,98,98,96,98
"767",0,0,100,100,100,100
"768",0,0,96,96,96,96
"769",0,0,98,98,98,98
"770",2,14,100,100,98,86
"771",4,0,98,98,94,98
"772",2,0,100,100,98,100
"773",0,0,100,98,100,98
"774",18,8,98,98,80,90
"775",0,0,100,100,100,100
"776",0,0,100,98,100,98
"777",12,8,98,98,86,90
"778",0,0,98,100,98,100
"779",14,0,100,100,86,100
"780",0,2,100,100,100,98
"781",10,8,100,100,90,92
"782",4,4,94,94,90,90
"783",0,0,96,96,96,96
"784",0,2,100,100,100,98
"785",0,0,96,98,96,98
"786",0,0,98,98,98,98
"787",6,0,100,98,94,98
"788",0,0,98,98,98,98
"789",10,0,100,100,90,100
"790",6,0,100,100,94,100
"791",2,0,100,100,98,100
"792",0,4,94,94,94,90
"793",0,0,98,98,98,98
"794",0,10,98,98,98,88
"795",0,0,100,100,100,100
"796",0,0,94,96,94,96
"797",0,8,100,100,100,92
"798",0,0,98,98,98,98
"799",0,0,100,100,100,100
"800",0,2,98,98,98,96
"801",12,0,98,98,86,98
"802",0,4,98,98,98,94
"803",0,0,100,98,100,98
"804",0,4,98,98,98,94
"805",14,0,96,96,82,96
"806",6,0,98,98,92,98
"807",0,0,100,100,100,100
"808",0,0,100,100,100,100
"809",0,0,100,100,100,100
"810",0,0,98,98,98,98
"811",0,0,98,96,98,96
"812",6,12,100,100,94,88
"813",2,2,100,100,98,98
"814",0,2,98,98,98,96
"815",6,0,98,98,92,98
"816",0,0,100,100,100,100
"817",0,2,96,96,96,94
"818",0,0,98,98,98,98
"819",0,8,98,98,98,90
"820",0,0,98,98,98,98
"821",0,10,98,98,98,88
"822",0,2,98,98,98,96
"823",2,0,100,100,98,100
"824",0,0,100,100,100,100
"825",0,0,100,100,100,100
"826",0,0,98,98,98,98
"827",0,4,98,98,98,94
"828",0,14,100,100,100,86
"829",0,0,100,100,100,100
"830",2,2,100,100,98,98
"831",4,4,94,94,90,90
"832",0,0,100,100,100,100
"833",18,0,100,100,82,100
"834",8,0,98,98,90,98
"835",0,4,100,100,100,96
"836",0,0,98,98,98,98
"837",2,0,98,98,96,98
"838",6,4,100,100,94,96
"839",4,0,100,100,96,100
"840",2,2,98,98,96,96
"841",10,0,100,100,90,100
"842",0,2,100,100,100,98
"843",2,10,100,98,98,88
"844",2,0,96,98,94,98
"845",8,0,100,100,92,100
"846",0,0,100,100,100,100
"847",0,2,100,100,100,98
"848",0,4,100,100,100,96
"849",0,4,100,100,100,96
"850",0,2,100,100,100,98
"851",0,0,100,100,100,100
"852",0,0,98,98,98,98
"853",0,10,100,100,100,90
"854",0,2,98,98,98,96
"855",0,2,98,98,98,96
"856",0,6,98,100,98,94
"857",12,14,98,98,86,84
"858",0,4,96,98,96,94
"859",0,0,98,98,98,98
"860",4,0,98,100,94,100
"861",0,0,100,100,100,100
"862",0,0,98,98,98,98
"863",22,12,100,100,78,88
"864",0,0,100,100,100,100
"865",0,4,92,92,92,88
"866",0,0,100,100,100,100
"867",0,0,100,100,100,100
"868",0,0,96,96,96,96
"869",0,0,98,98,98,98
"870",0,0,100,100,100,100
"871",2,0,100,100,98,100
"872",18,2,98,98,80,96
"873",0,0,100,100,100,100
"874",0,0,98,100,98,100
"875",2,8,100,100,98,92
"876",0,0,100,100,100,100
"877",0,2,98,98,98,96
"878",4,0,100,100,96,100
"879",0,0,96,94,96,94
"880",0,0,98,96,98,96
"881",0,2,100,100,100,98
"882",0,16,100,100,100,84
"883",4,18,100,100,96,82
"884",0,0,100,98,100,98
"885",0,0,94,94,94,94
"886",0,0,98,98,98,98
"887",0,10,100,100,100,90
"888",10,0,100,100,90,100
"889",2,2,100,100,98,98
"890",0,0,100,100,100,100
"891",2,12,96,96,94,84
"892",6,4,100,100,94,96
"893",2,14,100,100,98,86
"894",0,4,100,100,100,96
"895",0,2,100,100,100,98
"896",0,10,96,96,96,86
"897",0,2,98,98,98,96
"898",0,10,98,98,98,88
"899",0,0,100,100,100,100
"900",0,0,100,100,100,100
"901",0,2,96,96,96,94
"902",0,0,100,98,100,98
"903",0,0,98,98,98,98
"904",0,0,96,96,96,96
"905",0,2,100,100,100,98
"906",4,18,100,100,96,82
"907",0,6,100,100,100,94
"908",6,0,98,96,92,96
"909",8,0,98,98,90,98
"910",0,0,98,98,98,98
"911",0,0,100,100,100,100
"912",2,0,98,98,96,98
"913",0,0,100,100,100,100
"914",0,4,98,98,98,94
"915",0,2,100,100,100,98
"916",0,0,100,100,100,100
"917",6,0,98,98,92,98
"918",10,0,98,98,88,98
"919",32,0,100,100,68,100
"920",0,2,98,98,98,96
"921",2,0,100,100,98,100
"922",0,2,98,98,98,96
"923",10,2,100,100,90,98
"924",0,2,98,98,98,96
"925",0,0,98,98,98,98
"926",0,0,98,98,98,98
"927",0,0,98,98,98,98
"928",0,16,98,98,98,82
"929",2,0,96,96,94,96
"930",0,0,98,98,98,98
"931",14,0,98,98,84,98
"932",0,0,98,98,98,98
"933",0,0,100,100,100,100
"934",0,2,100,100,100,98
"935",0,2,100,100,100,98
"936",0,0,100,100,100,100
"937",0,0,96,96,96,96
"938",0,8,100,100,100,92
"939",2,34,100,100,98,66
"940",0,0,92,92,92,92
"941",0,0,92,92,92,92
"942",2,20,98,96,96,76
"943",0,0,92,94,92,94
"944",0,0,100,100,100,100
"945",0,0,100,100,100,100
"946",0,0,100,100,100,100
"947",0,0,100,100,100,100
"948",2,4,98,98,96,94
"949",18,2,98,98,80,96
"950",0,2,100,100,100,98
"951",0,6,98,100,98,94
"952",2,0,98,98,96,98
"953",0,22,98,96,98,74
"954",0,0,100,100,100,100
"955",4,2,98,98,94,96
"956",0,0,100,100,100,100
"957",0,0,98,98,98,98
"958",2,2,100,100,98,98
"959",0,0,100,100,100,100
"960",0,0,100,98,100,98
"961",0,12,96,98,96,86
"962",0,0,98,98,98,98
"963",0,0,100,100,100,100
"964",0,0,98,98,98,98
"965",0,2,98,98,98,96
"966",2,0,100,98,98,98
"967",22,4,100,100,78,96
"968",0,6,94,96,94,90
"969",0,0,92,90,92,90
"970",0,4,100,100,100,96
"971",0,4,100,100,100,96
"972",0,0,100,100,100,100
"973",0,0,98,98,98,98
"974",6,0,98,98,92,98
"975",2,0,100,100,98,100
"976",14,0,98,98,84,98
"977",0,0,98,96,98,96
"978",0,0,100,100,100,100
"979",18,4,100,100,82,96
"980",0,0,96,98,96,98
"981",4,0,100,100,96,100
"982",6,4,100,100,94,96
"983",0,2,96,96,96,94
"984",2,6,96,96,94,90
"985",2,0,100,100,98,100
"986",0,0,100,100,100,100
"987",0,16,96,96,96,80
"988",0,6,98,98,98,92
"989",0,2,98,98,98,96
"990",6,6,100,98,94,92
"991",0,0,98,98,98,98
"992",0,0,100,100,100,100
"993",4,0,98,98,94,98
"994",0,0,100,100,100,100
"995",4,0,100,100,96,100
"996",0,10,100,100,100,90
"997",0,2,96,96,96,94
"998",4,0,100,100,96,100
"999",10,20,100,100,90,80
"1000",0,0,96,96,96,96
