"","Correct_model_perc_eucledian","Correct_model_perc_mahalanovis","Null_model_perc_eucledian","Null_model_perc_mahalanovis","Percentage_difference_eucledian","Percentage_difference_mahalanovis"
"1",2.5,12.5,98.5,98.5,96,86
"2",9.5,19.5,100,100,90.5,80.5
"3",0,5,100,100,100,95
"4",0,0.5,100,100,100,99.5
"5",10.5,1.5,99.5,99.5,89,98
"6",1.5,0.5,99.5,99.5,98,99
"7",0,0,100,100,100,100
"8",2.5,2,100,100,97.5,98
"9",3,30,100,100,97,70
"10",0,0.5,99.5,99.5,99.5,99
"11",10.5,18,100,100,89.5,82
"12",0,0,100,100,100,100
"13",29,13.5,99.5,99.5,70.5,86
"14",0,7.5,100,100,100,92.5
"15",1,1.5,100,100,99,98.5
"16",5,0.5,100,100,95,99.5
"17",0,1,99,99,99,98
"18",15,17.5,100,100,85,82.5
"19",11,5.5,98.5,98.5,87.5,93
"20",4.5,22,100,100,95.5,78
"21",1,0.5,99.5,99.5,98.5,99
"22",5,2,99.5,99.5,94.5,97.5
"23",2,4,100,100,98,96
"24",0,0,99.5,99.5,99.5,99.5
"25",0,0,100,100,100,100
"26",10,0,99,99,89,99
"27",11,12.5,100,100,89,87.5
"28",0,0,99.5,99.5,99.5,99.5
"29",0,3.5,98.5,98.5,98.5,95
"30",0,0.5,100,100,100,99.5
"31",1.5,13.5,98.5,98.5,97,85
"32",0.5,0,99.5,99.5,99,99.5
"33",2,1,100,100,98,99
"34",0,1.5,100,100,100,98.5
"35",0,0.5,100,100,100,99.5
"36",2,2,100,100,98,98
"37",0,0,99.5,99.5,99.5,99.5
"38",0,0,99,99,99,99
"39",0,2.5,100,100,100,97.5
"40",0,0,100,100,100,100
"41",7,0,99.5,99.5,92.5,99.5
"42",0,4.5,99.5,100,99.5,95.5
"43",0,1,100,100,100,99
"44",0,0.5,100,100,100,99.5
"45",7.5,2,99.5,99.5,92,97.5
"46",12,4.5,100,100,88,95.5
"47",0,1,100,100,100,99
"48",0,0,99,99,99,99
"49",2.5,6.5,100,100,97.5,93.5
"50",0,0,100,100,100,100
"51",11.5,16,99.5,99.5,88,83.5
"52",0,1,100,100,100,99
"53",2,3.5,100,100,98,96.5
"54",0.5,0,99.5,99.5,99,99.5
"55",12.5,3.5,100,100,87.5,96.5
"56",0.5,0,100,100,99.5,100
"57",0,1.5,100,100,100,98.5
"58",2.5,0,99,99,96.5,99
"59",0.5,5,100,100,99.5,95
"60",0,0,100,100,100,100
"61",0,0,99.5,99.5,99.5,99.5
"62",0,0.5,100,100,100,99.5
"63",0,0.5,100,100,100,99.5
"64",0,0,99.5,99.5,99.5,99.5
"65",1.5,5,97.5,97.5,96,92.5
"66",0,0,99.5,99.5,99.5,99.5
"67",0.5,5.5,100,100,99.5,94.5
"68",0,0,100,100,100,100
"69",0,0,100,100,100,100
"70",0,2,100,100,100,98
"71",0.5,0,100,100,99.5,100
"72",0,0.5,100,100,100,99.5
"73",39.5,19,99.5,99.5,60,80.5
"74",15.5,6,100,100,84.5,94
"75",0.5,3,100,100,99.5,97
"76",5.5,2,100,100,94.5,98
"77",0.5,0,100,100,99.5,100
"78",7.5,5,99,99,91.5,94
"79",0,7.5,97.5,97.5,97.5,90
"80",0,3,100,100,100,97
"81",7,3.5,100,100,93,96.5
"82",0.5,6.5,99.5,99.5,99,93
"83",0,0,99,99,99,99
"84",0,0,100,100,100,100
"85",1.5,0.5,99,99,97.5,98.5
"86",0.5,1,100,100,99.5,99
"87",0,0.5,99.5,99.5,99.5,99
"88",1,9,99.5,99.5,98.5,90.5
"89",3.5,3,99.5,99.5,96,96.5
"90",0,2.5,99,99,99,96.5
"91",7.5,7,99,99,91.5,92
"92",0,4.5,100,100,100,95.5
"93",0,1,100,100,100,99
"94",0,0,100,100,100,100
"95",0,0,100,100,100,100
"96",0,0,100,100,100,100
"97",5,11,100,100,95,89
"98",0,0,99.5,99.5,99.5,99.5
"99",0,2.5,99.5,99,99.5,96.5
"100",6.5,8,100,100,93.5,92
"101",10.5,0,99.5,99.5,89,99.5
"102",2.5,0,99.5,99.5,97,99.5
"103",4,2,99,99,95,97
"104",0,0,100,100,100,100
"105",11,2,99.5,99.5,88.5,97.5
"106",0.5,1.5,100,100,99.5,98.5
"107",4.5,0,100,100,95.5,100
"108",0,0.5,99.5,99.5,99.5,99
"109",24,4.5,99.5,99.5,75.5,95
"110",0.5,0.5,100,100,99.5,99.5
"111",20,0.5,100,100,80,99.5
"112",3,4,100,100,97,96
"113",0,3,99.5,99.5,99.5,96.5
"114",1,4,99.5,99.5,98.5,95.5
"115",4,1,99.5,99.5,95.5,98.5
"116",19.5,13,99.5,99.5,80,86.5
"117",2,6,100,100,98,94
"118",2.5,0,100,100,97.5,100
"119",0,0.5,100,100,100,99.5
"120",8,0,100,100,92,100
"121",15,0,99,99,84,99
"122",2,21,99.5,99.5,97.5,78.5
"123",0,1,100,100,100,99
"124",14.5,4.5,100,100,85.5,95.5
"125",0,0.5,100,100,100,99.5
"126",18.5,1,100,100,81.5,99
"127",0,0.5,100,100,100,99.5
"128",0.5,0,100,100,99.5,100
"129",0,0,99.5,99.5,99.5,99.5
"130",10,4,100,100,90,96
"131",0,0,100,100,100,100
"132",0.5,0.5,100,100,99.5,99.5
"133",2,2,99.5,99.5,97.5,97.5
"134",0.5,0,99,99,98.5,99
"135",0.5,0,98.5,98.5,98,98.5
"136",1,0,100,100,99,100
"137",2,6.5,100,100,98,93.5
"138",0,0,99.5,99.5,99.5,99.5
"139",0,0,99.5,99.5,99.5,99.5
"140",11,0,100,100,89,100
"141",0,0,99,99,99,99
"142",0,4,99.5,99.5,99.5,95.5
"143",6,1.5,100,100,94,98.5
"144",1.5,0,99.5,99.5,98,99.5
"145",12,2.5,99.5,99.5,87.5,97
"146",8,0,100,100,92,100
"147",0,0,99.5,99.5,99.5,99.5
"148",0.5,0.5,100,100,99.5,99.5
"149",2,3,99.5,99.5,97.5,96.5
"150",0,5,100,100,100,95
"151",1,0,99.5,99.5,98.5,99.5
"152",2,8.5,99.5,99.5,97.5,91
"153",4,6.5,99.5,99.5,95.5,93
"154",0,11.5,100,100,100,88.5
"155",1,0,100,100,99,100
"156",0,1,100,100,100,99
"157",4,22,98.5,98.5,94.5,76.5
"158",1,0,100,100,99,100
"159",20,24.5,100,100,80,75.5
"160",1.5,0.5,99.5,99.5,98,99
"161",0,0,100,100,100,100
"162",0,10.5,100,100,100,89.5
"163",0,0,99.5,99.5,99.5,99.5
"164",0,3,99.5,99.5,99.5,96.5
"165",4.5,4,100,100,95.5,96
"166",1,0,99,99.5,98,99.5
"167",0.5,0,99.5,99.5,99,99.5
"168",16.5,28,100,100,83.5,72
"169",0,0,99.5,100,99.5,100
"170",9.5,30.5,99.5,99.5,90,69
"171",1,7.5,100,100,99,92.5
"172",4.5,16.5,99,99,94.5,82.5
"173",0,0,100,100,100,100
"174",0,1,99.5,99.5,99.5,98.5
"175",0,6,100,100,100,94
"176",2,0,100,100,98,100
"177",1,8.5,100,100,99,91.5
"178",17.5,13,100,100,82.5,87
"179",5,2,100,100,95,98
"180",3.5,0,99,99,95.5,99
"181",0.5,6,99,99,98.5,93
"182",0,5.5,98.5,98.5,98.5,93
"183",5,8.5,100,100,95,91.5
"184",0.5,8.5,99,99,98.5,90.5
"185",0,6,100,100,100,94
"186",0,1.5,100,100,100,98.5
"187",1,0.5,98.5,98.5,97.5,98
"188",0,1,100,100,100,99
"189",18,4.5,99.5,99.5,81.5,95
"190",4,2.5,100,100,96,97.5
"191",5,2.5,99.5,99.5,94.5,97
"192",0,2,99,99,99,97
"193",0,2,99.5,99.5,99.5,97.5
"194",18,15,100,100,82,85
"195",24.5,14,100,100,75.5,86
"196",12,0.5,99.5,99.5,87.5,99
"197",0,3,100,100,100,97
"198",6.5,0,100,100,93.5,100
"199",0,1.5,99.5,99.5,99.5,98
"200",0,1.5,100,100,100,98.5
"201",7,1.5,100,100,93,98.5
"202",6,0,100,100,94,100
"203",0.5,0.5,99,99,98.5,98.5
"204",3.5,0,100,100,96.5,100
"205",0,1,99.5,99.5,99.5,98.5
"206",0,0,99,99,99,99
"207",14.5,9.5,100,100,85.5,90.5
"208",0,5,99.5,99.5,99.5,94.5
"209",2.5,0.5,99,99,96.5,98.5
"210",3,0,100,100,97,100
"211",0,0,99,99,99,99
"212",0,0.5,100,100,100,99.5
"213",1.5,0.5,100,100,98.5,99.5
"214",0,2,100,100,100,98
"215",0,4,100,100,100,96
"216",4.5,19.5,99.5,99.5,95,80
"217",0,0,100,100,100,100
"218",0,0,99.5,99.5,99.5,99.5
"219",0.5,0,100,100,99.5,100
"220",0.5,2,98,98.5,97.5,96.5
"221",0,0,100,100,100,100
"222",0.5,0,99.5,99.5,99,99.5
"223",0,0,99.5,99.5,99.5,99.5
"224",0,2.5,100,100,100,97.5
"225",0,0,99,99,99,99
"226",0,2,99,99,99,97
"227",1.5,0.5,100,100,98.5,99.5
"228",0,1.5,100,99.5,100,98
"229",3.5,21.5,100,100,96.5,78.5
"230",1.5,2,100,100,98.5,98
"231",0.5,2.5,100,100,99.5,97.5
"232",1.5,0,100,100,98.5,100
"233",0,1,99,99,99,98
"234",0,0,100,100,100,100
"235",0,2.5,100,100,100,97.5
"236",7.5,30,100,100,92.5,70
"237",24.5,10,100,100,75.5,90
"238",2.5,0.5,100,100,97.5,99.5
"239",0,1,100,100,100,99
"240",0,0.5,100,100,100,99.5
"241",0,1,99,99,99,98
"242",0,15.5,100,100,100,84.5
"243",4,3,99.5,99.5,95.5,96.5
"244",22.5,2,100,100,77.5,98
"245",0.5,0,99.5,99.5,99,99.5
"246",9,0,100,100,91,100
"247",0,0,100,100,100,100
"248",16.5,26.5,99.5,99.5,83,73
"249",4.5,9.5,100,100,95.5,90.5
"250",0,0,100,100,100,100
"251",4,1,99.5,99.5,95.5,98.5
"252",11.5,12.5,100,100,88.5,87.5
"253",3,5.5,100,100,97,94.5
"254",5.5,3,98.5,98.5,93,95.5
"255",8.5,0,100,100,91.5,100
"256",0.5,3,99.5,99.5,99,96.5
"257",0,0,100,100,100,100
"258",0,0,99.5,99.5,99.5,99.5
"259",7,0.5,99,99,92,98.5
"260",2,0.5,99.5,99.5,97.5,99
"261",0,0,100,100,100,100
"262",0,2.5,97.5,97.5,97.5,95
"263",13,7,100,100,87,93
"264",0,1,100,100,100,99
"265",0,0,99.5,99.5,99.5,99.5
"266",0,0,100,100,100,100
"267",2,17,99.5,99.5,97.5,82.5
"268",2,0,98.5,98.5,96.5,98.5
"269",1.5,22,100,100,98.5,78
"270",2,0,100,100,98,100
"271",5,7.5,100,100,95,92.5
"272",2.5,6,99.5,99.5,97,93.5
"273",0.5,2,100,100,99.5,98
"274",0,1.5,99,99.5,99,98
"275",0,0.5,100,100,100,99.5
"276",0,2,99.5,99.5,99.5,97.5
"277",0,4,100,100,100,96
"278",2.5,5.5,100,100,97.5,94.5
"279",1,7,100,100,99,93
"280",9,16,98.5,98.5,89.5,82.5
"281",1,3.5,100,100,99,96.5
"282",8.5,0,99.5,99.5,91,99.5
"283",38,0,99.5,99.5,61.5,99.5
"284",1,6.5,99.5,99.5,98.5,93
"285",0,0,100,100,100,100
"286",6.5,18.5,99.5,99.5,93,81
"287",0,0.5,100,100,100,99.5
"288",0,1,100,100,100,99
"289",0,0,99,99,99,99
"290",2.5,0.5,100,100,97.5,99.5
"291",1,1.5,99.5,99.5,98.5,98
"292",0,15.5,100,100,100,84.5
"293",0,7.5,100,100,100,92.5
"294",1.5,2.5,100,100,98.5,97.5
"295",1,0,99,99,98,99
"296",0,2,99,99,99,97
"297",2.5,0,99.5,99.5,97,99.5
"298",0,0,100,100,100,100
"299",12,6,100,100,88,94
"300",7,25.5,100,100,93,74.5
"301",0,0,100,100,100,100
"302",0.5,0.5,99.5,99.5,99,99
"303",4.5,1,99.5,99.5,95,98.5
"304",44,0,100,100,56,100
"305",0.5,0,98.5,98.5,98,98.5
"306",11.5,17.5,100,100,88.5,82.5
"307",0,0,99.5,99.5,99.5,99.5
"308",0,2,99,99,99,97
"309",5,7.5,99.5,99.5,94.5,92
"310",0,0.5,100,100,100,99.5
"311",1.5,16.5,99.5,100,98,83.5
"312",2,15.5,100,100,98,84.5
"313",50,35.5,100,100,50,64.5
"314",0,1.5,99.5,99.5,99.5,98
"315",0.5,3.5,99.5,99.5,99,96
"316",0,2,99,99,99,97
"317",34,1.5,99.5,99.5,65.5,98
"318",2,8.5,100,100,98,91.5
"319",0,1.5,99.5,99.5,99.5,98
"320",0,5,99,99,99,94
"321",0,10.5,99.5,99.5,99.5,89
"322",0,0,100,100,100,100
"323",3,0,100,100,97,100
"324",0,3,100,100,100,97
"325",16.5,5.5,100,100,83.5,94.5
"326",9,5.5,100,100,91,94.5
"327",1,8.5,99.5,99.5,98.5,91
"328",1.5,7.5,98.5,98.5,97,91
"329",11.5,16,100,100,88.5,84
"330",3.5,0,99.5,100,96,100
"331",2,5.5,100,100,98,94.5
"332",8,7.5,100,100,92,92.5
"333",0.5,0.5,100,100,99.5,99.5
"334",4,11.5,100,100,96,88.5
"335",0,31,98,98,98,67
"336",0.5,7.5,98.5,98.5,98,91
"337",0,8.5,99,99,99,90.5
"338",0.5,1,99,99,98.5,98
"339",0,3,99.5,99.5,99.5,96.5
"340",3,5,99.5,99.5,96.5,94.5
"341",0.5,5,100,100,99.5,95
"342",3,19.5,100,100,97,80.5
"343",0,0.5,99,99,99,98.5
"344",0,7.5,99.5,99.5,99.5,92
"345",0.5,3,100,100,99.5,97
"346",36,2.5,99.5,99.5,63.5,97
"347",1.5,4.5,99.5,99.5,98,95
"348",33,3,99.5,99.5,66.5,96.5
"349",2.5,0,100,100,97.5,100
"350",19.5,11,100,100,80.5,89
"351",2,1,100,100,98,99
"352",2,2.5,99.5,99.5,97.5,97
"353",5.5,15,99.5,99.5,94,84.5
"354",0,0,100,100,100,100
"355",0.5,2.5,99.5,99.5,99,97
"356",1,2,99.5,99.5,98.5,97.5
"357",0.5,0,99.5,99.5,99,99.5
"358",0,0,98,98.5,98,98.5
"359",1,1.5,98.5,98.5,97.5,97
"360",2.5,6.5,99.5,99.5,97,93
"361",7.5,10,100,100,92.5,90
"362",0,0,100,100,100,100
"363",3.5,12.5,99.5,99.5,96,87
"364",0,0.5,100,100,100,99.5
"365",0,3,100,100,100,97
"366",0,0,100,100,100,100
"367",0.5,3,100,100,99.5,97
"368",0,4,99.5,99.5,99.5,95.5
"369",0,1.5,100,100,100,98.5
"370",3.5,3,100,100,96.5,97
"371",2,0,99.5,99.5,97.5,99.5
"372",14.5,17,99.5,99.5,85,82.5
"373",12.5,20,100,100,87.5,80
"374",0,0,100,100,100,100
"375",1,6.5,100,100,99,93.5
"376",0,3,100,100,100,97
"377",0.5,0,99,99,98.5,99
"378",0,4.5,100,100,100,95.5
"379",0,2.5,100,100,100,97.5
"380",17.5,0,100,100,82.5,100
"381",2,0,100,100,98,100
"382",0.5,3.5,98.5,98.5,98,95
"383",27,33.5,99.5,99.5,72.5,66
"384",0.5,1.5,99.5,99.5,99,98
"385",0.5,0,100,100,99.5,100
"386",8.5,5,99.5,99.5,91,94.5
"387",0.5,0.5,100,100,99.5,99.5
"388",3.5,9,99.5,99.5,96,90.5
"389",4,7.5,100,100,96,92.5
"390",17.5,2.5,100,100,82.5,97.5
"391",0,3.5,99,99,99,95.5
"392",0,0,99,99,99,99
"393",3.5,3,99.5,99.5,96,96.5
"394",0,0.5,99.5,99.5,99.5,99
"395",5,10.5,100,100,95,89.5
"396",0,4,100,100,100,96
"397",11,7,100,100,89,93
"398",20.5,0.5,100,100,79.5,99.5
"399",1.5,3,100,100,98.5,97
"400",0,2,100,100,100,98
"401",0.5,4.5,100,100,99.5,95.5
"402",1.5,0.5,100,100,98.5,99.5
"403",2,1,99.5,99.5,97.5,98.5
"404",0.5,0,100,100,99.5,100
"405",1,8,100,100,99,92
"406",0,2.5,99,99,99,96.5
"407",6.5,0,100,100,93.5,100
"408",20,7.5,100,100,80,92.5
"409",0,0,100,100,100,100
"410",4.5,0,98.5,98.5,94,98.5
"411",0,1.5,100,100,100,98.5
"412",9,7,100,100,91,93
"413",0.5,2.5,100,100,99.5,97.5
"414",0.5,1.5,100,100,99.5,98.5
"415",0,6,100,100,100,94
"416",2,2,99.5,99.5,97.5,97.5
"417",2.5,0,100,100,97.5,100
"418",7,7.5,99.5,99.5,92.5,92
"419",0,0,99.5,99.5,99.5,99.5
"420",2,2,100,100,98,98
"421",2.5,16,100,100,97.5,84
"422",0,0,100,100,100,100
"423",4,0.5,99.5,99.5,95.5,99
"424",1.5,4,100,100,98.5,96
"425",3.5,5.5,99.5,99.5,96,94
"426",6.5,6.5,100,100,93.5,93.5
"427",0.5,6,100,100,99.5,94
"428",0.5,3.5,99,99,98.5,95.5
"429",0,0,99.5,99.5,99.5,99.5
"430",10,28,100,100,90,72
"431",0,1,100,100,100,99
"432",0,0.5,100,100,100,99.5
"433",6,8.5,99.5,99.5,93.5,91
"434",4,4.5,100,100,96,95.5
"435",6,9.5,99,99,93,89.5
"436",1,1,99.5,99.5,98.5,98.5
"437",2.5,0,99.5,99.5,97,99.5
"438",1,22.5,100,100,99,77.5
"439",0.5,0,99.5,99.5,99,99.5
"440",2.5,20.5,100,100,97.5,79.5
"441",13,25.5,100,100,87,74.5
"442",1.5,0,99.5,99.5,98,99.5
"443",0,0,100,100,100,100
"444",0,0.5,100,100,100,99.5
"445",13,0,100,100,87,100
"446",6.5,0.5,99.5,99.5,93,99
"447",0,1.5,100,100,100,98.5
"448",0.5,2,100,100,99.5,98
"449",0,3.5,100,100,100,96.5
"450",0,0,100,100,100,100
"451",6.5,3,100,100,93.5,97
"452",6,5,99.5,99.5,93.5,94.5
"453",1.5,3,99.5,99.5,98,96.5
"454",0,2.5,100,100,100,97.5
"455",0.5,7,99,99,98.5,92
"456",1.5,2.5,100,100,98.5,97.5
"457",2.5,4,100,100,97.5,96
"458",1,2,100,100,99,98
"459",6,0,100,100,94,100
"460",0.5,4,98.5,98.5,98,94.5
"461",2,4.5,100,100,98,95.5
"462",0,0,99,99,99,99
"463",0,10.5,100,100,100,89.5
"464",0,0,99,100,99,100
"465",0,0,100,100,100,100
"466",0.5,1,100,100,99.5,99
"467",1,0.5,100,100,99,99.5
"468",2,18,99.5,99.5,97.5,81.5
"469",50,0,100,100,50,100
"470",0.5,1.5,99.5,99.5,99,98
"471",6.5,0,99.5,99.5,93,99.5
"472",1.5,2.5,99.5,99.5,98,97
"473",6.5,41,100,100,93.5,59
"474",6,1,100,100,94,99
"475",0,0.5,98.5,98.5,98.5,98
"476",0,0,99,99,99,99
"477",0,0,98.5,98.5,98.5,98.5
"478",36,7.5,99.5,99.5,63.5,92
"479",0,3,99,99.5,99,96.5
"480",3.5,3.5,100,100,96.5,96.5
"481",0,0,99,99,99,99
"482",0.5,10.5,100,100,99.5,89.5
"483",0,0,99,99,99,99
"484",0,0,99,99,99,99
"485",19.5,9.5,100,100,80.5,90.5
"486",3.5,0.5,99.5,99.5,96,99
"487",0,0.5,100,100,100,99.5
"488",18,33,99.5,99.5,81.5,66.5
"489",33,7.5,99.5,99.5,66.5,92
"490",19.5,8,99,99,79.5,91
"491",2.5,0,100,100,97.5,100
"492",4.5,2,100,100,95.5,98
"493",1.5,1.5,100,100,98.5,98.5
"494",0.5,0.5,99.5,99.5,99,99
"495",1,10.5,98.5,98.5,97.5,88
"496",17.5,20.5,99.5,100,82,79.5
"497",14.5,0,99.5,99.5,85,99.5
"498",0,15,100,99.5,100,84.5
"499",0,6,98.5,98.5,98.5,92.5
"500",1,2.5,100,100,99,97.5
"501",2.5,6,100,100,97.5,94
"502",5,0.5,100,100,95,99.5
"503",1,4,100,100,99,96
"504",1.5,1.5,99.5,99.5,98,98
"505",6.5,2,99.5,99.5,93,97.5
"506",6,12,100,100,94,88
"507",0,0,100,100,100,100
"508",0.5,1,100,100,99.5,99
"509",0,0.5,100,100,100,99.5
"510",27.5,22,100,100,72.5,78
"511",1.5,0,99,99.5,97.5,99.5
"512",0.5,1.5,99,99,98.5,97.5
"513",0,2,100,100,100,98
"514",27.5,21.5,99.5,99.5,72,78
"515",0,0,100,100,100,100
"516",0.5,0,99.5,99.5,99,99.5
"517",16,20,99,99,83,79
"518",0.5,0.5,100,100,99.5,99.5
"519",0,2.5,100,100,100,97.5
"520",0,0,99.5,99.5,99.5,99.5
"521",2.5,0.5,100,100,97.5,99.5
"522",0.5,1,99.5,99.5,99,98.5
"523",21.5,0,99,99,77.5,99
"524",3,0,99.5,99.5,96.5,99.5
"525",0,0,100,100,100,100
"526",0,0,100,100,100,100
"527",3,2.5,100,100,97,97.5
"528",0,10.5,100,100,100,89.5
"529",0,0,100,100,100,100
"530",1.5,11.5,100,100,98.5,88.5
"531",0.5,1.5,99.5,99.5,99,98
"532",4,7,99.5,99.5,95.5,92.5
"533",0,1.5,100,100,100,98.5
"534",1,1,100,100,99,99
"535",0,8,99,99,99,91
"536",2,17.5,99.5,99.5,97.5,82
"537",0,0,98.5,98.5,98.5,98.5
"538",0.5,0.5,100,100,99.5,99.5
"539",0,2.5,100,100,100,97.5
"540",8,12.5,100,100,92,87.5
"541",1.5,0,100,100,98.5,100
"542",0,0,99.5,99.5,99.5,99.5
"543",0,1.5,100,100,100,98.5
"544",0,0,100,100,100,100
"545",0,2.5,100,100,100,97.5
"546",0,0,100,100,100,100
"547",0,0.5,100,100,100,99.5
"548",9.5,7.5,100,100,90.5,92.5
"549",1,2.5,100,100,99,97.5
"550",5.5,4.5,100,100,94.5,95.5
"551",1,5.5,99.5,99.5,98.5,94
"552",0,1,100,100,100,99
"553",0,0,100,100,100,100
"554",0,0,99.5,99.5,99.5,99.5
"555",7.5,4,100,100,92.5,96
"556",0.5,0,100,100,99.5,100
"557",0,3,99.5,99.5,99.5,96.5
"558",6,5.5,100,100,94,94.5
"559",0,0.5,99.5,99.5,99.5,99
"560",14,0,98.5,98.5,84.5,98.5
"561",0,17.5,100,100,100,82.5
"562",0,0.5,99.5,99.5,99.5,99
"563",19,9.5,99.5,99.5,80.5,90
"564",0,6.5,99.5,99.5,99.5,93
"565",0,11,99,99,99,88
"566",1,2.5,99.5,99.5,98.5,97
"567",0,0,99.5,99.5,99.5,99.5
"568",0,0,99.5,99.5,99.5,99.5
"569",0,0.5,99.5,99.5,99.5,99
"570",0,0,100,100,100,100
"571",1,1,99.5,99.5,98.5,98.5
"572",0.5,8,99,99,98.5,91
"573",10,4.5,100,100,90,95.5
"574",36.5,20.5,99.5,99.5,63,79
"575",1,0,99.5,99.5,98.5,99.5
"576",1,16.5,99.5,99.5,98.5,83
"577",19,1.5,100,99.5,81,98
"578",0,2,99.5,99.5,99.5,97.5
"579",9,12,100,100,91,88
"580",3,6.5,100,100,97,93.5
"581",0,0.5,99.5,99.5,99.5,99
"582",3,0,100,100,97,100
"583",0,0,100,100,100,100
"584",0,0.5,100,100,100,99.5
"585",0,0,99.5,99.5,99.5,99.5
"586",20.5,0.5,99.5,99.5,79,99
"587",7,0.5,100,100,93,99.5
"588",0,2.5,100,100,100,97.5
"589",0,0,100,100,100,100
"590",3,1,100,100,97,99
"591",0.5,0,99.5,99.5,99,99.5
"592",1.5,0.5,100,100,98.5,99.5
"593",0,4.5,99.5,99.5,99.5,95
"594",0,3.5,99.5,99.5,99.5,96
"595",1,0,99,99,98,99
"596",0,0,100,100,100,100
"597",24.5,26,100,100,75.5,74
"598",0,1.5,100,100,100,98.5
"599",2,11.5,100,100,98,88.5
"600",0.5,4,99.5,99.5,99,95.5
"601",0,0,99.5,99.5,99.5,99.5
"602",5,6,100,100,95,94
"603",0,0,100,100,100,100
"604",0,0,98.5,98.5,98.5,98.5
"605",15.5,41.5,100,100,84.5,58.5
"606",0,0,99.5,99.5,99.5,99.5
"607",0,3.5,100,100,100,96.5
"608",0,11,100,100,100,89
"609",2,2,99.5,99.5,97.5,97.5
"610",0,0.5,99.5,99.5,99.5,99
"611",22,6.5,99.5,99.5,77.5,93
"612",0,0,100,100,100,100
"613",0,4,100,100,100,96
"614",1.5,0,100,100,98.5,100
"615",0.5,1.5,100,100,99.5,98.5
"616",0,0,100,99.5,100,99.5
"617",2.5,0,100,100,97.5,100
"618",1.5,7.5,100,100,98.5,92.5
"619",1,0.5,99.5,99.5,98.5,99
"620",0.5,0,99,99,98.5,99
"621",0,0,100,100,100,100
"622",1,8.5,99,99,98,90.5
"623",0,2,99,99,99,97
"624",0,0,100,100,100,100
"625",21.5,12.5,100,100,78.5,87.5
"626",0,6,99.5,99.5,99.5,93.5
"627",14,1.5,99.5,99.5,85.5,98
"628",0,0,98.5,98.5,98.5,98.5
"629",0,9,100,100,100,91
"630",1,0.5,100,100,99,99.5
"631",0,2.5,100,100,100,97.5
"632",0,1,100,100,100,99
"633",5,0.5,99.5,99.5,94.5,99
"634",6.5,65.5,99.5,99.5,93,34
"635",2.5,0,100,100,97.5,100
"636",16.5,22.5,99,99.5,82.5,77
"637",15,32,99.5,99.5,84.5,67.5
"638",1,7,100,100,99,93
"639",14.5,25.5,100,100,85.5,74.5
"640",0,0,99.5,99.5,99.5,99.5
"641",5,21,100,100,95,79
"642",14.5,4.5,100,100,85.5,95.5
"643",0,0,100,100,100,100
"644",1,1,100,100,99,99
"645",0,2.5,99,99,99,96.5
"646",0,2,99.5,99.5,99.5,97.5
"647",2.5,0,99.5,99.5,97,99.5
"648",0,9,100,100,100,91
"649",7,6,100,100,93,94
"650",0,0,100,100,100,100
"651",1.5,0,100,100,98.5,100
"652",7,1,98.5,98.5,91.5,97.5
"653",4.5,12.5,99.5,99.5,95,87
"654",21,3,100,100,79,97
"655",20.5,19,100,100,79.5,81
"656",0,1.5,99.5,99.5,99.5,98
"657",3,3.5,100,100,97,96.5
"658",0.5,0,100,100,99.5,100
"659",0,10,100,100,100,90
"660",0.5,12.5,100,100,99.5,87.5
"661",0,3,99.5,99.5,99.5,96.5
"662",0,0.5,100,100,100,99.5
"663",0,1,100,100,100,99
"664",0,0,100,100,100,100
"665",0,0.5,100,100,100,99.5
"666",10,12,100,100,90,88
"667",1.5,7.5,98.5,98.5,97,91
"668",0,0,100,100,100,100
"669",0,5,100,100,100,95
"670",1,0,99.5,99.5,98.5,99.5
"671",2.5,2.5,100,100,97.5,97.5
"672",0,0,99.5,99.5,99.5,99.5
"673",5.5,36,100,100,94.5,64
"674",0,0,100,100,100,100
"675",2,2.5,100,100,98,97.5
"676",5.5,13,99,99,93.5,86
"677",14,0,100,100,86,100
"678",0.5,5.5,100,100,99.5,94.5
"679",24,21.5,99.5,99.5,75.5,78
"680",1,5,100,100,99,95
"681",0,0.5,99,99,99,98.5
"682",0,0,100,100,100,100
"683",4.5,4.5,99.5,99.5,95,95
"684",0,0,99,99,99,99
"685",1.5,1,99.5,99.5,98,98.5
"686",6.5,0,99.5,99.5,93,99.5
"687",0,0,99.5,99.5,99.5,99.5
"688",2.5,0.5,100,100,97.5,99.5
"689",0,0.5,99,99,99,98.5
"690",6.5,0,99.5,99.5,93,99.5
"691",0,0,100,100,100,100
"692",0,4.5,99.5,99.5,99.5,95
"693",0.5,0,99.5,99.5,99,99.5
"694",3,18,99.5,99.5,96.5,81.5
"695",0,0,99.5,99.5,99.5,99.5
"696",8,1,100,100,92,99
"697",0,0,100,100,100,100
"698",0,2,99.5,99.5,99.5,97.5
"699",5,3,99.5,99.5,94.5,96.5
"700",29,5.5,100,100,71,94.5
"701",0,2,99.5,99.5,99.5,97.5
"702",1,0,100,100,99,100
"703",0,0.5,99.5,99.5,99.5,99
"704",2.5,1,100,100,97.5,99
"705",2,12.5,99.5,99.5,97.5,87
"706",6.5,0,100,100,93.5,100
"707",0,7.5,100,100,100,92.5
"708",0,0,100,100,100,100
"709",1,0,100,100,99,100
"710",1,0.5,99.5,99.5,98.5,99
"711",0,0.5,100,100,100,99.5
"712",3,5.5,99.5,99.5,96.5,94
"713",21,5,99,99,78,94
"714",0,0.5,99.5,99.5,99.5,99
"715",0,0,99.5,99.5,99.5,99.5
"716",2,0.5,100,100,98,99.5
"717",19,6.5,100,100,81,93.5
"718",0.5,3,100,100,99.5,97
"719",4.5,9.5,99.5,99.5,95,90
"720",0,3,99.5,99.5,99.5,96.5
"721",0.5,0,100,100,99.5,100
"722",0,0,99,99,99,99
"723",1.5,3.5,100,100,98.5,96.5
"724",0,14,100,100,100,86
"725",2,9,99.5,99.5,97.5,90.5
"726",0,0,100,100,100,100
"727",1.5,3.5,100,100,98.5,96.5
"728",1.5,15,100,100,98.5,85
"729",10,30,99,99,89,69
"730",0,15.5,99.5,99.5,99.5,84
"731",0,1,100,100,100,99
"732",4,0,100,100,96,100
"733",0,4.5,99.5,99,99.5,94.5
"734",0,1.5,99.5,99.5,99.5,98
"735",2.5,2,99.5,99.5,97,97.5
"736",0,9,100,100,100,91
"737",0.5,0,99.5,99.5,99,99.5
"738",5,0,100,99.5,95,99.5
"739",0,3,99.5,99.5,99.5,96.5
"740",37,3,100,100,63,97
"741",21.5,21.5,100,100,78.5,78.5
"742",0.5,8,98,98,97.5,90
"743",4.5,6,99.5,99.5,95,93.5
"744",0,0,99.5,99.5,99.5,99.5
"745",1,8.5,100,100,99,91.5
"746",0,0,100,100,100,100
"747",11.5,4.5,100,100,88.5,95.5
"748",1.5,4,100,100,98.5,96
"749",0,3,99.5,99.5,99.5,96.5
"750",0,2.5,100,100,100,97.5
"751",1.5,1,100,100,98.5,99
"752",0,0,100,100,100,100
"753",3.5,9.5,100,100,96.5,90.5
"754",1.5,2,99.5,99.5,98,97.5
"755",0,1,100,100,100,99
"756",0,0,100,100,100,100
"757",8.5,24.5,99,99,90.5,74.5
"758",0,0,100,100,100,100
"759",0,0,100,100,100,100
"760",3,0.5,100,100,97,99.5
"761",0,2.5,100,100,100,97.5
"762",0,0.5,100,100,100,99.5
"763",3,8,99,99,96,91
"764",1,13,100,100,99,87
"765",2,0.5,100,100,98,99.5
"766",0,1,100,100,100,99
"767",0,0,99.5,99.5,99.5,99.5
"768",4,0.5,100,100,96,99.5
"769",2,4.5,99,99,97,94.5
"770",2,0.5,100,100,98,99.5
"771",0,0,99.5,99.5,99.5,99.5
"772",0,2.5,100,100,100,97.5
"773",4.5,15,100,100,95.5,85
"774",2,0,98.5,98.5,96.5,98.5
"775",12.5,9.5,100,100,87.5,90.5
"776",1.5,0.5,99.5,99.5,98,99
"777",6,0,100,100,94,100
"778",0,3,99.5,99.5,99.5,96.5
"779",12.5,7,100,100,87.5,93
"780",2,0,99.5,99.5,97.5,99.5
"781",0,0.5,99.5,99.5,99.5,99
"782",3,0.5,99.5,99.5,96.5,99
"783",0,6,100,100,100,94
"784",0.5,0.5,99.5,99.5,99,99
"785",4,6,100,100,96,94
"786",1,0,99.5,99.5,98.5,99.5
"787",1,17.5,100,100,99,82.5
"788",0,5,99,99,99,94
"789",0,0,100,100,100,100
"790",6.5,0.5,100,100,93.5,99.5
"791",0.5,0,100,100,99.5,100
"792",1,0,100,100,99,100
"793",0,4,100,100,100,96
"794",0.5,2,100,100,99.5,98
"795",1,3.5,100,100,99,96.5
"796",0.5,1,100,100,99.5,99
"797",0,0,99.5,99.5,99.5,99.5
"798",0,2,99.5,99.5,99.5,97.5
"799",0.5,1.5,99.5,99.5,99,98
"800",2,0,100,100,98,100
"801",0,3.5,100,100,100,96.5
"802",0,1,100,100,100,99
"803",0.5,3,100,100,99.5,97
"804",23,22.5,100,100,77,77.5
"805",0,1.5,100,100,100,98.5
"806",0,0,100,100,100,100
"807",21.5,2,100,100,78.5,98
"808",1,2.5,99.5,99.5,98.5,97
"809",0,1,99.5,99.5,99.5,98.5
"810",0.5,0.5,99.5,99.5,99,99
"811",0,0,99,99,99,99
"812",0,4,100,100,100,96
"813",11,3,100,100,89,97
"814",16.5,0,100,100,83.5,100
"815",2,0,99,99,97,99
"816",0,0,100,100,100,100
"817",6.5,1.5,100,100,93.5,98.5
"818",0,0,99.5,99.5,99.5,99.5
"819",3,14,99.5,99.5,96.5,85.5
"820",2,31,100,100,98,69
"821",0,6.5,100,100,100,93.5
"822",1,0.5,100,100,99,99.5
"823",7,0,100,100,93,100
"824",0,0,100,100,100,100
"825",1,0,99.5,99.5,98.5,99.5
"826",8.5,2,99.5,99.5,91,97.5
"827",9.5,4,100,100,90.5,96
"828",9.5,13.5,100,100,90.5,86.5
"829",11,20,100,100,89,80
"830",3.5,5.5,99.5,99.5,96,94
"831",0,0,100,100,100,100
"832",1,16.5,100,100,99,83.5
"833",0,10.5,100,100,100,89.5
"834",0,0,99.5,99.5,99.5,99.5
"835",1.5,0,100,100,98.5,100
"836",0.5,4,100,100,99.5,96
"837",2.5,2.5,99.5,99.5,97,97
"838",0,5.5,100,100,100,94.5
"839",0,1,99.5,99.5,99.5,98.5
"840",1.5,14.5,100,100,98.5,85.5
"841",0,1,100,100,100,99
"842",17,3.5,100,100,83,96.5
"843",0,4.5,99.5,99.5,99.5,95
"844",16.5,7.5,100,100,83.5,92.5
"845",0,0,99.5,99.5,99.5,99.5
"846",0,4,99.5,99.5,99.5,95.5
"847",0,0,99,99,99,99
"848",0,0,99,99,99,99
"849",4.5,0,99.5,99.5,95,99.5
"850",0,1.5,99,98.5,99,97
"851",2.5,4.5,100,100,97.5,95.5
"852",13.5,25,100,100,86.5,75
"853",11,1.5,100,100,89,98.5
"854",11.5,0,99.5,99.5,88,99.5
"855",0,0.5,100,100,100,99.5
"856",3,3.5,100,100,97,96.5
"857",0,3.5,100,100,100,96.5
"858",0,0,99.5,99.5,99.5,99.5
"859",0,10,100,100,100,90
"860",0,5.5,99,99,99,93.5
"861",0,1,99.5,99.5,99.5,98.5
"862",0,2,99.5,99,99.5,97
"863",0,4.5,100,100,100,95.5
"864",0,6,99.5,99.5,99.5,93.5
"865",8.5,35.5,100,100,91.5,64.5
"866",0,0.5,99.5,99.5,99.5,99
"867",4,7.5,99.5,99.5,95.5,92
"868",0.5,0,100,100,99.5,100
"869",2,0,100,100,98,100
"870",1,6,99.5,99.5,98.5,93.5
"871",0,0,100,100,100,100
"872",0,1,100,100,100,99
"873",0,9.5,100,100,100,90.5
"874",7.5,4,99.5,99.5,92,95.5
"875",0,0,100,100,100,100
"876",0,0,100,100,100,100
"877",0,1.5,100,100,100,98.5
"878",0.5,3.5,100,100,99.5,96.5
"879",2.5,1,99.5,99.5,97,98.5
"880",7.5,0,99.5,99.5,92,99.5
"881",0,6,99,99,99,93
"882",0,1,100,100,100,99
"883",0,3.5,99.5,99.5,99.5,96
"884",0,0,100,100,100,100
"885",0,0,100,100,100,100
"886",0.5,34,98.5,98.5,98,64.5
"887",0,0,99.5,99.5,99.5,99.5
"888",1.5,0,100,100,98.5,100
"889",0,5,99.5,99.5,99.5,94.5
"890",1,0,100,100,99,100
"891",0,0.5,100,100,100,99.5
"892",2.5,0,100,100,97.5,100
"893",5,2.5,98,98,93,95.5
"894",1,0.5,99.5,99.5,98.5,99
"895",2.5,5.5,100,100,97.5,94.5
"896",4.5,5,99.5,99.5,95,94.5
"897",0,0,99.5,99.5,99.5,99.5
"898",0,0.5,99.5,99.5,99.5,99
"899",1.5,0,99.5,99.5,98,99.5
"900",0,1.5,99.5,99.5,99.5,98
"901",0,0,99,99,99,99
"902",0,12,99.5,99.5,99.5,87.5
"903",0,0.5,99.5,99.5,99.5,99
"904",3,2,100,100,97,98
"905",0,0.5,99.5,99.5,99.5,99
"906",1.5,6.5,99.5,99.5,98,93
"907",0,3.5,100,100,100,96.5
"908",0,1.5,100,100,100,98.5
"909",0,0,99.5,99.5,99.5,99.5
"910",3,0,99,99,96,99
"911",0,0,98.5,98.5,98.5,98.5
"912",0,0,100,100,100,100
"913",0,14,99.5,99.5,99.5,85.5
"914",0,1.5,99.5,99.5,99.5,98
"915",0.5,0,99,99,98.5,99
"916",5,3,100,100,95,97
"917",4.5,0.5,99,99,94.5,98.5
"918",6.5,0,99.5,99.5,93,99.5
"919",6.5,1.5,99,99,92.5,97.5
"920",0.5,0.5,100,100,99.5,99.5
"921",0,0,100,100,100,100
"922",10.5,1.5,99,99,88.5,97.5
"923",0,0,99,99,99,99
"924",0,0.5,100,100,100,99.5
"925",0,1.5,98.5,98.5,98.5,97
"926",0,0.5,100,100,100,99.5
"927",7,9,99,99,92,90
"928",1.5,6,99.5,99.5,98,93.5
"929",1.5,7.5,99.5,99.5,98,92
"930",0,5,100,100,100,95
"931",0.5,1,99.5,99.5,99,98.5
"932",3,5.5,100,100,97,94.5
"933",8.5,0.5,99,99,90.5,98.5
"934",0,1.5,100,100,100,98.5
"935",0.5,3.5,99.5,99.5,99,96
"936",0,0.5,99.5,99.5,99.5,99
"937",1,0,99.5,99.5,98.5,99.5
"938",1,1.5,99.5,99.5,98.5,98
"939",0,22,100,100,100,78
"940",7.5,6,99.5,99.5,92,93.5
"941",6.5,10,100,100,93.5,90
"942",0,4.5,100,100,100,95.5
"943",0,0,100,100,100,100
"944",3,5,100,100,97,95
"945",0.5,26,99,99,98.5,73
"946",3.5,1.5,100,100,96.5,98.5
"947",15,15,100,100,85,85
"948",0,0,100,100,100,100
"949",4,25,100,100,96,75
"950",0,4.5,100,100,100,95.5
"951",7.5,7.5,100,100,92.5,92.5
"952",31.5,8.5,100,100,68.5,91.5
"953",0,0,99.5,99.5,99.5,99.5
"954",1.5,0,99.5,99.5,98,99.5
"955",1.5,0.5,100,100,98.5,99.5
"956",0,5.5,99.5,99.5,99.5,94
"957",0,1,100,100,100,99
"958",1,5.5,99.5,99.5,98.5,94
"959",29.5,12.5,99,99,69.5,86.5
"960",9,0,100,100,91,100
"961",0,9.5,99,99,99,89.5
"962",2,12.5,100,100,98,87.5
"963",3,14.5,100,100,97,85.5
"964",1,0,99.5,99.5,98.5,99.5
"965",0,0,99,99,99,99
"966",19,10.5,99.5,99.5,80.5,89
"967",2.5,0.5,99,99,96.5,98.5
"968",0,0,99.5,99.5,99.5,99.5
"969",4,9.5,99.5,99.5,95.5,90
"970",0,0,100,100,100,100
"971",12.5,14,99.5,99.5,87,85.5
"972",0,0,99.5,99.5,99.5,99.5
"973",1,0,99,98.5,98,98.5
"974",0,1.5,99.5,99.5,99.5,98
"975",22.5,0,99.5,99.5,77,99.5
"976",0,1,100,100,100,99
"977",0,4,99.5,99.5,99.5,95.5
"978",0,6.5,100,100,100,93.5
"979",1.5,1.5,98,98,96.5,96.5
"980",6.5,4.5,99.5,99.5,93,95
"981",9.5,11,99,99,89.5,88
"982",1,5.5,99.5,99.5,98.5,94
"983",5.5,1.5,99,99,93.5,97.5
"984",1.5,9.5,99.5,99.5,98,90
"985",0,0.5,100,100,100,99.5
"986",0,0,100,100,100,100
"987",0.5,0,100,100,99.5,100
"988",0,2,99,99,99,97
"989",0,1,99.5,99.5,99.5,98.5
"990",0,2.5,99.5,99.5,99.5,97
"991",3.5,20,99.5,99.5,96,79.5
"992",0,2,99.5,99.5,99.5,97.5
"993",1,0,99.5,99.5,98.5,99.5
"994",0,0.5,99.5,99.5,99.5,99
"995",1,1,100,100,99,99
"996",6.5,0,99.5,99.5,93,99.5
"997",4,3,100,100,96,97
"998",3.5,0.5,100,100,96.5,99.5
"999",0,0,100,100,100,100
"1000",0,0,99,99,99,99
