"","Correct_model_perc_eucledian","Correct_model_perc_mahalanovis","Null_model_perc_eucledian","Null_model_perc_mahalanovis","Percentage_difference_eucledian","Percentage_difference_mahalanovis"
"1",2,4,100,100,98,96
"2",2,8,100,100,98,92
"3",0,0,100,100,100,100
"4",0,4,100,100,100,96
"5",0,2,100,100,100,98
"6",2,14,100,100,98,86
"7",0,0,100,100,100,100
"8",2,4,100,100,98,96
"9",10,4,100,100,90,96
"10",0,0,100,100,100,100
"11",0,0,100,100,100,100
"12",8,14,100,100,92,86
"13",0,6,100,100,100,94
"14",0,0,100,100,100,100
"15",2,0,100,100,98,100
"16",0,6,100,100,100,94
"17",0,0,100,100,100,100
"18",0,6,98,98,98,92
"19",0,0,100,100,100,100
"20",0,0,100,100,100,100
"21",0,0,100,100,100,100
"22",0,0,100,100,100,100
"23",0,0,100,100,100,100
"24",0,2,100,100,100,98
"25",6,0,100,100,94,100
"26",12,4,98,98,86,94
"27",0,4,100,100,100,96
"28",6,8,100,100,94,92
"29",0,0,100,100,100,100
"30",2,8,100,100,98,92
"31",16,26,100,100,84,74
"32",6,10,100,100,94,90
"33",0,4,100,100,100,96
"34",0,8,100,100,100,92
"35",0,0,100,100,100,100
"36",0,0,98,98,98,98
"37",0,0,100,100,100,100
"38",0,0,100,100,100,100
"39",0,0,100,100,100,100
"40",0,2,100,100,100,98
"41",2,4,100,100,98,96
"42",0,0,100,100,100,100
"43",0,4,100,100,100,96
"44",0,0,100,100,100,100
"45",0,2,100,100,100,98
"46",8,6,100,100,92,94
"47",4,14,100,100,96,86
"48",2,0,100,100,98,100
"49",0,2,100,100,100,98
"50",2,6,100,100,98,94
"51",0,2,100,100,100,98
"52",0,0,100,100,100,100
"53",8,0,100,100,92,100
"54",0,0,100,100,100,100
"55",8,2,100,100,92,98
"56",2,0,100,100,98,100
"57",0,4,100,100,100,96
"58",12,0,100,100,88,100
"59",14,14,100,100,86,86
"60",2,12,100,100,98,88
"61",0,4,100,100,100,96
"62",10,0,100,100,90,100
"63",8,8,100,100,92,92
"64",0,8,100,100,100,92
"65",2,2,100,100,98,98
"66",18,8,100,100,82,92
"67",0,0,100,100,100,100
"68",0,2,100,100,100,98
"69",0,0,100,100,100,100
"70",0,2,100,100,100,98
"71",2,2,100,100,98,98
"72",0,0,100,100,100,100
"73",4,0,100,100,96,100
"74",2,0,100,100,98,100
"75",0,0,100,100,100,100
"76",2,12,100,100,98,88
"77",0,2,100,100,100,98
"78",0,2,100,100,100,98
"79",0,10,100,100,100,90
"80",2,8,100,100,98,92
"81",0,0,100,100,100,100
"82",18,0,100,100,82,100
"83",0,0,100,100,100,100
"84",8,2,100,100,92,98
"85",0,14,100,100,100,86
"86",8,2,100,100,92,98
"87",2,6,100,100,98,94
"88",0,0,100,100,100,100
"89",0,0,100,100,100,100
"90",0,14,100,100,100,86
"91",0,0,100,100,100,100
"92",2,12,100,100,98,88
"93",0,2,100,100,100,98
"94",0,0,100,100,100,100
"95",0,0,100,100,100,100
"96",4,4,100,100,96,96
"97",0,4,100,100,100,96
"98",0,0,100,100,100,100
"99",0,0,100,100,100,100
"100",0,0,100,100,100,100
"101",16,20,100,100,84,80
"102",0,0,100,100,100,100
"103",0,0,100,100,100,100
"104",8,2,100,100,92,98
"105",12,12,100,100,88,88
"106",0,6,100,100,100,94
"107",8,8,100,100,92,92
"108",0,0,100,100,100,100
"109",16,0,100,100,84,100
"110",0,6,100,100,100,94
"111",0,0,100,100,100,100
"112",2,2,100,100,98,98
"113",0,2,100,100,100,98
"114",0,0,100,100,100,100
"115",4,0,100,100,96,100
"116",8,2,100,100,92,98
"117",0,6,100,100,100,94
"118",8,4,100,100,92,96
"119",0,0,100,100,100,100
"120",0,6,100,100,100,94
"121",4,8,100,100,96,92
"122",0,0,100,100,100,100
"123",0,0,100,100,100,100
"124",4,4,100,100,96,96
"125",12,18,100,100,88,82
"126",4,6,100,100,96,94
"127",8,0,100,100,92,100
"128",24,0,100,100,76,100
"129",0,2,100,100,100,98
"130",2,12,100,100,98,88
"131",22,20,100,100,78,80
"132",2,0,100,100,98,100
"133",4,0,100,100,96,100
"134",26,16,100,100,74,84
"135",0,2,100,100,100,98
"136",2,0,100,100,98,100
"137",0,0,100,100,100,100
"138",2,8,100,100,98,92
"139",4,6,100,100,96,94
"140",32,4,100,100,68,96
"141",0,0,100,100,100,100
"142",14,14,100,100,86,86
"143",2,0,100,100,98,100
"144",12,0,100,100,88,100
"145",2,6,100,100,98,94
"146",2,0,100,100,98,100
"147",4,0,100,100,96,100
"148",12,6,100,100,88,94
"149",0,4,100,100,100,96
"150",0,4,100,100,100,96
"151",30,2,98,98,68,96
"152",0,6,100,100,100,94
"153",8,24,100,100,92,76
"154",0,4,100,100,100,96
"155",2,4,100,100,98,96
"156",6,14,100,100,94,86
"157",0,2,98,98,98,96
"158",2,2,100,100,98,98
"159",0,0,98,98,98,98
"160",4,8,100,100,96,92
"161",0,0,100,100,100,100
"162",8,0,100,100,92,100
"163",0,4,100,100,100,96
"164",18,4,100,100,82,96
"165",0,4,100,100,100,96
"166",0,0,100,100,100,100
"167",0,0,100,100,100,100
"168",0,0,100,100,100,100
"169",8,10,100,100,92,90
"170",0,0,100,100,100,100
"171",0,0,100,100,100,100
"172",0,8,100,100,100,92
"173",0,2,100,100,100,98
"174",0,0,100,100,100,100
"175",0,0,100,100,100,100
"176",0,0,100,100,100,100
"177",0,0,100,100,100,100
"178",6,0,100,100,94,100
"179",0,0,100,100,100,100
"180",10,0,100,100,90,100
"181",2,0,100,100,98,100
"182",22,0,100,100,78,100
"183",0,0,100,100,100,100
"184",14,16,100,100,86,84
"185",0,2,100,100,100,98
"186",16,22,100,100,84,78
"187",2,0,100,100,98,100
"188",0,2,100,100,100,98
"189",0,20,100,100,100,80
"190",2,8,100,100,98,92
"191",0,2,100,100,100,98
"192",0,2,100,100,100,98
"193",2,0,100,100,98,100
"194",4,0,100,100,96,100
"195",2,0,100,100,98,100
"196",4,14,100,100,96,86
"197",0,0,100,100,100,100
"198",0,0,100,100,100,100
"199",0,0,100,100,100,100
"200",6,0,100,100,94,100
"201",0,0,98,98,98,98
"202",0,28,100,100,100,72
"203",4,0,100,100,96,100
"204",0,0,100,100,100,100
"205",6,4,100,100,94,96
"206",0,0,100,100,100,100
"207",0,4,100,100,100,96
"208",16,8,100,100,84,92
"209",0,0,100,100,100,100
"210",0,0,98,98,98,98
"211",0,0,100,100,100,100
"212",0,2,100,100,100,98
"213",2,4,100,100,98,96
"214",2,0,100,100,98,100
"215",6,18,98,98,92,80
"216",0,0,100,100,100,100
"217",0,0,100,100,100,100
"218",0,6,100,100,100,94
"219",6,2,100,100,94,98
"220",0,4,100,100,100,96
"221",8,4,100,100,92,96
"222",4,2,100,100,96,98
"223",32,22,100,100,68,78
"224",10,38,100,100,90,62
"225",2,24,100,100,98,76
"226",0,6,100,100,100,94
"227",4,8,100,100,96,92
"228",0,2,100,100,100,98
"229",0,0,100,100,100,100
"230",0,0,100,100,100,100
"231",0,0,98,98,98,98
"232",0,0,100,100,100,100
"233",0,0,100,100,100,100
"234",0,2,100,100,100,98
"235",4,2,100,100,96,98
"236",0,0,100,100,100,100
"237",0,0,100,100,100,100
"238",4,0,100,100,96,100
"239",12,0,100,100,88,100
"240",0,0,100,100,100,100
"241",6,2,100,100,94,98
"242",0,0,100,100,100,100
"243",8,12,100,100,92,88
"244",0,0,100,100,100,100
"245",0,8,100,100,100,92
"246",0,10,100,100,100,90
"247",12,0,100,100,88,100
"248",2,0,100,100,98,100
"249",4,0,100,100,96,100
"250",0,0,100,100,100,100
"251",0,0,100,100,100,100
"252",32,8,100,100,68,92
"253",0,2,100,100,100,98
"254",10,18,100,100,90,82
"255",2,2,100,100,98,98
"256",2,26,100,100,98,74
"257",12,22,100,100,88,78
"258",0,0,100,100,100,100
"259",2,18,100,100,98,82
"260",0,4,100,100,100,96
"261",4,12,100,100,96,88
"262",0,0,100,100,100,100
"263",0,0,100,100,100,100
"264",28,24,100,100,72,76
"265",0,0,100,100,100,100
"266",2,0,100,100,98,100
"267",0,0,100,100,100,100
"268",0,0,100,100,100,100
"269",4,8,100,100,96,92
"270",2,8,100,100,98,92
"271",0,0,100,100,100,100
"272",0,0,100,100,100,100
"273",0,12,100,100,100,88
"274",0,2,100,100,100,98
"275",16,0,100,100,84,100
"276",8,0,100,100,92,100
"277",20,8,100,100,80,92
"278",24,10,100,100,76,90
"279",0,0,100,100,100,100
"280",4,26,100,100,96,74
"281",0,10,100,100,100,90
"282",0,2,100,100,100,98
"283",8,0,100,100,92,100
"284",0,4,100,100,100,96
"285",0,0,100,100,100,100
"286",0,2,100,100,100,98
"287",4,2,100,100,96,98
"288",4,2,100,100,96,98
"289",0,0,100,100,100,100
"290",0,6,100,100,100,94
"291",0,2,100,100,100,98
"292",4,0,100,100,96,100
"293",0,4,100,100,100,96
"294",0,10,100,100,100,90
"295",0,0,100,100,100,100
"296",0,10,100,100,100,90
"297",2,4,100,100,98,96
"298",2,2,100,100,98,98
"299",0,0,100,100,100,100
"300",30,4,100,100,70,96
"301",0,0,100,100,100,100
"302",6,0,100,100,94,100
"303",0,0,100,100,100,100
"304",0,2,100,100,100,98
"305",0,6,100,100,100,94
"306",6,6,100,100,94,94
"307",0,0,100,100,100,100
"308",0,0,100,100,100,100
"309",0,8,100,100,100,92
"310",8,2,100,100,92,98
"311",0,0,100,100,100,100
"312",2,0,100,100,98,100
"313",10,4,100,100,90,96
"314",0,0,100,100,100,100
"315",2,0,100,100,98,100
"316",2,2,100,100,98,98
"317",12,0,100,100,88,100
"318",2,24,100,100,98,76
"319",0,0,100,100,100,100
"320",2,4,100,100,98,96
"321",0,0,100,100,100,100
"322",0,0,100,100,100,100
"323",0,0,100,100,100,100
"324",0,8,100,100,100,92
"325",6,22,100,100,94,78
"326",2,0,100,100,98,100
"327",8,16,100,100,92,84
"328",0,12,100,100,100,88
"329",0,8,98,98,98,90
"330",4,2,100,100,96,98
"331",12,2,100,100,88,98
"332",6,8,100,100,94,92
"333",0,0,100,100,100,100
"334",0,0,100,100,100,100
"335",2,20,100,100,98,80
"336",2,0,100,100,98,100
"337",0,0,100,100,100,100
"338",0,0,100,100,100,100
"339",22,0,100,100,78,100
"340",0,0,100,100,100,100
"341",12,6,98,98,86,92
"342",0,2,100,100,100,98
"343",28,2,100,100,72,98
"344",2,2,100,100,98,98
"345",24,0,100,100,76,100
"346",0,0,100,100,100,100
"347",0,0,100,100,100,100
"348",0,10,100,100,100,90
"349",4,4,100,100,96,96
"350",22,2,100,100,78,98
"351",2,0,100,100,98,100
"352",8,0,100,100,92,100
"353",0,0,100,100,100,100
"354",0,0,100,100,100,100
"355",0,2,100,100,100,98
"356",78,4,100,100,22,96
"357",8,0,100,100,92,100
"358",0,0,100,100,100,100
"359",0,0,100,100,100,100
"360",0,0,100,100,100,100
"361",2,0,100,100,98,100
"362",0,0,100,100,100,100
"363",22,12,100,100,78,88
"364",0,2,100,100,100,98
"365",0,0,100,100,100,100
"366",4,0,100,100,96,100
"367",0,0,100,100,100,100
"368",4,0,100,100,96,100
"369",10,10,100,100,90,90
"370",0,4,100,100,100,96
"371",2,0,100,100,98,100
"372",0,6,100,100,100,94
"373",0,0,100,100,100,100
"374",0,10,100,100,100,90
"375",0,2,100,100,100,98
"376",2,10,100,100,98,90
"377",2,26,100,100,98,74
"378",4,0,100,100,96,100
"379",0,8,100,100,100,92
"380",0,4,100,100,100,96
"381",8,12,100,100,92,88
"382",6,16,100,100,94,84
"383",0,6,98,98,98,92
"384",0,0,100,100,100,100
"385",0,0,100,100,100,100
"386",0,0,100,100,100,100
"387",30,6,100,100,70,94
"388",0,0,100,100,100,100
"389",6,0,100,100,94,100
"390",2,0,100,100,98,100
"391",0,0,100,100,100,100
"392",2,4,100,100,98,96
"393",0,2,100,100,100,98
"394",2,0,100,100,98,100
"395",4,0,100,100,96,100
"396",0,2,100,100,100,98
"397",18,6,100,100,82,94
"398",4,6,100,100,96,94
"399",0,0,100,100,100,100
"400",0,10,100,100,100,90
"401",0,0,100,100,100,100
"402",8,0,100,100,92,100
"403",14,12,100,100,86,88
"404",0,0,100,100,100,100
"405",0,0,100,100,100,100
"406",0,0,100,100,100,100
"407",0,0,100,100,100,100
"408",8,12,100,100,92,88
"409",0,0,100,100,100,100
"410",0,0,98,98,98,98
"411",8,0,100,100,92,100
"412",0,0,100,100,100,100
"413",0,0,100,100,100,100
"414",8,2,100,100,92,98
"415",8,14,100,100,92,86
"416",0,0,100,100,100,100
"417",0,2,100,100,100,98
"418",2,4,100,100,98,96
"419",0,0,100,100,100,100
"420",2,0,100,100,98,100
"421",0,14,100,100,100,86
"422",0,0,100,100,100,100
"423",0,0,100,100,100,100
"424",2,0,100,100,98,100
"425",0,6,100,100,100,94
"426",0,0,100,100,100,100
"427",0,0,100,100,100,100
"428",20,0,100,100,80,100
"429",2,0,100,100,98,100
"430",0,0,100,100,100,100
"431",22,0,100,100,78,100
"432",0,0,100,100,100,100
"433",6,0,100,100,94,100
"434",12,4,100,100,88,96
"435",8,6,98,100,90,94
"436",4,12,100,100,96,88
"437",0,2,100,100,100,98
"438",0,0,100,100,100,100
"439",10,10,100,100,90,90
"440",0,4,100,100,100,96
"441",2,2,100,100,98,98
"442",6,4,100,100,94,96
"443",4,18,100,100,96,82
"444",0,0,100,100,100,100
"445",0,12,100,100,100,88
"446",2,0,100,100,98,100
"447",10,4,100,100,90,96
"448",0,0,100,100,100,100
"449",0,4,100,100,100,96
"450",4,4,100,100,96,96
"451",2,0,100,100,98,100
"452",4,0,100,100,96,100
"453",14,8,100,100,86,92
"454",0,0,100,100,100,100
"455",0,6,100,100,100,94
"456",0,0,100,100,100,100
"457",0,0,100,100,100,100
"458",0,0,100,100,100,100
"459",2,4,100,100,98,96
"460",2,0,100,100,98,100
"461",0,0,100,100,100,100
"462",0,0,100,100,100,100
"463",0,2,100,100,100,98
"464",0,0,100,100,100,100
"465",0,2,98,98,98,96
"466",0,0,100,100,100,100
"467",2,0,100,100,98,100
"468",0,2,100,100,100,98
"469",0,4,100,100,100,96
"470",2,20,98,98,96,78
"471",0,0,100,100,100,100
"472",0,2,100,100,100,98
"473",0,0,100,100,100,100
"474",0,0,100,100,100,100
"475",4,12,100,100,96,88
"476",0,0,100,100,100,100
"477",8,16,100,100,92,84
"478",0,0,100,100,100,100
"479",0,0,100,100,100,100
"480",0,0,100,100,100,100
"481",6,12,100,100,94,88
"482",0,0,100,100,100,100
"483",4,16,100,100,96,84
"484",2,8,100,100,98,92
"485",2,0,100,100,98,100
"486",24,4,100,100,76,96
"487",0,0,100,100,100,100
"488",0,8,100,100,100,92
"489",6,16,100,100,94,84
"490",18,18,100,100,82,82
"491",0,0,100,100,100,100
"492",0,0,100,100,100,100
"493",0,0,100,100,100,100
"494",2,0,100,100,98,100
"495",8,26,100,100,92,74
"496",0,0,100,100,100,100
"497",0,2,100,100,100,98
"498",2,0,100,100,98,100
"499",8,12,100,100,92,88
"500",38,20,100,100,62,80
"501",0,0,100,100,100,100
"502",0,2,100,100,100,98
"503",0,0,100,100,100,100
"504",2,0,100,100,98,100
"505",14,26,100,100,86,74
"506",0,0,100,100,100,100
"507",0,2,100,100,100,98
"508",2,12,100,100,98,88
"509",8,2,100,100,92,98
"510",0,2,100,100,100,98
"511",0,0,100,100,100,100
"512",2,6,100,100,98,94
"513",2,8,100,100,98,92
"514",0,0,100,100,100,100
"515",0,2,100,100,100,98
"516",0,2,100,100,100,98
"517",0,0,100,100,100,100
"518",0,2,100,100,100,98
"519",0,2,100,100,100,98
"520",22,4,100,100,78,96
"521",6,8,100,100,94,92
"522",0,4,100,100,100,96
"523",0,6,100,100,100,94
"524",2,4,100,100,98,96
"525",0,2,100,100,100,98
"526",0,2,100,100,100,98
"527",0,0,100,100,100,100
"528",2,6,100,100,98,94
"529",0,4,100,100,100,96
"530",0,0,100,100,100,100
"531",2,2,100,100,98,98
"532",6,2,100,100,94,98
"533",6,0,100,100,94,100
"534",8,0,100,100,92,100
"535",0,14,100,100,100,86
"536",10,6,100,100,90,94
"537",4,18,100,100,96,82
"538",4,2,100,100,96,98
"539",0,0,100,100,100,100
"540",0,12,100,100,100,88
"541",8,0,100,100,92,100
"542",2,0,100,100,98,100
"543",6,38,100,100,94,62
"544",2,2,100,100,98,98
"545",20,0,100,100,80,100
"546",24,10,100,100,76,90
"547",0,4,100,100,100,96
"548",0,4,100,100,100,96
"549",6,18,100,100,94,82
"550",2,8,100,100,98,92
"551",8,48,100,100,92,52
"552",2,4,98,98,96,94
"553",12,4,100,100,88,96
"554",0,0,100,100,100,100
"555",0,2,100,100,100,98
"556",0,0,100,100,100,100
"557",0,0,100,100,100,100
"558",0,0,100,100,100,100
"559",2,8,100,100,98,92
"560",6,4,100,100,94,96
"561",2,0,100,100,98,100
"562",4,14,100,100,96,86
"563",6,24,100,100,94,76
"564",0,14,100,100,100,86
"565",0,2,100,100,100,98
"566",0,2,98,98,98,96
"567",0,0,100,100,100,100
"568",0,0,100,100,100,100
"569",4,0,100,100,96,100
"570",0,0,100,100,100,100
"571",0,0,100,100,100,100
"572",4,2,100,100,96,98
"573",2,0,100,100,98,100
"574",0,0,100,100,100,100
"575",0,0,100,100,100,100
"576",8,0,100,100,92,100
"577",0,2,100,100,100,98
"578",18,2,100,100,82,98
"579",0,0,100,100,100,100
"580",0,14,100,100,100,86
"581",0,0,100,100,100,100
"582",4,2,100,100,96,98
"583",4,0,100,100,96,100
"584",0,0,100,100,100,100
"585",0,0,100,100,100,100
"586",0,0,100,100,100,100
"587",0,0,100,100,100,100
"588",4,0,100,100,96,100
"589",4,2,100,100,96,98
"590",0,0,100,100,100,100
"591",0,0,100,100,100,100
"592",14,0,100,100,86,100
"593",6,0,100,100,94,100
"594",2,6,100,100,98,94
"595",2,14,100,100,98,86
"596",0,0,100,100,100,100
"597",0,0,100,100,100,100
"598",10,0,100,100,90,100
"599",2,0,100,100,98,100
"600",6,6,100,100,94,94
"601",2,2,100,100,98,98
"602",0,0,100,100,100,100
"603",2,0,100,100,98,100
"604",0,0,100,100,100,100
"605",0,12,100,100,100,88
"606",0,0,100,100,100,100
"607",2,2,100,100,98,98
"608",0,0,100,100,100,100
"609",0,0,100,100,100,100
"610",22,4,100,100,78,96
"611",0,0,100,100,100,100
"612",0,0,100,100,100,100
"613",0,4,100,100,100,96
"614",0,0,100,100,100,100
"615",2,0,100,100,98,100
"616",2,2,100,100,98,98
"617",0,14,100,100,100,86
"618",0,0,100,100,100,100
"619",0,0,100,100,100,100
"620",0,4,100,100,100,96
"621",6,0,100,100,94,100
"622",8,2,100,100,92,98
"623",26,0,100,100,74,100
"624",26,0,98,100,72,100
"625",0,0,100,100,100,100
"626",18,8,100,100,82,92
"627",0,6,100,100,100,94
"628",6,16,100,100,94,84
"629",16,16,100,100,84,84
"630",10,28,100,100,90,72
"631",4,24,100,100,96,76
"632",0,0,100,100,100,100
"633",0,0,100,100,100,100
"634",0,0,100,100,100,100
"635",2,0,100,100,98,100
"636",2,2,100,100,98,98
"637",0,6,100,100,100,94
"638",0,0,100,100,100,100
"639",0,0,100,100,100,100
"640",0,0,100,100,100,100
"641",6,2,100,100,94,98
"642",4,0,100,100,96,100
"643",6,6,100,100,94,94
"644",2,2,100,100,98,98
"645",8,16,100,100,92,84
"646",8,10,98,98,90,88
"647",32,0,100,100,68,100
"648",4,10,100,100,96,90
"649",0,0,100,100,100,100
"650",14,4,100,100,86,96
"651",12,22,100,100,88,78
"652",4,4,100,100,96,96
"653",2,6,100,100,98,94
"654",0,2,100,100,100,98
"655",0,4,100,100,100,96
"656",2,0,100,100,98,100
"657",0,0,100,100,100,100
"658",0,2,100,100,100,98
"659",2,2,100,100,98,98
"660",0,8,100,100,100,92
"661",0,0,100,100,100,100
"662",8,16,100,100,92,84
"663",0,6,100,100,100,94
"664",0,2,100,100,100,98
"665",0,0,100,100,100,100
"666",2,10,100,100,98,90
"667",12,4,100,100,88,96
"668",0,8,100,100,100,92
"669",8,14,100,100,92,86
"670",6,6,100,100,94,94
"671",0,0,100,100,100,100
"672",0,0,100,100,100,100
"673",0,0,98,98,98,98
"674",2,2,100,100,98,98
"675",0,2,100,100,100,98
"676",2,8,100,100,98,92
"677",2,4,100,100,98,96
"678",0,0,100,100,100,100
"679",0,0,100,100,100,100
"680",0,0,100,100,100,100
"681",0,8,100,100,100,92
"682",4,0,100,100,96,100
"683",0,4,100,100,100,96
"684",12,0,100,100,88,100
"685",0,2,100,100,100,98
"686",10,6,100,100,90,94
"687",38,4,98,98,60,94
"688",0,2,100,100,100,98
"689",12,0,100,100,88,100
"690",0,0,100,100,100,100
"691",0,2,100,100,100,98
"692",4,2,100,100,96,98
"693",6,4,100,100,94,96
"694",0,0,100,100,100,100
"695",0,4,100,100,100,96
"696",0,4,100,100,100,96
"697",0,0,98,98,98,98
"698",20,10,100,100,80,90
"699",0,16,100,100,100,84
"700",0,0,100,100,100,100
"701",6,10,100,100,94,90
"702",0,4,100,100,100,96
"703",0,12,100,100,100,88
"704",0,0,100,100,100,100
"705",0,4,100,100,100,96
"706",0,12,100,100,100,88
"707",8,14,100,100,92,86
"708",2,8,100,100,98,92
"709",6,0,100,100,94,100
"710",0,8,100,100,100,92
"711",0,6,100,100,100,94
"712",8,6,100,100,92,94
"713",0,8,100,100,100,92
"714",2,2,100,100,98,98
"715",6,0,100,100,94,100
"716",0,0,100,100,100,100
"717",0,6,100,100,100,94
"718",0,0,100,100,100,100
"719",2,2,100,100,98,98
"720",6,0,100,100,94,100
"721",0,2,100,100,100,98
"722",0,2,100,100,100,98
"723",0,0,100,100,100,100
"724",0,8,100,100,100,92
"725",0,0,100,100,100,100
"726",18,0,100,100,82,100
"727",0,0,100,100,100,100
"728",4,4,100,100,96,96
"729",2,2,100,100,98,98
"730",0,0,100,100,100,100
"731",0,2,100,100,100,98
"732",0,0,100,100,100,100
"733",6,0,100,100,94,100
"734",2,2,100,100,98,98
"735",4,12,100,100,96,88
"736",2,10,100,100,98,90
"737",0,0,100,100,100,100
"738",0,0,100,100,100,100
"739",0,6,100,100,100,94
"740",0,0,100,100,100,100
"741",6,18,100,100,94,82
"742",0,12,100,100,100,88
"743",10,0,100,100,90,100
"744",0,0,100,100,100,100
"745",0,2,100,100,100,98
"746",0,0,100,100,100,100
"747",26,2,100,100,74,98
"748",0,2,100,100,100,98
"749",0,14,100,100,100,86
"750",0,0,98,98,98,98
"751",12,16,100,100,88,84
"752",2,14,100,100,98,86
"753",0,0,100,100,100,100
"754",4,10,98,98,94,88
"755",0,0,100,100,100,100
"756",2,14,100,100,98,86
"757",2,10,100,100,98,90
"758",2,0,100,100,98,100
"759",6,10,100,100,94,90
"760",2,0,100,100,98,100
"761",0,0,100,100,100,100
"762",0,0,100,100,100,100
"763",16,46,100,100,84,54
"764",12,2,100,100,88,98
"765",0,0,100,100,100,100
"766",0,0,100,100,100,100
"767",0,6,100,100,100,94
"768",2,6,100,100,98,94
"769",2,0,100,100,98,100
"770",2,6,100,100,98,94
"771",0,6,100,100,100,94
"772",4,10,100,100,96,90
"773",10,8,100,100,90,92
"774",0,0,100,100,100,100
"775",8,18,98,98,90,80
"776",2,0,100,100,98,100
"777",0,0,100,100,100,100
"778",0,4,100,100,100,96
"779",0,0,100,100,100,100
"780",0,2,100,100,100,98
"781",2,2,100,100,98,98
"782",0,4,100,100,100,96
"783",2,0,100,100,98,100
"784",0,0,100,100,100,100
"785",4,40,100,100,96,60
"786",0,0,100,100,100,100
"787",0,10,100,100,100,90
"788",0,0,100,100,100,100
"789",0,2,100,100,100,98
"790",4,0,100,100,96,100
"791",0,6,100,100,100,94
"792",4,6,100,100,96,94
"793",2,2,100,100,98,98
"794",10,0,100,100,90,100
"795",0,0,100,100,100,100
"796",4,8,100,100,96,92
"797",2,2,100,100,98,98
"798",0,6,100,100,100,94
"799",0,0,100,100,100,100
"800",0,14,100,100,100,86
"801",0,2,100,100,100,98
"802",0,4,100,100,100,96
"803",8,0,100,100,92,100
"804",0,0,100,100,100,100
"805",0,0,100,100,100,100
"806",0,2,100,100,100,98
"807",6,6,100,100,94,94
"808",0,2,100,100,100,98
"809",0,0,100,100,100,100
"810",0,0,100,100,100,100
"811",0,0,100,100,100,100
"812",0,2,100,100,100,98
"813",0,2,100,100,100,98
"814",0,4,100,100,100,96
"815",4,0,100,100,96,100
"816",0,4,100,100,100,96
"817",0,14,100,100,100,86
"818",6,6,100,100,94,94
"819",34,0,100,100,66,100
"820",10,16,100,100,90,84
"821",0,0,100,100,100,100
"822",12,12,100,100,88,88
"823",0,4,100,100,100,96
"824",10,6,100,100,90,94
"825",14,6,100,100,86,94
"826",8,2,98,98,90,96
"827",0,8,100,100,100,92
"828",0,0,100,100,100,100
"829",4,4,100,100,96,96
"830",12,4,98,98,86,94
"831",0,0,100,100,100,100
"832",2,0,100,100,98,100
"833",0,2,100,100,100,98
"834",0,2,100,100,100,98
"835",2,2,100,100,98,98
"836",0,8,100,100,100,92
"837",10,4,100,100,90,96
"838",12,28,100,100,88,72
"839",8,4,100,100,92,96
"840",0,0,100,100,100,100
"841",0,0,100,100,100,100
"842",12,4,100,100,88,96
"843",0,0,100,100,100,100
"844",0,0,100,100,100,100
"845",4,8,100,100,96,92
"846",0,2,100,100,100,98
"847",14,0,100,100,86,100
"848",4,6,100,100,96,94
"849",0,0,100,100,100,100
"850",0,14,100,100,100,86
"851",0,0,100,100,100,100
"852",10,28,100,100,90,72
"853",8,0,100,100,92,100
"854",0,0,100,100,100,100
"855",4,10,100,100,96,90
"856",2,4,100,100,98,96
"857",0,10,100,100,100,90
"858",0,2,100,100,100,98
"859",0,6,100,100,100,94
"860",4,0,100,100,96,100
"861",0,0,100,100,100,100
"862",8,0,100,100,92,100
"863",6,0,100,100,94,100
"864",0,0,100,100,100,100
"865",0,0,100,100,100,100
"866",6,6,100,100,94,94
"867",0,0,100,100,100,100
"868",0,4,100,100,100,96
"869",8,0,100,100,92,100
"870",0,4,100,100,100,96
"871",0,0,100,100,100,100
"872",2,10,100,100,98,90
"873",0,0,100,100,100,100
"874",0,0,100,100,100,100
"875",10,2,100,100,90,98
"876",0,4,100,100,100,96
"877",0,14,100,100,100,86
"878",2,22,100,100,98,78
"879",0,0,100,100,100,100
"880",0,8,100,100,100,92
"881",0,6,100,100,100,94
"882",2,0,100,100,98,100
"883",8,0,100,100,92,100
"884",0,0,100,100,100,100
"885",14,10,100,100,86,90
"886",0,2,98,98,98,96
"887",0,4,100,100,100,96
"888",0,6,100,100,100,94
"889",0,2,100,100,100,98
"890",0,0,100,100,100,100
"891",0,2,100,100,100,98
"892",4,8,100,100,96,92
"893",0,0,100,100,100,100
"894",8,4,100,100,92,96
"895",0,0,100,100,100,100
"896",0,0,100,100,100,100
"897",0,4,100,100,100,96
"898",0,12,100,100,100,88
"899",0,0,100,100,100,100
"900",0,0,98,98,98,98
"901",2,0,100,100,98,100
"902",0,0,100,100,100,100
"903",4,4,100,100,96,96
"904",0,0,100,100,100,100
"905",6,2,100,100,94,98
"906",8,0,100,100,92,100
"907",2,0,100,100,98,100
"908",0,0,100,100,100,100
"909",0,0,100,100,100,100
"910",0,2,100,100,100,98
"911",2,6,100,100,98,94
"912",0,0,100,100,100,100
"913",0,0,100,100,100,100
"914",2,0,100,100,98,100
"915",0,0,100,100,100,100
"916",0,0,100,100,100,100
"917",4,0,100,100,96,100
"918",2,0,100,100,98,100
"919",4,0,100,100,96,100
"920",0,10,100,100,100,90
"921",0,0,100,100,100,100
"922",6,10,100,100,94,90
"923",0,8,100,100,100,92
"924",0,2,100,100,100,98
"925",2,2,100,100,98,98
"926",0,0,100,100,100,100
"927",0,2,100,100,100,98
"928",0,0,100,100,100,100
"929",0,0,100,100,100,100
"930",2,4,100,100,98,96
"931",12,2,100,100,88,98
"932",0,0,100,100,100,100
"933",12,22,100,100,88,78
"934",0,2,100,100,100,98
"935",14,0,100,100,86,100
"936",8,2,100,100,92,98
"937",2,2,100,100,98,98
"938",32,10,100,100,68,90
"939",0,26,100,100,100,74
"940",2,6,100,100,98,94
"941",0,0,100,100,100,100
"942",0,6,100,100,100,94
"943",2,2,100,100,98,98
"944",2,0,100,100,98,100
"945",0,6,100,100,100,94
"946",2,0,100,100,98,100
"947",0,0,100,100,100,100
"948",2,4,100,100,98,96
"949",20,2,100,100,80,98
"950",6,0,100,100,94,100
"951",0,4,100,100,100,96
"952",12,22,100,100,88,78
"953",0,0,100,100,100,100
"954",8,30,100,100,92,70
"955",0,20,100,100,100,80
"956",0,4,100,100,100,96
"957",0,0,98,98,98,98
"958",0,4,100,100,100,96
"959",0,0,100,100,100,100
"960",0,0,100,100,100,100
"961",2,16,100,100,98,84
"962",8,4,100,100,92,96
"963",4,8,100,100,96,92
"964",0,6,100,100,100,94
"965",0,4,100,100,100,96
"966",0,4,100,100,100,96
"967",24,10,100,100,76,90
"968",4,0,100,100,96,100
"969",0,0,100,100,100,100
"970",14,0,100,100,86,100
"971",0,0,100,100,100,100
"972",8,0,100,100,92,100
"973",28,0,100,100,72,100
"974",0,8,100,100,100,92
"975",0,0,100,100,100,100
"976",0,2,100,100,100,98
"977",0,0,100,100,100,100
"978",0,0,100,100,100,100
"979",0,0,100,100,100,100
"980",2,0,100,100,98,100
"981",0,0,100,100,100,100
"982",0,0,100,100,100,100
"983",0,0,100,100,100,100
"984",0,0,100,100,100,100
"985",0,16,100,100,100,84
"986",12,0,100,100,88,100
"987",0,2,100,100,100,98
"988",0,0,100,100,100,100
"989",20,28,100,100,80,72
"990",14,0,100,100,86,100
"991",4,0,100,100,96,100
"992",0,0,100,100,100,100
"993",6,0,100,100,94,100
"994",0,0,100,100,100,100
"995",0,2,100,100,100,98
"996",0,0,100,100,100,100
"997",4,0,100,100,96,100
"998",0,2,100,100,100,98
"999",4,0,100,100,96,100
"1000",2,4,100,100,98,96
