"","Correct_model_perc_eucledian","Correct_model_perc_mahalanovis","Null_model_perc_eucledian","Null_model_perc_mahalanovis","Percentage_difference_eucledian","Percentage_difference_mahalanovis"
"1",0,0,95,95,95,95
"2",3,7,93,93,90,86
"3",0,3,95,95,95,92
"4",3,2,100,100,97,98
"5",4,0,95,95,91,95
"6",0,1,99,98,99,97
"7",0,0,98,98,98,98
"8",26,5,98,98,72,93
"9",0,0,99,99,99,99
"10",0,1,94,94,94,93
"11",25,20,100,99,75,79
"12",0,1,95,98,95,97
"13",0,3,97,96,97,93
"14",0,0,99,98,99,98
"15",1,2,98,98,97,96
"16",1,4,98,98,97,94
"17",4,0,95,95,91,95
"18",0,0,97,96,97,96
"19",7,30,99,99,92,69
"20",0,0,95,95,95,95
"21",1,0,96,97,95,97
"22",6,17,99,100,93,83
"23",11,9,100,100,89,91
"24",0,2,99,98,99,96
"25",0,0,99,98,99,98
"26",1,8,98,98,97,90
"27",1,0,94,95,93,95
"28",0,0,100,99,100,99
"29",0,9,97,97,97,88
"30",0,5,99,99,99,94
"31",0,1,99,99,99,98
"32",0,0,94,95,94,95
"33",11,0,98,97,87,97
"34",0,0,98,98,98,98
"35",0,3,99,99,99,96
"36",1,0,97,97,96,97
"37",0,2,99,99,99,97
"38",4,0,100,99,96,99
"39",0,0,100,100,100,100
"40",6,3,98,98,92,95
"41",9,0,98,98,89,98
"42",1,2,100,100,99,98
"43",0,5,95,95,95,90
"44",0,0,100,100,100,100
"45",0,4,96,96,96,92
"46",5,2,97,97,92,95
"47",20,14,99,99,79,85
"48",0,0,97,97,97,97
"49",0,8,98,98,98,90
"50",0,0,95,95,95,95
"51",24,12,99,100,75,88
"52",0,4,99,99,99,95
"53",0,0,95,95,95,95
"54",0,0,100,100,100,100
"55",12,0,99,99,87,99
"56",0,1,99,100,99,99
"57",0,15,99,99,99,84
"58",0,3,98,99,98,96
"59",4,13,99,99,95,86
"60",0,10,97,98,97,88
"61",0,0,97,97,97,97
"62",0,0,99,100,99,100
"63",0,0,94,94,94,94
"64",3,6,98,99,95,93
"65",0,8,100,100,100,92
"66",21,5,100,100,79,95
"67",0,0,94,95,94,95
"68",3,0,94,96,91,96
"69",28,47,100,99,72,52
"70",4,3,98,99,94,96
"71",1,0,99,100,98,100
"72",13,1,100,100,87,99
"73",0,0,99,98,99,98
"74",0,0,95,96,95,96
"75",0,1,98,98,98,97
"76",0,0,99,99,99,99
"77",10,3,98,97,88,94
"78",0,1,97,97,97,96
"79",1,3,98,98,97,95
"80",12,7,97,96,85,89
"81",8,10,98,98,90,88
"82",0,0,97,98,97,98
"83",9,31,100,100,91,69
"84",0,0,100,100,100,100
"85",1,8,99,100,98,92
"86",21,0,96,96,75,96
"87",0,0,96,97,96,97
"88",0,4,99,98,99,94
"89",11,24,98,99,87,75
"90",16,0,99,99,83,99
"91",0,6,97,97,97,91
"92",0,1,98,99,98,98
"93",9,0,96,96,87,96
"94",0,0,97,98,97,98
"95",8,1,98,98,90,97
"96",0,0,99,98,99,98
"97",0,0,100,100,100,100
"98",0,12,99,99,99,87
"99",10,1,98,98,88,97
"100",2,10,98,97,96,87
"101",0,2,98,97,98,95
"102",1,4,97,97,96,93
"103",0,1,100,100,100,99
"104",0,0,96,96,96,96
"105",17,0,97,97,80,97
"106",0,0,98,99,98,99
"107",1,4,96,96,95,92
"108",0,0,96,96,96,96
"109",1,0,97,97,96,97
"110",0,0,99,99,99,99
"111",0,0,99,98,99,98
"112",0,0,96,96,96,96
"113",0,0,97,97,97,97
"114",0,2,100,100,100,98
"115",1,4,98,98,97,94
"116",0,0,100,99,100,99
"117",0,0,97,98,97,98
"118",12,2,98,98,86,96
"119",0,0,99,99,99,99
"120",1,1,99,99,98,98
"121",0,0,98,98,98,98
"122",0,3,99,100,99,97
"123",0,1,99,99,99,98
"124",0,14,98,99,98,85
"125",1,2,99,99,98,97
"126",0,9,99,99,99,90
"127",0,13,98,97,98,84
"128",10,27,95,95,85,68
"129",0,0,97,98,97,98
"130",30,0,97,97,67,97
"131",3,0,99,99,96,99
"132",17,1,97,97,80,96
"133",1,5,99,99,98,94
"134",0,0,98,97,98,97
"135",0,0,97,97,97,97
"136",0,0,99,99,99,99
"137",2,16,97,96,95,80
"138",0,0,97,97,97,97
"139",5,14,96,97,91,83
"140",0,3,95,95,95,92
"141",0,1,98,98,98,97
"142",0,3,98,98,98,95
"143",0,0,98,97,98,97
"144",0,0,99,99,99,99
"145",0,0,98,98,98,98
"146",0,0,100,99,100,99
"147",7,0,97,96,90,96
"148",0,9,99,99,99,90
"149",2,7,97,96,95,89
"150",2,8,99,98,97,90
"151",0,11,99,100,99,89
"152",1,0,96,97,95,97
"153",0,4,98,99,98,95
"154",0,0,99,99,99,99
"155",1,4,99,99,98,95
"156",2,4,98,98,96,94
"157",0,5,95,95,95,90
"158",0,0,98,99,98,99
"159",0,0,100,100,100,100
"160",0,4,97,98,97,94
"161",14,11,97,96,83,85
"162",0,0,99,99,99,99
"163",0,0,99,99,99,99
"164",9,11,99,99,90,88
"165",5,20,95,95,90,75
"166",0,2,97,96,97,94
"167",1,14,99,98,98,84
"168",0,0,94,94,94,94
"169",1,9,98,99,97,90
"170",1,0,100,100,99,100
"171",0,2,99,100,99,98
"172",25,0,99,99,74,99
"173",3,7,95,95,92,88
"174",0,9,97,97,97,88
"175",1,5,99,99,98,94
"176",0,0,99,98,99,98
"177",0,0,94,93,94,93
"178",8,7,98,98,90,91
"179",0,0,100,99,100,99
"180",0,0,100,100,100,100
"181",2,5,98,98,96,93
"182",4,0,98,99,94,99
"183",0,6,98,98,98,92
"184",0,3,99,99,99,96
"185",0,4,100,100,100,96
"186",2,6,100,99,98,93
"187",0,3,97,97,97,94
"188",10,3,99,99,89,96
"189",0,3,97,97,97,94
"190",0,0,99,99,99,99
"191",9,0,99,99,90,99
"192",0,0,98,98,98,98
"193",1,0,100,100,99,100
"194",25,1,96,97,71,96
"195",3,2,99,99,96,97
"196",0,0,99,98,99,98
"197",0,1,96,96,96,95
"198",0,0,98,98,98,98
"199",6,6,100,100,94,94
"200",3,5,97,97,94,92
"201",0,0,98,98,98,98
"202",0,10,99,99,99,89
"203",0,3,99,99,99,96
"204",6,0,98,98,92,98
"205",0,0,97,97,97,97
"206",0,0,99,99,99,99
"207",0,0,99,98,99,98
"208",0,1,100,100,100,99
"209",0,0,100,100,100,100
"210",0,0,98,99,98,99
"211",0,0,94,95,94,95
"212",2,0,97,96,95,96
"213",0,0,98,98,98,98
"214",0,0,95,95,95,95
"215",0,5,99,99,99,94
"216",0,2,96,96,96,94
"217",4,9,100,100,96,91
"218",0,0,98,98,98,98
"219",0,2,99,98,99,96
"220",0,1,98,99,98,98
"221",5,0,97,97,92,97
"222",0,4,96,97,96,93
"223",3,20,98,98,95,78
"224",0,0,99,99,99,99
"225",0,4,96,96,96,92
"226",0,0,99,98,99,98
"227",0,2,98,98,98,96
"228",2,5,97,98,95,93
"229",0,2,98,97,98,95
"230",0,0,99,99,99,99
"231",0,0,100,99,100,99
"232",0,3,98,99,98,96
"233",0,0,96,96,96,96
"234",0,0,100,100,100,100
"235",0,3,100,100,100,97
"236",2,0,97,96,95,96
"237",11,6,99,100,88,94
"238",0,0,98,98,98,98
"239",20,10,98,98,78,88
"240",0,0,96,97,96,97
"241",33,0,99,99,66,99
"242",0,0,98,97,98,97
"243",0,1,96,96,96,95
"244",0,2,96,96,96,94
"245",0,3,96,96,96,93
"246",2,0,100,99,98,99
"247",0,1,98,98,98,97
"248",0,1,99,100,99,99
"249",1,3,95,96,94,93
"250",0,7,99,99,99,92
"251",0,2,99,99,99,97
"252",0,0,95,95,95,95
"253",1,7,100,99,99,92
"254",0,0,99,99,99,99
"255",0,0,99,100,99,100
"256",1,12,98,99,97,87
"257",6,8,100,100,94,92
"258",0,7,99,99,99,92
"259",0,0,97,97,97,97
"260",2,0,100,100,98,100
"261",0,0,98,98,98,98
"262",0,12,99,99,99,87
"263",0,8,99,99,99,91
"264",0,1,98,98,98,97
"265",0,1,99,99,99,98
"266",0,1,99,100,99,99
"267",0,0,100,100,100,100
"268",3,14,97,97,94,83
"269",0,3,99,99,99,96
"270",0,0,98,97,98,97
"271",0,0,96,97,96,97
"272",0,0,96,96,96,96
"273",2,1,98,98,96,97
"274",5,4,97,97,92,93
"275",0,0,99,99,99,99
"276",1,1,100,100,99,99
"277",0,4,97,97,97,93
"278",0,4,100,100,100,96
"279",0,0,99,99,99,99
"280",0,2,95,95,95,93
"281",5,0,99,98,94,98
"282",1,0,98,98,97,98
"283",0,4,95,96,95,92
"284",0,0,98,99,98,99
"285",0,8,98,99,98,91
"286",0,7,98,97,98,90
"287",0,7,100,99,100,92
"288",1,1,98,98,97,97
"289",2,4,96,96,94,92
"290",0,0,99,100,99,100
"291",4,11,96,97,92,86
"292",0,3,100,100,100,97
"293",0,0,98,98,98,98
"294",0,9,95,97,95,88
"295",0,0,99,99,99,99
"296",14,3,99,99,85,96
"297",0,3,100,99,100,96
"298",3,1,100,100,97,99
"299",0,6,98,99,98,93
"300",0,0,99,99,99,99
"301",0,4,97,98,97,94
"302",0,5,97,98,97,93
"303",1,1,98,98,97,97
"304",0,0,100,99,100,99
"305",0,13,96,96,96,83
"306",10,10,97,97,87,87
"307",8,0,99,98,91,98
"308",0,0,97,97,97,97
"309",0,0,97,97,97,97
"310",1,4,100,100,99,96
"311",0,0,96,96,96,96
"312",0,0,99,100,99,100
"313",1,1,98,99,97,98
"314",0,9,99,99,99,90
"315",0,0,99,99,99,99
"316",1,3,99,98,98,95
"317",0,2,97,97,97,95
"318",0,1,99,99,99,98
"319",0,1,97,97,97,96
"320",1,5,98,98,97,93
"321",5,0,97,97,92,97
"322",1,9,99,99,98,90
"323",0,3,99,98,99,95
"324",1,8,99,99,98,91
"325",0,7,97,96,97,89
"326",0,0,92,92,92,92
"327",0,3,99,98,99,95
"328",4,0,100,99,96,99
"329",2,0,97,97,95,97
"330",0,1,98,97,98,96
"331",0,3,96,96,96,93
"332",0,0,98,98,98,98
"333",0,0,99,99,99,99
"334",1,0,99,99,98,99
"335",1,5,100,100,99,95
"336",0,0,95,95,95,95
"337",0,3,99,99,99,96
"338",0,0,99,99,99,99
"339",0,0,100,100,100,100
"340",0,0,98,98,98,98
"341",0,0,96,95,96,95
"342",0,0,98,98,98,98
"343",5,6,97,97,92,91
"344",5,0,99,99,94,99
"345",15,6,98,97,83,91
"346",0,1,96,96,96,95
"347",0,0,97,98,97,98
"348",0,1,100,100,100,99
"349",2,1,100,100,98,99
"350",1,2,98,97,97,95
"351",0,1,99,99,99,98
"352",0,0,98,98,98,98
"353",0,0,97,98,97,98
"354",1,5,99,99,98,94
"355",0,5,95,94,95,89
"356",1,20,99,98,98,78
"357",3,7,98,98,95,91
"358",4,4,99,99,95,95
"359",0,0,97,98,97,98
"360",0,0,99,99,99,99
"361",0,3,96,96,96,93
"362",0,1,99,99,99,98
"363",14,0,97,97,83,97
"364",0,0,99,100,99,100
"365",3,0,96,96,93,96
"366",0,0,92,92,92,92
"367",1,0,99,98,98,98
"368",3,2,98,98,95,96
"369",0,1,99,99,99,98
"370",1,4,97,97,96,93
"371",0,0,100,99,100,99
"372",6,8,99,99,93,91
"373",11,0,99,98,88,98
"374",0,0,97,97,97,97
"375",0,0,100,100,100,100
"376",0,0,97,97,97,97
"377",1,0,96,96,95,96
"378",6,0,100,100,94,100
"379",3,0,98,98,95,98
"380",0,1,99,98,99,97
"381",6,0,95,96,89,96
"382",0,6,97,98,97,92
"383",0,4,94,94,94,90
"384",0,3,99,99,99,96
"385",0,13,97,96,97,83
"386",0,0,98,98,98,98
"387",0,1,99,100,99,99
"388",0,3,98,99,98,96
"389",5,0,91,91,86,91
"390",0,7,97,97,97,90
"391",7,1,99,99,92,98
"392",0,0,99,98,99,98
"393",0,0,96,97,96,97
"394",0,1,95,96,95,95
"395",0,0,97,96,97,96
"396",1,10,100,100,99,90
"397",1,2,96,96,95,94
"398",0,0,99,99,99,99
"399",0,0,99,99,99,99
"400",0,0,99,99,99,99
"401",7,16,95,95,88,79
"402",2,2,97,98,95,96
"403",2,0,97,97,95,97
"404",0,0,97,97,97,97
"405",0,6,97,98,97,92
"406",1,10,98,99,97,89
"407",0,10,99,99,99,89
"408",0,2,98,97,98,95
"409",3,0,99,99,96,99
"410",13,0,99,98,86,98
"411",2,0,97,97,95,97
"412",0,11,99,99,99,88
"413",8,3,98,98,90,95
"414",0,0,97,98,97,98
"415",0,7,97,97,97,90
"416",0,0,98,98,98,98
"417",1,4,98,98,97,94
"418",0,0,96,96,96,96
"419",4,0,96,97,92,97
"420",2,4,99,99,97,95
"421",0,0,100,100,100,100
"422",0,0,94,93,94,93
"423",2,0,99,98,97,98
"424",0,0,93,93,93,93
"425",1,0,97,97,96,97
"426",0,2,96,96,96,94
"427",0,0,100,99,100,99
"428",1,1,100,99,99,98
"429",0,0,97,97,97,97
"430",0,7,98,97,98,90
"431",0,0,99,99,99,99
"432",0,0,97,98,97,98
"433",0,1,100,100,100,99
"434",48,6,99,99,51,93
"435",0,7,98,98,98,91
"436",0,5,98,98,98,93
"437",1,7,99,99,98,92
"438",0,1,100,100,100,99
"439",6,0,95,96,89,96
"440",27,18,91,90,64,72
"441",0,0,96,96,96,96
"442",0,0,94,95,94,95
"443",0,0,98,98,98,98
"444",0,0,98,98,98,98
"445",0,6,96,95,96,89
"446",1,0,98,99,97,99
"447",0,0,100,100,100,100
"448",0,9,99,99,99,90
"449",0,14,97,97,97,83
"450",0,1,100,100,100,99
"451",12,0,97,98,85,98
"452",13,14,99,99,86,85
"453",0,8,99,98,99,90
"454",1,8,98,98,97,90
"455",12,3,98,98,86,95
"456",11,11,99,99,88,88
"457",0,8,94,94,94,86
"458",3,3,97,98,94,95
"459",3,9,99,99,96,90
"460",0,2,99,98,99,96
"461",27,6,97,98,70,92
"462",1,0,97,97,96,97
"463",10,0,98,98,88,98
"464",0,0,93,92,93,92
"465",0,3,97,96,97,93
"466",0,16,99,98,99,82
"467",0,7,97,97,97,90
"468",0,0,96,95,96,95
"469",1,0,99,99,98,99
"470",0,3,98,98,98,95
"471",0,9,97,97,97,88
"472",0,0,98,99,98,99
"473",0,0,100,100,100,100
"474",4,0,98,97,94,97
"475",1,9,96,100,95,91
"476",14,0,98,98,84,98
"477",2,2,98,98,96,96
"478",0,0,97,98,97,98
"479",0,0,99,99,99,99
"480",0,0,100,99,100,99
"481",0,5,98,98,98,93
"482",8,32,100,100,92,68
"483",1,0,98,98,97,98
"484",0,1,100,99,100,98
"485",0,1,94,94,94,93
"486",2,0,98,99,96,99
"487",6,2,98,99,92,97
"488",1,3,96,97,95,94
"489",0,0,100,99,100,99
"490",0,0,98,98,98,98
"491",2,0,98,98,96,98
"492",0,0,100,100,100,100
"493",0,0,98,98,98,98
"494",0,0,98,98,98,98
"495",1,0,99,99,98,99
"496",0,3,97,98,97,95
"497",1,0,98,98,97,98
"498",2,0,100,99,98,99
"499",2,0,97,97,95,97
"500",1,5,98,97,97,92
"501",1,2,99,99,98,97
"502",0,0,100,99,100,99
"503",0,0,98,97,98,97
"504",0,0,99,100,99,100
"505",0,6,100,99,100,93
"506",0,0,100,100,100,100
"507",6,11,99,98,93,87
"508",2,7,99,99,97,92
"509",0,0,99,100,99,100
"510",0,3,99,99,99,96
"511",5,1,100,100,95,99
"512",0,4,98,98,98,94
"513",0,1,96,96,96,95
"514",1,5,97,97,96,92
"515",38,7,98,99,60,92
"516",0,2,100,100,100,98
"517",0,0,99,99,99,99
"518",0,0,97,97,97,97
"519",0,0,96,96,96,96
"520",8,0,97,97,89,97
"521",0,0,98,98,98,98
"522",0,0,98,98,98,98
"523",0,0,100,100,100,100
"524",0,0,98,98,98,98
"525",10,10,99,99,89,89
"526",0,2,97,98,97,96
"527",0,0,99,99,99,99
"528",2,3,99,99,97,96
"529",0,2,98,99,98,97
"530",0,3,98,98,98,95
"531",11,0,100,100,89,100
"532",0,0,98,97,98,97
"533",0,0,96,95,96,95
"534",5,2,99,99,94,97
"535",2,0,99,99,97,99
"536",2,0,100,100,98,100
"537",6,4,99,98,93,94
"538",0,5,99,98,99,93
"539",0,2,97,97,97,95
"540",0,0,99,99,99,99
"541",0,4,97,98,97,94
"542",0,0,95,96,95,96
"543",2,6,98,98,96,92
"544",0,12,96,96,96,84
"545",2,3,96,96,94,93
"546",11,0,96,96,85,96
"547",0,1,98,98,98,97
"548",0,0,98,98,98,98
"549",0,3,99,98,99,95
"550",0,0,98,98,98,98
"551",0,1,99,100,99,99
"552",9,0,98,98,89,98
"553",12,3,99,100,87,97
"554",0,0,98,98,98,98
"555",0,0,96,96,96,96
"556",0,0,99,98,99,98
"557",0,4,99,99,99,95
"558",1,0,99,99,98,99
"559",0,0,99,99,99,99
"560",0,0,97,97,97,97
"561",1,2,99,99,98,97
"562",0,0,100,100,100,100
"563",0,0,97,98,97,98
"564",0,4,98,98,98,94
"565",0,1,98,98,98,97
"566",0,29,98,97,98,68
"567",0,0,99,98,99,98
"568",2,3,98,98,96,95
"569",2,0,97,97,95,97
"570",2,1,97,98,95,97
"571",1,1,99,97,98,96
"572",0,0,100,100,100,100
"573",0,0,99,99,99,99
"574",3,0,99,99,96,99
"575",8,1,98,97,90,96
"576",1,0,100,99,99,99
"577",0,1,96,96,96,95
"578",0,0,100,99,100,99
"579",0,0,99,99,99,99
"580",0,8,96,96,96,88
"581",1,3,100,100,99,97
"582",0,0,98,98,98,98
"583",0,0,95,95,95,95
"584",0,0,97,96,97,96
"585",1,0,98,98,97,98
"586",0,1,97,97,97,96
"587",0,2,95,95,95,93
"588",5,1,94,95,89,94
"589",0,0,96,96,96,96
"590",4,0,94,94,90,94
"591",13,0,98,97,85,97
"592",0,0,99,99,99,99
"593",5,10,94,94,89,84
"594",3,3,99,98,96,95
"595",0,4,97,97,97,93
"596",0,12,97,97,97,85
"597",0,2,96,95,96,93
"598",14,1,97,97,83,96
"599",0,2,97,96,97,94
"600",0,1,98,97,98,96
"601",9,0,97,97,88,97
"602",7,0,98,99,91,99
"603",0,16,98,98,98,82
"604",5,0,99,100,94,100
"605",0,0,98,99,98,99
"606",4,7,99,98,95,91
"607",0,6,99,99,99,93
"608",0,5,99,100,99,95
"609",0,0,94,94,94,94
"610",0,6,98,99,98,93
"611",1,11,97,97,96,86
"612",19,0,98,98,79,98
"613",0,0,98,98,98,98
"614",0,3,99,99,99,96
"615",8,3,91,91,83,88
"616",0,0,97,98,97,98
"617",0,4,100,100,100,96
"618",4,24,98,98,94,74
"619",0,6,99,98,99,92
"620",0,0,99,100,99,100
"621",4,4,97,97,93,93
"622",0,0,99,99,99,99
"623",0,1,99,100,99,99
"624",0,11,97,98,97,87
"625",1,0,99,99,98,99
"626",0,3,96,96,96,93
"627",0,0,98,98,98,98
"628",0,18,100,100,100,82
"629",0,0,97,97,97,97
"630",10,6,97,97,87,91
"631",3,18,100,100,97,82
"632",0,0,98,98,98,98
"633",0,0,97,96,97,96
"634",1,0,96,96,95,96
"635",3,9,98,98,95,89
"636",0,3,98,98,98,95
"637",0,4,98,99,98,95
"638",0,0,100,99,100,99
"639",0,0,99,99,99,99
"640",0,0,99,100,99,100
"641",0,4,100,100,100,96
"642",0,1,99,99,99,98
"643",1,0,99,100,98,100
"644",0,15,99,99,99,84
"645",0,0,99,100,99,100
"646",8,28,97,97,89,69
"647",0,0,99,99,99,99
"648",3,16,94,95,91,79
"649",2,0,98,98,96,98
"650",5,1,96,97,91,96
"651",0,2,98,97,98,95
"652",0,0,99,100,99,100
"653",2,10,100,100,98,90
"654",0,0,96,97,96,97
"655",0,0,97,97,97,97
"656",0,5,94,94,94,89
"657",0,0,100,100,100,100
"658",0,0,98,99,98,99
"659",5,6,99,99,94,93
"660",0,0,99,99,99,99
"661",2,1,96,96,94,95
"662",0,5,98,98,98,93
"663",0,0,98,98,98,98
"664",1,0,97,96,96,96
"665",3,4,98,98,95,94
"666",0,0,100,100,100,100
"667",2,0,96,96,94,96
"668",0,1,98,97,98,96
"669",0,0,98,99,98,99
"670",0,0,95,95,95,95
"671",4,1,98,98,94,97
"672",0,0,97,97,97,97
"673",0,3,98,98,98,95
"674",0,6,98,98,98,92
"675",0,1,98,99,98,98
"676",0,0,98,98,98,98
"677",11,17,96,96,85,79
"678",13,0,98,98,85,98
"679",0,0,97,96,97,96
"680",0,0,98,99,98,99
"681",36,2,99,99,63,97
"682",0,0,96,96,96,96
"683",0,0,100,99,100,99
"684",0,4,95,95,95,91
"685",2,0,100,100,98,100
"686",0,0,100,99,100,99
"687",0,3,95,96,95,93
"688",7,3,98,98,91,95
"689",0,0,96,98,96,98
"690",1,0,100,100,99,100
"691",0,0,95,96,95,96
"692",0,20,98,98,98,78
"693",0,1,99,98,99,97
"694",1,1,97,98,96,97
"695",2,3,99,99,97,96
"696",1,0,96,94,95,94
"697",0,0,97,96,97,96
"698",0,0,99,99,99,99
"699",1,4,99,99,98,95
"700",0,2,98,98,98,96
"701",0,5,97,98,97,93
"702",0,2,98,97,98,95
"703",5,21,99,99,94,78
"704",0,2,99,98,99,96
"705",0,3,97,97,97,94
"706",5,1,96,97,91,96
"707",1,4,97,97,96,93
"708",0,0,99,98,99,98
"709",13,1,98,99,85,98
"710",0,0,96,96,96,96
"711",0,9,100,100,100,91
"712",0,2,97,97,97,95
"713",0,0,98,98,98,98
"714",3,0,99,99,96,99
"715",0,0,99,98,99,98
"716",0,1,100,100,100,99
"717",7,10,98,98,91,88
"718",0,0,99,100,99,100
"719",0,0,99,99,99,99
"720",0,0,95,94,95,94
"721",10,0,98,98,88,98
"722",0,4,96,95,96,91
"723",0,1,98,98,98,97
"724",0,2,100,100,100,98
"725",21,17,99,98,78,81
"726",2,6,99,99,97,93
"727",0,0,98,98,98,98
"728",5,6,99,99,94,93
"729",0,0,97,97,97,97
"730",0,0,95,95,95,95
"731",2,2,100,100,98,98
"732",0,4,99,99,99,95
"733",3,0,98,98,95,98
"734",2,0,98,97,96,97
"735",5,5,100,99,95,94
"736",0,0,100,100,100,100
"737",0,0,98,98,98,98
"738",0,0,97,97,97,97
"739",3,1,97,98,94,97
"740",0,0,98,99,98,99
"741",0,3,97,97,97,94
"742",0,0,99,99,99,99
"743",0,0,98,97,98,97
"744",0,7,99,98,99,91
"745",0,13,97,97,97,84
"746",0,0,100,100,100,100
"747",0,0,99,100,99,100
"748",0,0,98,97,98,97
"749",7,6,97,98,90,92
"750",0,8,100,100,100,92
"751",0,0,94,95,94,95
"752",0,0,96,97,96,97
"753",1,9,98,99,97,90
"754",0,0,97,97,97,97
"755",3,3,93,93,90,90
"756",3,3,97,97,94,94
"757",2,9,94,94,92,85
"758",0,3,98,98,98,95
"759",0,7,98,97,98,90
"760",0,14,97,97,97,83
"761",2,0,99,98,97,98
"762",3,8,100,100,97,92
"763",1,5,100,100,99,95
"764",2,23,97,97,95,74
"765",6,1,97,97,91,96
"766",1,5,98,98,97,93
"767",0,0,97,97,97,97
"768",0,0,100,100,100,100
"769",0,0,95,96,95,96
"770",3,1,98,97,95,96
"771",0,1,99,100,99,99
"772",2,6,99,99,97,93
"773",11,16,98,98,87,82
"774",1,10,96,96,95,86
"775",2,0,99,99,97,99
"776",1,0,99,99,98,99
"777",2,0,98,98,96,98
"778",13,1,99,99,86,98
"779",4,0,98,98,94,98
"780",23,2,98,98,75,96
"781",0,0,98,97,98,97
"782",0,1,100,100,100,99
"783",0,1,94,94,94,93
"784",0,0,98,97,98,97
"785",0,0,99,98,99,98
"786",0,14,99,100,99,86
"787",0,1,100,100,100,99
"788",0,0,94,93,94,93
"789",0,0,97,97,97,97
"790",0,7,96,95,96,88
"791",0,3,97,97,97,94
"792",1,0,98,98,97,98
"793",2,0,98,97,96,97
"794",2,6,99,98,97,92
"795",2,0,97,97,95,97
"796",0,0,99,99,99,99
"797",0,5,99,100,99,95
"798",4,5,97,98,93,93
"799",0,7,99,99,99,92
"800",0,0,99,100,99,100
"801",16,2,99,99,83,97
"802",1,0,100,99,99,99
"803",0,0,98,98,98,98
"804",0,8,99,98,99,90
"805",0,0,99,99,99,99
"806",1,1,100,99,99,98
"807",0,1,98,99,98,98
"808",15,4,99,99,84,95
"809",7,3,95,96,88,93
"810",0,0,98,98,98,98
"811",0,5,96,96,96,91
"812",0,0,96,97,96,97
"813",0,0,97,97,97,97
"814",2,10,100,99,98,89
"815",0,12,98,98,98,86
"816",6,0,98,97,92,97
"817",0,0,99,98,99,98
"818",0,0,99,100,99,100
"819",0,1,100,100,100,99
"820",0,5,96,96,96,91
"821",0,1,100,100,100,99
"822",0,3,95,96,95,93
"823",4,0,99,99,95,99
"824",0,1,97,98,97,97
"825",0,0,99,99,99,99
"826",0,0,96,97,96,97
"827",0,0,96,96,96,96
"828",0,0,99,99,99,99
"829",0,12,97,96,97,84
"830",0,0,98,98,98,98
"831",0,0,97,98,97,98
"832",10,11,99,100,89,89
"833",0,1,99,99,99,98
"834",0,7,97,96,97,89
"835",0,0,97,97,97,97
"836",0,10,99,99,99,89
"837",5,5,98,97,93,92
"838",0,0,96,96,96,96
"839",0,3,99,98,99,95
"840",0,2,99,99,99,97
"841",0,2,100,99,100,97
"842",0,0,99,99,99,99
"843",0,1,99,99,99,98
"844",0,1,98,98,98,97
"845",0,0,100,100,100,100
"846",10,14,99,99,89,85
"847",12,0,98,99,86,99
"848",1,8,99,99,98,91
"849",1,5,96,97,95,92
"850",0,7,97,97,97,90
"851",8,4,97,97,89,93
"852",2,13,98,97,96,84
"853",0,2,96,95,96,93
"854",0,0,100,98,100,98
"855",0,0,98,98,98,98
"856",1,1,99,99,98,98
"857",0,3,100,100,100,97
"858",23,5,99,99,76,94
"859",0,0,98,98,98,98
"860",0,0,98,98,98,98
"861",11,2,98,98,87,96
"862",0,0,97,97,97,97
"863",0,0,97,97,97,97
"864",0,0,99,100,99,100
"865",1,0,100,100,99,100
"866",0,0,95,96,95,96
"867",0,0,95,95,95,95
"868",0,2,98,98,98,96
"869",0,1,99,99,99,98
"870",2,0,99,99,97,99
"871",0,1,98,99,98,98
"872",0,6,98,98,98,92
"873",0,7,96,95,96,88
"874",1,4,98,98,97,94
"875",0,7,98,98,98,91
"876",1,0,98,98,97,98
"877",0,0,98,98,98,98
"878",0,2,100,100,100,98
"879",15,0,98,98,83,98
"880",0,13,97,96,97,83
"881",0,1,97,98,97,97
"882",0,0,96,95,96,95
"883",0,3,94,95,94,92
"884",0,2,97,97,97,95
"885",0,1,99,100,99,99
"886",0,0,98,98,98,98
"887",5,2,99,100,94,98
"888",0,0,98,99,98,99
"889",0,1,100,99,100,98
"890",0,0,99,99,99,99
"891",0,0,98,98,98,98
"892",0,0,98,99,98,99
"893",0,0,99,99,99,99
"894",0,2,100,100,100,98
"895",7,0,99,99,92,99
"896",34,0,99,99,65,99
"897",6,2,98,98,92,96
"898",6,4,99,98,93,94
"899",0,6,100,100,100,94
"900",0,0,100,100,100,100
"901",1,0,99,100,98,100
"902",1,1,99,99,98,98
"903",8,2,100,100,92,98
"904",0,4,98,98,98,94
"905",0,20,95,96,95,76
"906",0,3,98,96,98,93
"907",2,0,99,99,97,99
"908",1,8,98,97,97,89
"909",0,0,96,96,96,96
"910",0,0,96,97,96,97
"911",0,0,97,97,97,97
"912",10,1,94,94,84,93
"913",0,0,97,97,97,97
"914",2,17,99,99,97,82
"915",0,0,97,97,97,97
"916",1,0,98,98,97,98
"917",2,8,97,97,95,89
"918",0,5,98,98,98,93
"919",0,0,98,98,98,98
"920",0,0,97,98,97,98
"921",1,0,100,100,99,100
"922",2,2,98,98,96,96
"923",1,5,97,98,96,93
"924",0,2,97,98,97,96
"925",0,14,99,98,99,84
"926",0,1,94,94,94,93
"927",0,0,100,100,100,100
"928",2,3,95,96,93,93
"929",2,2,98,97,96,95
"930",13,10,94,95,81,85
"931",8,2,94,93,86,91
"932",1,0,99,98,98,98
"933",0,0,99,99,99,99
"934",6,5,99,98,93,93
"935",0,0,98,98,98,98
"936",0,0,96,96,96,96
"937",3,1,97,97,94,96
"938",5,1,95,95,90,94
"939",12,12,98,98,86,86
"940",0,0,96,96,96,96
"941",1,1,97,97,96,96
"942",0,0,98,99,98,99
"943",0,2,95,96,95,94
"944",0,3,100,100,100,97
"945",0,1,99,99,99,98
"946",3,3,98,98,95,95
"947",0,0,99,98,99,98
"948",0,2,100,100,100,98
"949",0,0,100,100,100,100
"950",0,5,98,97,98,92
"951",0,0,97,97,97,97
"952",9,0,98,99,89,99
"953",0,0,98,98,98,98
"954",3,0,100,100,97,100
"955",0,1,99,99,99,98
"956",0,0,97,97,97,97
"957",0,1,99,99,99,98
"958",11,0,99,99,88,99
"959",1,0,94,94,93,94
"960",1,2,98,98,97,96
"961",0,1,96,97,96,96
"962",4,1,98,98,94,97
"963",1,0,98,98,97,98
"964",0,0,97,97,97,97
"965",10,0,96,94,86,94
"966",0,1,98,97,98,96
"967",0,2,97,97,97,95
"968",42,1,100,100,58,99
"969",0,0,99,99,99,99
"970",0,0,99,98,99,98
"971",0,0,98,98,98,98
"972",0,1,98,98,98,97
"973",0,4,99,99,99,95
"974",3,1,99,99,96,98
"975",0,4,100,99,100,95
"976",2,0,95,93,93,93
"977",0,1,94,94,94,93
"978",0,1,98,98,98,97
"979",1,6,99,99,98,93
"980",3,8,100,100,97,92
"981",12,6,99,99,87,93
"982",0,1,98,98,98,97
"983",0,0,98,99,98,99
"984",0,0,97,97,97,97
"985",2,5,99,99,97,94
"986",0,0,99,100,99,100
"987",0,0,97,98,97,98
"988",11,0,97,97,86,97
"989",0,1,98,98,98,97
"990",3,14,98,98,95,84
"991",0,1,97,97,97,96
"992",0,5,97,98,97,93
"993",1,2,96,97,95,95
"994",0,3,97,98,97,95
"995",0,0,99,100,99,100
"996",0,1,99,98,99,97
"997",0,5,98,98,98,93
"998",0,0,97,98,97,98
"999",15,0,100,100,85,100
"1000",0,1,96,95,96,94
