"","Correct_model_perc_eucledian","Correct_model_perc_mahalanovis","Null_model_perc_eucledian","Null_model_perc_mahalanovis","Percentage_difference_eucledian","Percentage_difference_mahalanovis"
"1",12,14,97,97,85,83
"2",0,0,99,99,99,99
"3",0,2,100,100,100,98
"4",12,5,100,100,88,95
"5",0,0,100,100,100,100
"6",0,2,100,100,100,98
"7",1,0,99,99,98,99
"8",0,0,98,98,98,98
"9",1,15,99,99,98,84
"10",5,3,100,100,95,97
"11",0,0,100,100,100,100
"12",0,1,99,99,99,98
"13",4,7,100,100,96,93
"14",0,0,100,100,100,100
"15",0,12,100,100,100,88
"16",0,0,100,100,100,100
"17",0,1,100,100,100,99
"18",2,2,100,100,98,98
"19",7,5,100,100,93,95
"20",0,4,99,99,99,95
"21",1,1,99,99,98,98
"22",0,1,100,100,100,99
"23",0,9,100,100,100,91
"24",8,20,100,100,92,80
"25",0,0,100,100,100,100
"26",0,19,100,100,100,81
"27",0,0,100,100,100,100
"28",1,9,100,100,99,91
"29",8,0,100,100,92,100
"30",23,0,99,99,76,99
"31",0,1,100,100,100,99
"32",5,12,100,100,95,88
"33",3,0,100,100,97,100
"34",14,0,100,100,86,100
"35",0,18,99,99,99,81
"36",0,3,100,100,100,97
"37",20,3,99,99,79,96
"38",1,3,100,100,99,97
"39",0,1,98,98,98,97
"40",7,1,100,100,93,99
"41",37,15,100,100,63,85
"42",17,1,100,100,83,99
"43",0,12,98,98,98,86
"44",1,1,98,98,97,97
"45",2,1,100,100,98,99
"46",1,9,99,99,98,90
"47",1,2,99,99,98,97
"48",33,5,100,100,67,95
"49",0,1,100,100,100,99
"50",1,10,100,100,99,90
"51",3,2,99,99,96,97
"52",5,0,100,100,95,100
"53",7,4,100,100,93,96
"54",4,12,99,99,95,87
"55",15,0,100,100,85,100
"56",0,0,98,99,98,99
"57",0,0,100,100,100,100
"58",0,0,99,99,99,99
"59",0,0,99,99,99,99
"60",1,0,100,100,99,100
"61",12,0,99,99,87,99
"62",0,2,100,100,100,98
"63",0,0,100,100,100,100
"64",0,6,99,99,99,93
"65",0,1,100,100,100,99
"66",13,30,100,100,87,70
"67",1,7,99,99,98,92
"68",0,14,100,100,100,86
"69",0,0,100,100,100,100
"70",0,1,100,100,100,99
"71",6,20,99,99,93,79
"72",0,0,99,99,99,99
"73",0,7,97,97,97,90
"74",0,0,100,100,100,100
"75",9,2,100,100,91,98
"76",0,2,100,100,100,98
"77",0,2,100,100,100,98
"78",0,0,99,99,99,99
"79",5,0,99,99,94,99
"80",16,0,100,100,84,100
"81",3,12,99,99,96,87
"82",0,0,99,99,99,99
"83",0,2,100,100,100,98
"84",0,6,100,100,100,94
"85",19,6,100,100,81,94
"86",0,0,100,100,100,100
"87",1,14,99,99,98,85
"88",34,2,98,98,64,96
"89",1,0,98,98,97,98
"90",11,13,100,100,89,87
"91",0,0,99,99,99,99
"92",0,1,98,98,98,97
"93",5,7,100,100,95,93
"94",0,2,100,100,100,98
"95",2,0,99,99,97,99
"96",0,1,99,99,99,98
"97",0,3,100,100,100,97
"98",0,2,99,99,99,97
"99",1,0,100,100,99,100
"100",0,0,99,99,99,99
"101",1,7,100,100,99,93
"102",3,5,99,99,96,94
"103",0,1,99,99,99,98
"104",3,2,100,100,97,98
"105",0,1,100,100,100,99
"106",1,0,99,99,98,99
"107",0,2,100,100,100,98
"108",1,3,99,99,98,96
"109",0,0,100,100,100,100
"110",4,2,97,97,93,95
"111",12,0,100,100,88,100
"112",0,4,100,100,100,96
"113",6,6,99,99,93,93
"114",0,6,100,100,100,94
"115",1,1,99,99,98,98
"116",0,2,99,99,99,97
"117",1,9,99,99,98,90
"118",1,0,100,100,99,100
"119",0,0,99,99,99,99
"120",0,10,100,100,100,90
"121",7,0,99,99,92,99
"122",0,0,98,98,98,98
"123",1,4,99,99,98,95
"124",4,1,100,100,96,99
"125",0,20,100,100,100,80
"126",3,5,100,100,97,95
"127",5,0,100,100,95,100
"128",0,3,100,100,100,97
"129",16,1,100,100,84,99
"130",3,4,100,100,97,96
"131",1,4,100,100,99,96
"132",65,0,100,100,35,100
"133",29,0,100,100,71,100
"134",12,15,100,100,88,85
"135",0,10,100,100,100,90
"136",7,0,100,100,93,100
"137",10,1,100,100,90,99
"138",0,4,100,100,100,96
"139",6,16,100,100,94,84
"140",0,3,100,99,100,96
"141",0,5,99,99,99,94
"142",6,11,98,98,92,87
"143",4,0,100,100,96,100
"144",0,7,100,100,100,93
"145",0,0,100,100,100,100
"146",7,11,100,100,93,89
"147",0,7,100,100,100,93
"148",0,1,100,100,100,99
"149",0,2,100,100,100,98
"150",1,0,100,100,99,100
"151",0,8,100,100,100,92
"152",9,4,100,100,91,96
"153",0,3,99,99,99,96
"154",0,3,100,100,100,97
"155",0,4,100,100,100,96
"156",3,5,100,100,97,95
"157",1,0,100,100,99,100
"158",0,8,100,100,100,92
"159",0,0,100,100,100,100
"160",0,4,100,100,100,96
"161",4,5,99,99,95,94
"162",2,11,98,98,96,87
"163",1,9,100,100,99,91
"164",0,3,100,100,100,97
"165",5,1,99,99,94,98
"166",0,0,100,100,100,100
"167",1,3,100,100,99,97
"168",10,2,100,100,90,98
"169",2,4,100,100,98,96
"170",0,0,99,99,99,99
"171",0,4,100,100,100,96
"172",0,0,99,99,99,99
"173",0,9,100,100,100,91
"174",0,0,100,100,100,100
"175",0,2,99,99,99,97
"176",0,0,100,100,100,100
"177",1,1,100,100,99,99
"178",6,2,100,100,94,98
"179",4,1,100,100,96,99
"180",0,8,100,100,100,92
"181",0,3,100,100,100,97
"182",0,0,99,99,99,99
"183",1,1,100,100,99,99
"184",0,0,100,100,100,100
"185",7,3,100,100,93,97
"186",0,0,100,100,100,100
"187",0,1,99,99,99,98
"188",0,1,100,100,100,99
"189",0,3,99,99,99,96
"190",0,4,99,99,99,95
"191",3,5,100,100,97,95
"192",25,42,100,100,75,58
"193",0,1,99,99,99,98
"194",1,8,99,99,98,91
"195",0,17,98,98,98,81
"196",9,13,99,99,90,86
"197",0,0,99,99,99,99
"198",24,11,99,99,75,88
"199",0,1,99,99,99,98
"200",0,1,100,100,100,99
"201",0,0,100,100,100,100
"202",0,2,97,97,97,95
"203",0,0,100,100,100,100
"204",1,4,100,100,99,96
"205",0,5,99,99,99,94
"206",0,0,99,99,99,99
"207",0,1,100,100,100,99
"208",13,12,100,100,87,88
"209",0,10,97,97,97,87
"210",4,1,99,99,95,98
"211",4,5,98,98,94,93
"212",0,1,100,100,100,99
"213",34,7,100,100,66,93
"214",0,0,100,100,100,100
"215",2,4,100,100,98,96
"216",0,1,100,100,100,99
"217",31,9,98,98,67,89
"218",2,6,100,100,98,94
"219",0,2,100,100,100,98
"220",0,2,98,98,98,96
"221",0,1,100,100,100,99
"222",1,0,100,100,99,100
"223",7,4,100,100,93,96
"224",3,0,100,100,97,100
"225",0,2,100,100,100,98
"226",0,0,98,98,98,98
"227",3,3,99,99,96,96
"228",0,0,99,99,99,99
"229",0,0,100,100,100,100
"230",0,8,100,100,100,92
"231",2,2,100,100,98,98
"232",0,0,100,100,100,100
"233",6,12,100,100,94,88
"234",0,0,100,100,100,100
"235",0,0,100,100,100,100
"236",11,1,99,99,88,98
"237",3,1,100,100,97,99
"238",10,0,99,99,89,99
"239",2,1,100,100,98,99
"240",0,8,97,97,97,89
"241",2,2,100,100,98,98
"242",0,1,100,100,100,99
"243",1,3,100,100,99,97
"244",17,6,98,98,81,92
"245",24,29,100,100,76,71
"246",0,0,98,99,98,99
"247",0,0,100,100,100,100
"248",8,3,100,100,92,97
"249",0,0,100,100,100,100
"250",0,4,97,97,97,93
"251",0,1,99,99,99,98
"252",1,0,100,100,99,100
"253",2,0,100,100,98,100
"254",0,1,100,100,100,99
"255",0,6,99,99,99,93
"256",1,1,97,97,96,96
"257",0,0,99,99,99,99
"258",21,0,100,100,79,100
"259",0,0,98,98,98,98
"260",0,1,99,99,99,98
"261",0,3,99,99,99,96
"262",0,11,99,99,99,88
"263",1,0,100,100,99,100
"264",14,10,100,100,86,90
"265",3,1,100,100,97,99
"266",0,2,97,97,97,95
"267",0,1,99,99,99,98
"268",11,6,100,100,89,94
"269",8,10,99,99,91,89
"270",9,1,99,99,90,98
"271",0,0,99,99,99,99
"272",13,5,99,99,86,94
"273",3,0,99,99,96,99
"274",0,0,99,99,99,99
"275",0,1,100,100,100,99
"276",1,3,98,98,97,95
"277",0,4,100,100,100,96
"278",0,5,99,99,99,94
"279",32,17,100,100,68,83
"280",1,19,100,100,99,81
"281",2,0,100,100,98,100
"282",7,20,100,100,93,80
"283",4,7,99,99,95,92
"284",27,36,100,100,73,64
"285",0,1,100,100,100,99
"286",0,0,100,100,100,100
"287",0,13,100,100,100,87
"288",0,0,100,100,100,100
"289",0,0,100,100,100,100
"290",0,2,100,100,100,98
"291",0,0,99,99,99,99
"292",0,0,100,100,100,100
"293",0,1,100,100,100,99
"294",25,4,100,100,75,96
"295",0,2,100,100,100,98
"296",0,0,100,100,100,100
"297",6,6,100,100,94,94
"298",1,6,99,99,98,93
"299",0,0,100,100,100,100
"300",5,3,99,99,94,96
"301",13,8,99,99,86,91
"302",0,0,100,100,100,100
"303",9,10,99,99,90,89
"304",8,21,99,99,91,78
"305",14,7,100,100,86,93
"306",51,1,100,100,49,99
"307",0,0,100,100,100,100
"308",6,10,99,99,93,89
"309",3,4,99,99,96,95
"310",0,1,99,99,99,98
"311",14,26,99,99,85,73
"312",0,0,100,100,100,100
"313",13,6,100,100,87,94
"314",37,26,100,100,63,74
"315",1,0,100,100,99,100
"316",29,1,100,100,71,99
"317",1,1,100,100,99,99
"318",5,1,100,100,95,99
"319",4,13,100,100,96,87
"320",0,0,99,99,99,99
"321",3,1,100,100,97,99
"322",0,0,97,99,97,99
"323",1,0,99,99,98,99
"324",13,1,99,99,86,98
"325",0,0,100,100,100,100
"326",0,0,100,100,100,100
"327",0,2,99,99,99,97
"328",4,0,100,100,96,100
"329",25,5,100,100,75,95
"330",8,14,100,100,92,86
"331",0,3,99,99,99,96
"332",1,21,100,100,99,79
"333",0,20,99,99,99,79
"334",2,0,99,99,97,99
"335",1,1,100,100,99,99
"336",1,5,100,100,99,95
"337",0,22,100,100,100,78
"338",2,0,99,99,97,99
"339",0,0,100,100,100,100
"340",12,7,100,100,88,93
"341",1,17,100,100,99,83
"342",0,11,100,100,100,89
"343",4,0,99,99,95,99
"344",6,8,100,100,94,92
"345",0,7,100,100,100,93
"346",6,3,100,100,94,97
"347",0,1,99,99,99,98
"348",0,0,99,99,99,99
"349",0,0,100,100,100,100
"350",10,6,99,99,89,93
"351",0,0,99,99,99,99
"352",0,0,100,100,100,100
"353",2,0,100,100,98,100
"354",7,5,99,99,92,94
"355",0,0,99,99,99,99
"356",6,6,100,100,94,94
"357",12,5,100,100,88,95
"358",2,1,100,100,98,99
"359",0,10,100,100,100,90
"360",33,5,100,100,67,95
"361",0,0,100,100,100,100
"362",0,0,100,100,100,100
"363",0,2,100,100,100,98
"364",3,5,100,100,97,95
"365",0,0,100,100,100,100
"366",0,6,100,100,100,94
"367",3,3,99,99,96,96
"368",1,0,100,100,99,100
"369",0,0,100,100,100,100
"370",2,7,100,100,98,93
"371",2,36,99,99,97,63
"372",14,0,98,98,84,98
"373",0,6,100,100,100,94
"374",0,1,99,99,99,98
"375",0,1,99,99,99,98
"376",0,3,100,100,100,97
"377",1,34,100,100,99,66
"378",7,13,100,100,93,87
"379",5,20,99,99,94,79
"380",0,0,99,99,99,99
"381",7,3,100,100,93,97
"382",1,0,100,100,99,100
"383",0,0,99,99,99,99
"384",7,12,97,97,90,85
"385",0,1,98,98,98,97
"386",0,0,100,100,100,100
"387",2,0,100,100,98,100
"388",5,33,100,100,95,67
"389",0,9,100,100,100,91
"390",0,7,100,100,100,93
"391",30,24,98,98,68,74
"392",0,3,100,100,100,97
"393",1,16,99,99,98,83
"394",0,8,99,99,99,91
"395",0,2,99,99,99,97
"396",27,0,100,100,73,100
"397",2,2,100,100,98,98
"398",8,7,100,100,92,93
"399",6,1,100,100,94,99
"400",18,8,100,100,82,92
"401",0,0,100,100,100,100
"402",0,0,100,100,100,100
"403",1,3,95,95,94,92
"404",1,0,100,100,99,100
"405",0,6,100,100,100,94
"406",3,1,99,99,96,98
"407",0,3,98,97,98,94
"408",0,13,99,99,99,86
"409",0,1,99,99,99,98
"410",5,1,100,100,95,99
"411",0,0,100,100,100,100
"412",2,1,98,98,96,97
"413",0,3,99,99,99,96
"414",0,0,100,100,100,100
"415",1,0,99,99,98,99
"416",1,2,98,98,97,96
"417",1,11,100,100,99,89
"418",0,0,100,100,100,100
"419",2,26,100,100,98,74
"420",32,2,100,100,68,98
"421",0,2,99,99,99,97
"422",15,17,100,100,85,83
"423",17,25,100,100,83,75
"424",0,0,99,99,99,99
"425",5,14,99,99,94,85
"426",26,3,100,100,74,97
"427",2,2,100,100,98,98
"428",0,3,100,100,100,97
"429",1,3,100,100,99,97
"430",13,0,98,98,85,98
"431",5,10,98,98,93,88
"432",0,8,100,100,100,92
"433",0,0,99,99,99,99
"434",23,21,100,100,77,79
"435",0,0,99,99,99,99
"436",2,9,100,100,98,91
"437",9,0,100,100,91,100
"438",1,1,99,99,98,98
"439",4,0,100,100,96,100
"440",6,2,99,99,93,97
"441",0,0,100,100,100,100
"442",0,7,100,100,100,93
"443",0,0,99,99,99,99
"444",0,0,100,100,100,100
"445",0,0,100,100,100,100
"446",1,6,100,100,99,94
"447",0,3,100,100,100,97
"448",0,0,100,100,100,100
"449",0,0,99,99,99,99
"450",19,5,100,100,81,95
"451",0,6,99,99,99,93
"452",1,0,100,100,99,100
"453",2,3,99,99,97,96
"454",15,10,100,100,85,90
"455",0,5,98,98,98,93
"456",2,1,100,100,98,99
"457",3,4,100,100,97,96
"458",0,0,98,98,98,98
"459",0,0,100,100,100,100
"460",0,0,97,97,97,97
"461",3,18,100,100,97,82
"462",2,2,100,100,98,98
"463",1,1,100,100,99,99
"464",0,4,100,100,100,96
"465",0,0,98,98,98,98
"466",1,3,100,100,99,97
"467",0,0,99,99,99,99
"468",21,4,100,100,79,96
"469",1,4,99,99,98,95
"470",5,1,100,100,95,99
"471",6,1,100,100,94,99
"472",0,6,100,100,100,94
"473",1,2,100,100,99,98
"474",5,25,99,99,94,74
"475",0,2,100,100,100,98
"476",0,6,99,99,99,93
"477",0,0,100,100,100,100
"478",1,4,99,99,98,95
"479",1,4,99,99,98,95
"480",3,39,98,98,95,59
"481",4,10,99,99,95,89
"482",25,0,100,100,75,100
"483",15,0,100,100,85,100
"484",5,0,97,97,92,97
"485",12,9,100,100,88,91
"486",0,0,100,100,100,100
"487",0,0,100,100,100,100
"488",0,1,100,100,100,99
"489",9,7,99,99,90,92
"490",32,1,99,99,67,98
"491",0,0,100,100,100,100
"492",0,0,100,100,100,100
"493",14,3,100,100,86,97
"494",3,0,100,100,97,100
"495",0,8,99,99,99,91
"496",3,1,100,100,97,99
"497",0,0,100,100,100,100
"498",7,2,100,100,93,98
"499",0,0,100,100,100,100
"500",1,1,100,100,99,99
"501",2,0,100,100,98,100
"502",2,0,98,99,96,99
"503",0,8,100,100,100,92
"504",19,2,100,100,81,98
"505",1,0,100,100,99,100
"506",0,5,100,100,100,95
"507",0,2,100,100,100,98
"508",0,4,98,98,98,94
"509",0,1,100,100,100,99
"510",0,0,100,100,100,100
"511",21,5,100,100,79,95
"512",0,0,100,100,100,100
"513",0,1,99,99,99,98
"514",9,0,100,100,91,100
"515",8,20,98,98,90,78
"516",0,0,99,99,99,99
"517",0,1,99,99,99,98
"518",0,2,100,100,100,98
"519",0,4,100,100,100,96
"520",7,13,99,99,92,86
"521",0,0,100,100,100,100
"522",35,24,99,99,64,75
"523",6,2,100,100,94,98
"524",0,1,100,100,100,99
"525",15,18,99,99,84,81
"526",0,0,100,100,100,100
"527",6,1,100,100,94,99
"528",3,1,100,100,97,99
"529",7,12,100,100,93,88
"530",4,0,100,100,96,100
"531",16,0,100,100,84,100
"532",1,11,100,100,99,89
"533",16,0,100,100,84,100
"534",2,23,100,100,98,77
"535",1,0,99,99,98,99
"536",1,1,100,100,99,99
"537",0,0,99,99,99,99
"538",0,0,100,100,100,100
"539",1,0,98,98,97,98
"540",15,8,100,100,85,92
"541",5,15,100,100,95,85
"542",0,0,100,100,100,100
"543",30,0,100,100,70,100
"544",6,3,100,100,94,97
"545",4,1,99,99,95,98
"546",0,7,99,99,99,92
"547",0,1,98,98,98,97
"548",3,4,100,100,97,96
"549",17,14,100,100,83,86
"550",3,2,100,100,97,98
"551",0,3,100,100,100,97
"552",6,11,99,99,93,88
"553",29,0,100,100,71,100
"554",4,15,100,100,96,85
"555",5,16,98,99,93,83
"556",1,5,100,100,99,95
"557",0,10,100,100,100,90
"558",9,5,100,100,91,95
"559",5,8,100,100,95,92
"560",0,9,100,100,100,91
"561",6,14,99,99,93,85
"562",27,1,99,99,72,98
"563",10,15,100,100,90,85
"564",0,2,98,98,98,96
"565",1,0,95,95,94,95
"566",0,0,100,100,100,100
"567",28,13,100,100,72,87
"568",2,2,100,100,98,98
"569",0,0,100,100,100,100
"570",5,0,100,100,95,100
"571",0,2,100,100,100,98
"572",0,2,100,100,100,98
"573",0,1,99,99,99,98
"574",4,2,100,100,96,98
"575",7,0,99,99,92,99
"576",9,13,98,98,89,85
"577",0,2,99,99,99,97
"578",0,4,99,99,99,95
"579",2,0,100,100,98,100
"580",24,2,100,100,76,98
"581",9,7,100,100,91,93
"582",0,1,100,100,100,99
"583",0,0,100,100,100,100
"584",1,11,100,100,99,89
"585",0,7,99,98,99,91
"586",3,1,100,100,97,99
"587",2,0,100,100,98,100
"588",0,3,99,99,99,96
"589",0,9,100,100,100,91
"590",2,7,100,100,98,93
"591",0,0,99,99,99,99
"592",1,3,100,100,99,97
"593",1,5,100,100,99,95
"594",1,15,100,100,99,85
"595",9,1,99,99,90,98
"596",5,8,99,99,94,91
"597",2,3,100,100,98,97
"598",0,1,100,100,100,99
"599",1,4,100,100,99,96
"600",2,0,100,100,98,100
"601",0,0,100,100,100,100
"602",10,9,100,100,90,91
"603",0,2,99,99,99,97
"604",2,4,100,100,98,96
"605",0,1,99,99,99,98
"606",0,0,100,100,100,100
"607",1,3,100,100,99,97
"608",9,21,98,98,89,77
"609",0,0,100,100,100,100
"610",0,0,100,100,100,100
"611",19,5,100,100,81,95
"612",0,25,100,100,100,75
"613",0,5,100,100,100,95
"614",0,0,99,99,99,99
"615",0,0,99,99,99,99
"616",3,42,100,100,97,58
"617",4,2,98,98,94,96
"618",2,0,100,100,98,100
"619",4,2,99,99,95,97
"620",25,5,98,98,73,93
"621",0,0,100,100,100,100
"622",0,0,100,100,100,100
"623",0,0,100,100,100,100
"624",3,0,99,99,96,99
"625",0,0,99,99,99,99
"626",0,4,99,98,99,94
"627",0,0,99,99,99,99
"628",0,1,98,98,98,97
"629",0,0,99,99,99,99
"630",10,5,100,100,90,95
"631",6,0,100,100,94,100
"632",26,34,100,100,74,66
"633",3,0,99,99,96,99
"634",0,0,100,100,100,100
"635",0,0,100,100,100,100
"636",0,0,100,100,100,100
"637",14,3,99,99,85,96
"638",2,2,100,100,98,98
"639",0,21,100,100,100,79
"640",4,0,100,100,96,100
"641",0,0,99,99,99,99
"642",0,5,99,99,99,94
"643",1,13,99,99,98,86
"644",0,6,99,99,99,93
"645",5,6,99,99,94,93
"646",1,0,99,99,98,99
"647",2,4,99,99,97,95
"648",7,26,100,100,93,74
"649",0,1,100,100,100,99
"650",0,0,99,99,99,99
"651",0,4,100,100,100,96
"652",0,7,100,100,100,93
"653",2,0,99,99,97,99
"654",14,0,99,99,85,99
"655",11,18,100,100,89,82
"656",0,0,99,99,99,99
"657",4,0,100,100,96,100
"658",14,1,99,99,85,98
"659",0,0,100,100,100,100
"660",1,0,100,100,99,100
"661",6,10,100,100,94,90
"662",11,1,99,99,88,98
"663",23,1,100,100,77,99
"664",0,0,100,100,100,100
"665",3,0,100,100,97,100
"666",0,13,100,100,100,87
"667",0,2,100,100,100,98
"668",0,6,99,99,99,93
"669",0,7,100,100,100,93
"670",0,4,99,99,99,95
"671",0,5,99,99,99,94
"672",17,6,99,99,82,93
"673",0,0,100,100,100,100
"674",2,0,99,99,97,99
"675",0,10,100,100,100,90
"676",13,2,100,100,87,98
"677",0,4,100,100,100,96
"678",0,8,99,99,99,91
"679",2,0,100,100,98,100
"680",8,3,100,100,92,97
"681",0,1,100,100,100,99
"682",13,15,100,100,87,85
"683",27,1,100,100,73,99
"684",2,1,99,99,97,98
"685",0,0,99,99,99,99
"686",0,1,99,99,99,98
"687",0,0,99,99,99,99
"688",1,1,100,100,99,99
"689",0,0,98,98,98,98
"690",6,1,100,100,94,99
"691",5,6,100,100,95,94
"692",12,10,99,99,87,89
"693",1,1,100,100,99,99
"694",0,2,100,100,100,98
"695",0,0,100,100,100,100
"696",2,0,97,98,95,98
"697",11,11,100,100,89,89
"698",1,0,100,100,99,100
"699",0,0,99,99,99,99
"700",19,17,98,98,79,81
"701",0,1,100,100,100,99
"702",7,14,100,100,93,86
"703",0,0,97,96,97,96
"704",0,1,99,99,99,98
"705",0,0,100,100,100,100
"706",0,4,100,100,100,96
"707",0,8,98,98,98,90
"708",0,0,98,98,98,98
"709",0,0,99,99,99,99
"710",0,1,99,99,99,98
"711",0,9,100,100,100,91
"712",1,0,100,100,99,100
"713",15,23,97,97,82,74
"714",3,2,99,99,96,97
"715",0,0,100,100,100,100
"716",13,0,100,100,87,100
"717",0,6,100,100,100,94
"718",0,0,100,100,100,100
"719",0,1,100,100,100,99
"720",0,7,100,100,100,93
"721",3,5,100,100,97,95
"722",0,3,99,100,99,97
"723",2,9,100,100,98,91
"724",0,2,99,99,99,97
"725",0,0,100,100,100,100
"726",2,3,100,99,98,96
"727",4,0,97,97,93,97
"728",0,0,100,100,100,100
"729",0,0,100,100,100,100
"730",0,0,98,98,98,98
"731",0,0,99,99,99,99
"732",0,1,99,98,99,97
"733",7,5,100,100,93,95
"734",0,0,100,100,100,100
"735",0,2,98,97,98,95
"736",0,0,100,100,100,100
"737",0,1,99,99,99,98
"738",2,3,99,99,97,96
"739",3,6,100,100,97,94
"740",0,0,99,99,99,99
"741",18,16,100,100,82,84
"742",3,1,100,100,97,99
"743",4,0,99,99,95,99
"744",0,0,100,100,100,100
"745",0,6,98,98,98,92
"746",4,1,99,99,95,98
"747",0,1,100,100,100,99
"748",2,3,100,100,98,97
"749",4,14,100,100,96,86
"750",1,2,100,100,99,98
"751",1,2,99,99,98,97
"752",1,0,100,100,99,100
"753",0,1,98,98,98,97
"754",5,5,97,97,92,92
"755",0,9,99,99,99,90
"756",0,2,100,100,100,98
"757",0,6,100,100,100,94
"758",0,0,99,99,99,99
"759",0,3,100,100,100,97
"760",0,2,100,100,100,98
"761",0,28,100,100,100,72
"762",32,16,99,99,67,83
"763",1,3,99,99,98,96
"764",0,2,97,97,97,95
"765",0,4,100,100,100,96
"766",0,0,100,100,100,100
"767",0,0,100,100,100,100
"768",6,18,100,100,94,82
"769",0,2,99,99,99,97
"770",1,12,100,100,99,88
"771",2,1,100,100,98,99
"772",0,32,99,99,99,67
"773",6,0,99,99,93,99
"774",2,27,100,100,98,73
"775",0,0,99,99,99,99
"776",0,0,99,99,99,99
"777",0,0,100,100,100,100
"778",4,0,99,99,95,99
"779",2,6,99,99,97,93
"780",0,0,98,98,98,98
"781",20,13,99,99,79,86
"782",0,0,99,99,99,99
"783",15,10,99,99,84,89
"784",3,0,100,100,97,100
"785",22,0,100,100,78,100
"786",0,6,99,99,99,93
"787",0,0,100,100,100,100
"788",0,24,100,100,100,76
"789",0,23,99,99,99,76
"790",0,0,100,100,100,100
"791",31,3,100,100,69,97
"792",0,0,100,100,100,100
"793",0,0,100,100,100,100
"794",7,0,100,100,93,100
"795",5,19,100,100,95,81
"796",0,1,99,99,99,98
"797",24,0,99,99,75,99
"798",0,2,100,100,100,98
"799",29,2,100,100,71,98
"800",24,6,100,100,76,94
"801",0,1,100,100,100,99
"802",0,0,100,100,100,100
"803",2,0,100,100,98,100
"804",7,0,99,99,92,99
"805",0,2,100,100,100,98
"806",0,0,99,99,99,99
"807",3,2,100,100,97,98
"808",9,3,100,100,91,97
"809",0,1,99,99,99,98
"810",22,2,100,100,78,98
"811",2,7,99,99,97,92
"812",0,3,100,100,100,97
"813",0,0,100,100,100,100
"814",2,11,100,100,98,89
"815",0,1,99,99,99,98
"816",0,1,99,99,99,98
"817",19,9,99,99,80,90
"818",12,1,99,99,87,98
"819",2,0,100,100,98,100
"820",3,0,98,98,95,98
"821",0,0,100,100,100,100
"822",15,0,99,99,84,99
"823",0,1,98,98,98,97
"824",11,0,99,99,88,99
"825",1,0,99,99,98,99
"826",1,2,99,99,98,97
"827",0,1,100,100,100,99
"828",29,0,100,100,71,100
"829",0,4,98,98,98,94
"830",2,5,99,99,97,94
"831",3,6,100,100,97,94
"832",7,10,99,99,92,89
"833",0,5,100,100,100,95
"834",2,0,99,99,97,99
"835",0,8,98,98,98,90
"836",15,0,100,100,85,100
"837",0,0,100,100,100,100
"838",0,7,99,99,99,92
"839",27,2,100,100,73,98
"840",0,8,98,98,98,90
"841",0,9,98,98,98,89
"842",0,12,100,100,100,88
"843",0,0,100,100,100,100
"844",0,2,100,100,100,98
"845",6,2,100,100,94,98
"846",0,0,100,100,100,100
"847",4,10,99,99,95,89
"848",0,4,100,100,100,96
"849",0,1,100,100,100,99
"850",0,0,100,100,100,100
"851",0,4,100,100,100,96
"852",3,0,99,99,96,99
"853",23,0,100,100,77,100
"854",9,1,100,100,91,99
"855",9,8,100,100,91,92
"856",8,0,100,100,92,100
"857",1,1,100,100,99,99
"858",6,1,99,99,93,98
"859",5,8,100,100,95,92
"860",1,0,100,100,99,100
"861",2,24,99,99,97,75
"862",2,1,99,99,97,98
"863",4,2,100,100,96,98
"864",9,1,100,100,91,99
"865",2,1,99,99,97,98
"866",2,0,98,98,96,98
"867",4,4,100,100,96,96
"868",2,20,100,100,98,80
"869",0,0,100,100,100,100
"870",2,2,99,99,97,97
"871",2,9,100,100,98,91
"872",2,0,99,99,97,99
"873",0,0,100,100,100,100
"874",19,2,100,100,81,98
"875",0,0,100,100,100,100
"876",0,0,100,100,100,100
"877",8,0,99,99,91,99
"878",0,0,99,99,99,99
"879",4,2,95,95,91,93
"880",0,8,100,100,100,92
"881",0,0,99,99,99,99
"882",0,0,99,99,99,99
"883",2,1,97,97,95,96
"884",2,4,100,100,98,96
"885",2,15,97,97,95,82
"886",0,0,100,100,100,100
"887",17,3,100,100,83,97
"888",5,6,98,98,93,92
"889",0,0,96,96,96,96
"890",0,1,100,100,100,99
"891",0,1,100,100,100,99
"892",2,0,98,98,96,98
"893",0,0,100,100,100,100
"894",0,12,100,100,100,88
"895",0,0,98,98,98,98
"896",0,1,100,100,100,99
"897",0,10,100,100,100,90
"898",1,5,99,99,98,94
"899",3,0,100,100,97,100
"900",0,0,100,100,100,100
"901",0,0,100,100,100,100
"902",0,0,100,100,100,100
"903",1,33,100,100,99,67
"904",13,4,100,100,87,96
"905",7,0,100,100,93,100
"906",0,0,100,100,100,100
"907",0,1,99,99,99,98
"908",1,0,100,100,99,100
"909",9,41,100,100,91,59
"910",1,0,100,100,99,100
"911",0,2,100,100,100,98
"912",0,0,99,99,99,99
"913",0,0,99,99,99,99
"914",15,15,100,100,85,85
"915",15,5,99,99,84,94
"916",0,1,99,99,99,98
"917",4,10,99,99,95,89
"918",1,5,100,100,99,95
"919",0,0,100,100,100,100
"920",0,3,100,100,100,97
"921",0,1,100,100,100,99
"922",1,1,100,100,99,99
"923",0,1,99,99,99,98
"924",5,4,100,100,95,96
"925",6,3,99,99,93,96
"926",0,1,100,100,100,99
"927",41,0,98,98,57,98
"928",0,1,100,100,100,99
"929",6,17,100,100,94,83
"930",0,0,99,99,99,99
"931",32,5,99,99,67,94
"932",2,16,100,100,98,84
"933",2,3,100,100,98,97
"934",5,25,99,99,94,74
"935",0,0,100,100,100,100
"936",1,5,100,100,99,95
"937",10,0,99,99,89,99
"938",0,1,98,98,98,97
"939",3,1,100,100,97,99
"940",2,0,98,98,96,98
"941",8,2,100,100,92,98
"942",0,8,100,100,100,92
"943",4,4,100,100,96,96
"944",10,0,99,99,89,99
"945",0,0,100,100,100,100
"946",0,0,100,100,100,100
"947",10,12,100,100,90,88
"948",2,4,100,100,98,96
"949",0,1,100,100,100,99
"950",0,0,100,100,100,100
"951",0,0,100,100,100,100
"952",4,4,100,100,96,96
"953",1,2,100,100,99,98
"954",2,0,100,100,98,100
"955",3,4,100,100,97,96
"956",0,0,99,99,99,99
"957",0,7,100,100,100,93
"958",0,2,98,98,98,96
"959",2,11,98,98,96,87
"960",22,0,98,98,76,98
"961",1,8,100,100,99,92
"962",1,2,100,100,99,98
"963",4,3,100,100,96,97
"964",0,0,98,98,98,98
"965",1,0,100,100,99,100
"966",12,10,100,100,88,90
"967",0,0,100,100,100,100
"968",1,2,100,100,99,98
"969",2,4,99,99,97,95
"970",23,15,100,100,77,85
"971",0,0,100,100,100,100
"972",0,3,100,100,100,97
"973",0,2,100,100,100,98
"974",14,0,100,100,86,100
"975",0,0,98,98,98,98
"976",2,10,100,100,98,90
"977",0,2,100,100,100,98
"978",0,3,100,100,100,97
"979",11,5,99,99,88,94
"980",12,0,99,99,87,99
"981",0,4,100,100,100,96
"982",22,8,100,100,78,92
"983",5,12,100,100,95,88
"984",0,1,100,100,100,99
"985",0,5,100,100,100,95
"986",0,4,97,97,97,93
"987",4,7,100,100,96,93
"988",12,3,100,100,88,97
"989",0,0,99,99,99,99
"990",0,2,99,99,99,97
"991",5,5,99,99,94,94
"992",4,0,100,100,96,100
"993",8,5,100,100,92,95
"994",9,1,99,99,90,98
"995",8,0,100,100,92,100
"996",0,1,100,100,100,99
"997",5,21,100,100,95,79
"998",26,0,97,97,71,97
"999",3,3,100,100,97,97
"1000",7,8,99,99,92,91
